<?xml version="1.0" encoding="UTF-8"?>
<testsuite xmlns:xsi="http://www.w3.org/2001/XMLSchema-instance" xsi:noNamespaceSchemaLocation="https://maven.apache.org/surefire/maven-surefire-plugin/xsd/surefire-test-report-3.0.xsd" version="3.0" name="com.logsystem.test.RaftTest" time="3.271" tests="1" errors="0" skipped="0" failures="0">
  <properties>
    <property name="java.specification.version" value="23"/>
    <property name="sun.jnu.encoding" value="UTF-8"/>
    <property name="java.class.path" value="/Users/kanchan/Desktop/ Y2S2/DS project/DS/target/test-classes:/Users/kanchan/Desktop/ Y2S2/DS project/DS/target/classes:/Users/kanchan/.m2/repository/org/springframework/boot/spring-boot-starter-web/3.2.3/spring-boot-starter-web-3.2.3.jar:/Users/kanchan/.m2/repository/org/springframework/boot/spring-boot-starter/3.2.3/spring-boot-starter-3.2.3.jar:/Users/kanchan/.m2/repository/org/springframework/boot/spring-boot/3.2.3/spring-boot-3.2.3.jar:/Users/kanchan/.m2/repository/org/springframework/boot/spring-boot-autoconfigure/3.2.3/spring-boot-autoconfigure-3.2.3.jar:/Users/kanchan/.m2/repository/org/springframework/boot/spring-boot-starter-logging/3.2.3/spring-boot-starter-logging-3.2.3.jar:/Users/kanchan/.m2/repository/ch/qos/logback/logback-classic/1.4.14/logback-classic-1.4.14.jar:/Users/kanchan/.m2/repository/ch/qos/logback/logback-core/1.4.14/logback-core-1.4.14.jar:/Users/kanchan/.m2/repository/org/apache/logging/log4j/log4j-to-slf4j/2.21.1/log4j-to-slf4j-2.21.1.jar:/Users/kanchan/.m2/repository/org/apache/logging/log4j/log4j-api/2.21.1/log4j-api-2.21.1.jar:/Users/kanchan/.m2/repository/org/slf4j/jul-to-slf4j/2.0.12/jul-to-slf4j-2.0.12.jar:/Users/kanchan/.m2/repository/jakarta/annotation/jakarta.annotation-api/2.1.1/jakarta.annotation-api-2.1.1.jar:/Users/kanchan/.m2/repository/org/yaml/snakeyaml/2.2/snakeyaml-2.2.jar:/Users/kanchan/.m2/repository/org/springframework/boot/spring-boot-starter-json/3.2.3/spring-boot-starter-json-3.2.3.jar:/Users/kanchan/.m2/repository/com/fasterxml/jackson/core/jackson-databind/2.15.4/jackson-databind-2.15.4.jar:/Users/kanchan/.m2/repository/com/fasterxml/jackson/core/jackson-annotations/2.15.4/jackson-annotations-2.15.4.jar:/Users/kanchan/.m2/repository/com/fasterxml/jackson/core/jackson-core/2.15.4/jackson-core-2.15.4.jar:/Users/kanchan/.m2/repository/com/fasterxml/jackson/datatype/jackson-datatype-jdk8/2.15.4/jackson-datatype-jdk8-2.15.4.jar:/Users/kanchan/.m2/repository/com/fasterxml/jackson/datatype/jackson-datatype-jsr310/2.15.4/jackson-datatype-jsr310-2.15.4.jar:/Users/kanchan/.m2/repository/com/fasterxml/jackson/module/jackson-module-parameter-names/2.15.4/jackson-module-parameter-names-2.15.4.jar:/Users/kanchan/.m2/repository/org/springframework/boot/spring-boot-starter-tomcat/3.2.3/spring-boot-starter-tomcat-3.2.3.jar:/Users/kanchan/.m2/repository/org/apache/tomcat/embed/tomcat-embed-core/10.1.19/tomcat-embed-core-10.1.19.jar:/Users/kanchan/.m2/repository/org/apache/tomcat/embed/tomcat-embed-el/10.1.19/tomcat-embed-el-10.1.19.jar:/Users/kanchan/.m2/repository/org/apache/tomcat/embed/tomcat-embed-websocket/10.1.19/tomcat-embed-websocket-10.1.19.jar:/Users/kanchan/.m2/repository/org/springframework/spring-web/6.1.4/spring-web-6.1.4.jar:/Users/kanchan/.m2/repository/org/springframework/spring-beans/6.1.4/spring-beans-6.1.4.jar:/Users/kanchan/.m2/repository/io/micrometer/micrometer-observation/1.12.3/micrometer-observation-1.12.3.jar:/Users/kanchan/.m2/repository/io/micrometer/micrometer-commons/1.12.3/micrometer-commons-1.12.3.jar:/Users/kanchan/.m2/repository/org/springframework/spring-webmvc/6.1.4/spring-webmvc-6.1.4.jar:/Users/kanchan/.m2/repository/org/springframework/spring-aop/6.1.4/spring-aop-6.1.4.jar:/Users/kanchan/.m2/repository/org/springframework/spring-context/6.1.4/spring-context-6.1.4.jar:/Users/kanchan/.m2/repository/org/springframework/spring-expression/6.1.4/spring-expression-6.1.4.jar:/Users/kanchan/.m2/repository/org/springframework/boot/spring-boot-starter-data-mongodb/3.2.3/spring-boot-starter-data-mongodb-3.2.3.jar:/Users/kanchan/.m2/repository/org/mongodb/mongodb-driver-sync/4.11.1/mongodb-driver-sync-4.11.1.jar:/Users/kanchan/.m2/repository/org/mongodb/bson/4.11.1/bson-4.11.1.jar:/Users/kanchan/.m2/repository/org/mongodb/mongodb-driver-core/4.11.1/mongodb-driver-core-4.11.1.jar:/Users/kanchan/.m2/repository/org/mongodb/bson-record-codec/4.11.1/bson-record-codec-4.11.1.jar:/Users/kanchan/.m2/repository/org/springframework/data/spring-data-mongodb/4.2.3/spring-data-mongodb-4.2.3.jar:/Users/kanchan/.m2/repository/org/springframework/spring-tx/6.1.4/spring-tx-6.1.4.jar:/Users/kanchan/.m2/repository/org/springframework/data/spring-data-commons/3.2.3/spring-data-commons-3.2.3.jar:/Users/kanchan/.m2/repository/org/slf4j/slf4j-api/2.0.12/slf4j-api-2.0.12.jar:/Users/kanchan/.m2/repository/org/springframework/boot/spring-boot-starter-test/3.2.3/spring-boot-starter-test-3.2.3.jar:/Users/kanchan/.m2/repository/org/springframework/boot/spring-boot-test/3.2.3/spring-boot-test-3.2.3.jar:/Users/kanchan/.m2/repository/org/springframework/boot/spring-boot-test-autoconfigure/3.2.3/spring-boot-test-autoconfigure-3.2.3.jar:/Users/kanchan/.m2/repository/com/jayway/jsonpath/json-path/2.9.0/json-path-2.9.0.jar:/Users/kanchan/.m2/repository/jakarta/xml/bind/jakarta.xml.bind-api/4.0.1/jakarta.xml.bind-api-4.0.1.jar:/Users/kanchan/.m2/repository/jakarta/activation/jakarta.activation-api/2.1.2/jakarta.activation-api-2.1.2.jar:/Users/kanchan/.m2/repository/net/minidev/json-smart/2.5.0/json-smart-2.5.0.jar:/Users/kanchan/.m2/repository/net/minidev/accessors-smart/2.5.0/accessors-smart-2.5.0.jar:/Users/kanchan/.m2/repository/org/ow2/asm/asm/9.3/asm-9.3.jar:/Users/kanchan/.m2/repository/org/assertj/assertj-core/3.24.2/assertj-core-3.24.2.jar:/Users/kanchan/.m2/repository/net/bytebuddy/byte-buddy/1.14.12/byte-buddy-1.14.12.jar:/Users/kanchan/.m2/repository/org/awaitility/awaitility/4.2.0/awaitility-4.2.0.jar:/Users/kanchan/.m2/repository/org/hamcrest/hamcrest/2.2/hamcrest-2.2.jar:/Users/kanchan/.m2/repository/org/junit/jupiter/junit-jupiter/5.10.2/junit-jupiter-5.10.2.jar:/Users/kanchan/.m2/repository/org/junit/jupiter/junit-jupiter-api/5.10.2/junit-jupiter-api-5.10.2.jar:/Users/kanchan/.m2/repository/org/opentest4j/opentest4j/1.3.0/opentest4j-1.3.0.jar:/Users/kanchan/.m2/repository/org/junit/platform/junit-platform-commons/1.10.2/junit-platform-commons-1.10.2.jar:/Users/kanchan/.m2/repository/org/apiguardian/apiguardian-api/1.1.2/apiguardian-api-1.1.2.jar:/Users/kanchan/.m2/repository/org/junit/jupiter/junit-jupiter-params/5.10.2/junit-jupiter-params-5.10.2.jar:/Users/kanchan/.m2/repository/org/junit/jupiter/junit-jupiter-engine/5.10.2/junit-jupiter-engine-5.10.2.jar:/Users/kanchan/.m2/repository/org/junit/platform/junit-platform-engine/1.10.2/junit-platform-engine-1.10.2.jar:/Users/kanchan/.m2/repository/org/mockito/mockito-core/5.7.0/mockito-core-5.7.0.jar:/Users/kanchan/.m2/repository/net/bytebuddy/byte-buddy-agent/1.14.12/byte-buddy-agent-1.14.12.jar:/Users/kanchan/.m2/repository/org/objenesis/objenesis/3.3/objenesis-3.3.jar:/Users/kanchan/.m2/repository/org/mockito/mockito-junit-jupiter/5.7.0/mockito-junit-jupiter-5.7.0.jar:/Users/kanchan/.m2/repository/org/skyscreamer/jsonassert/1.5.1/jsonassert-1.5.1.jar:/Users/kanchan/.m2/repository/com/vaadin/external/google/android-json/0.0.20131108.vaadin1/android-json-0.0.20131108.vaadin1.jar:/Users/kanchan/.m2/repository/org/springframework/spring-core/6.1.4/spring-core-6.1.4.jar:/Users/kanchan/.m2/repository/org/springframework/spring-jcl/6.1.4/spring-jcl-6.1.4.jar:/Users/kanchan/.m2/repository/org/springframework/spring-test/6.1.4/spring-test-6.1.4.jar:/Users/kanchan/.m2/repository/org/xmlunit/xmlunit-core/2.9.1/xmlunit-core-2.9.1.jar:/Users/kanchan/.m2/repository/commons-net/commons-net/3.9.0/commons-net-3.9.0.jar:"/>
    <property name="java.vm.vendor" value="Homebrew"/>
    <property name="sun.arch.data.model" value="64"/>
    <property name="java.vendor.url" value="https://github.com/Homebrew/homebrew-core/issues"/>
    <property name="user.timezone" value="Asia/Colombo"/>
    <property name="os.name" value="Mac OS X"/>
    <property name="java.vm.specification.version" value="23"/>
    <property name="sun.java.launcher" value="SUN_STANDARD"/>
    <property name="user.country" value="GB"/>
    <property name="sun.boot.library.path" value="/Users/kanchan/homebrew/Cellar/openjdk/23.0.2/libexec/openjdk.jdk/Contents/Home/lib"/>
    <property name="sun.java.command" value="/Users/kanchan/Desktop/ Y2S2/DS project/DS/target/surefire/surefirebooter-20250424034611321_3.jar /Users/kanchan/Desktop/ Y2S2/DS project/DS/target/surefire 2025-04-24T03-46-11_245-jvmRun1 surefire-20250424034611321_1tmp surefire_0-20250424034611321_2tmp"/>
    <property name="http.nonProxyHosts" value="local|*.local|169.254/16|*.169.254/16"/>
    <property name="jdk.debug" value="release"/>
    <property name="surefire.test.class.path" value="/Users/kanchan/Desktop/ Y2S2/DS project/DS/target/test-classes:/Users/kanchan/Desktop/ Y2S2/DS project/DS/target/classes:/Users/kanchan/.m2/repository/org/springframework/boot/spring-boot-starter-web/3.2.3/spring-boot-starter-web-3.2.3.jar:/Users/kanchan/.m2/repository/org/springframework/boot/spring-boot-starter/3.2.3/spring-boot-starter-3.2.3.jar:/Users/kanchan/.m2/repository/org/springframework/boot/spring-boot/3.2.3/spring-boot-3.2.3.jar:/Users/kanchan/.m2/repository/org/springframework/boot/spring-boot-autoconfigure/3.2.3/spring-boot-autoconfigure-3.2.3.jar:/Users/kanchan/.m2/repository/org/springframework/boot/spring-boot-starter-logging/3.2.3/spring-boot-starter-logging-3.2.3.jar:/Users/kanchan/.m2/repository/ch/qos/logback/logback-classic/1.4.14/logback-classic-1.4.14.jar:/Users/kanchan/.m2/repository/ch/qos/logback/logback-core/1.4.14/logback-core-1.4.14.jar:/Users/kanchan/.m2/repository/org/apache/logging/log4j/log4j-to-slf4j/2.21.1/log4j-to-slf4j-2.21.1.jar:/Users/kanchan/.m2/repository/org/apache/logging/log4j/log4j-api/2.21.1/log4j-api-2.21.1.jar:/Users/kanchan/.m2/repository/org/slf4j/jul-to-slf4j/2.0.12/jul-to-slf4j-2.0.12.jar:/Users/kanchan/.m2/repository/jakarta/annotation/jakarta.annotation-api/2.1.1/jakarta.annotation-api-2.1.1.jar:/Users/kanchan/.m2/repository/org/yaml/snakeyaml/2.2/snakeyaml-2.2.jar:/Users/kanchan/.m2/repository/org/springframework/boot/spring-boot-starter-json/3.2.3/spring-boot-starter-json-3.2.3.jar:/Users/kanchan/.m2/repository/com/fasterxml/jackson/core/jackson-databind/2.15.4/jackson-databind-2.15.4.jar:/Users/kanchan/.m2/repository/com/fasterxml/jackson/core/jackson-annotations/2.15.4/jackson-annotations-2.15.4.jar:/Users/kanchan/.m2/repository/com/fasterxml/jackson/core/jackson-core/2.15.4/jackson-core-2.15.4.jar:/Users/kanchan/.m2/repository/com/fasterxml/jackson/datatype/jackson-datatype-jdk8/2.15.4/jackson-datatype-jdk8-2.15.4.jar:/Users/kanchan/.m2/repository/com/fasterxml/jackson/datatype/jackson-datatype-jsr310/2.15.4/jackson-datatype-jsr310-2.15.4.jar:/Users/kanchan/.m2/repository/com/fasterxml/jackson/module/jackson-module-parameter-names/2.15.4/jackson-module-parameter-names-2.15.4.jar:/Users/kanchan/.m2/repository/org/springframework/boot/spring-boot-starter-tomcat/3.2.3/spring-boot-starter-tomcat-3.2.3.jar:/Users/kanchan/.m2/repository/org/apache/tomcat/embed/tomcat-embed-core/10.1.19/tomcat-embed-core-10.1.19.jar:/Users/kanchan/.m2/repository/org/apache/tomcat/embed/tomcat-embed-el/10.1.19/tomcat-embed-el-10.1.19.jar:/Users/kanchan/.m2/repository/org/apache/tomcat/embed/tomcat-embed-websocket/10.1.19/tomcat-embed-websocket-10.1.19.jar:/Users/kanchan/.m2/repository/org/springframework/spring-web/6.1.4/spring-web-6.1.4.jar:/Users/kanchan/.m2/repository/org/springframework/spring-beans/6.1.4/spring-beans-6.1.4.jar:/Users/kanchan/.m2/repository/io/micrometer/micrometer-observation/1.12.3/micrometer-observation-1.12.3.jar:/Users/kanchan/.m2/repository/io/micrometer/micrometer-commons/1.12.3/micrometer-commons-1.12.3.jar:/Users/kanchan/.m2/repository/org/springframework/spring-webmvc/6.1.4/spring-webmvc-6.1.4.jar:/Users/kanchan/.m2/repository/org/springframework/spring-aop/6.1.4/spring-aop-6.1.4.jar:/Users/kanchan/.m2/repository/org/springframework/spring-context/6.1.4/spring-context-6.1.4.jar:/Users/kanchan/.m2/repository/org/springframework/spring-expression/6.1.4/spring-expression-6.1.4.jar:/Users/kanchan/.m2/repository/org/springframework/boot/spring-boot-starter-data-mongodb/3.2.3/spring-boot-starter-data-mongodb-3.2.3.jar:/Users/kanchan/.m2/repository/org/mongodb/mongodb-driver-sync/4.11.1/mongodb-driver-sync-4.11.1.jar:/Users/kanchan/.m2/repository/org/mongodb/bson/4.11.1/bson-4.11.1.jar:/Users/kanchan/.m2/repository/org/mongodb/mongodb-driver-core/4.11.1/mongodb-driver-core-4.11.1.jar:/Users/kanchan/.m2/repository/org/mongodb/bson-record-codec/4.11.1/bson-record-codec-4.11.1.jar:/Users/kanchan/.m2/repository/org/springframework/data/spring-data-mongodb/4.2.3/spring-data-mongodb-4.2.3.jar:/Users/kanchan/.m2/repository/org/springframework/spring-tx/6.1.4/spring-tx-6.1.4.jar:/Users/kanchan/.m2/repository/org/springframework/data/spring-data-commons/3.2.3/spring-data-commons-3.2.3.jar:/Users/kanchan/.m2/repository/org/slf4j/slf4j-api/2.0.12/slf4j-api-2.0.12.jar:/Users/kanchan/.m2/repository/org/springframework/boot/spring-boot-starter-test/3.2.3/spring-boot-starter-test-3.2.3.jar:/Users/kanchan/.m2/repository/org/springframework/boot/spring-boot-test/3.2.3/spring-boot-test-3.2.3.jar:/Users/kanchan/.m2/repository/org/springframework/boot/spring-boot-test-autoconfigure/3.2.3/spring-boot-test-autoconfigure-3.2.3.jar:/Users/kanchan/.m2/repository/com/jayway/jsonpath/json-path/2.9.0/json-path-2.9.0.jar:/Users/kanchan/.m2/repository/jakarta/xml/bind/jakarta.xml.bind-api/4.0.1/jakarta.xml.bind-api-4.0.1.jar:/Users/kanchan/.m2/repository/jakarta/activation/jakarta.activation-api/2.1.2/jakarta.activation-api-2.1.2.jar:/Users/kanchan/.m2/repository/net/minidev/json-smart/2.5.0/json-smart-2.5.0.jar:/Users/kanchan/.m2/repository/net/minidev/accessors-smart/2.5.0/accessors-smart-2.5.0.jar:/Users/kanchan/.m2/repository/org/ow2/asm/asm/9.3/asm-9.3.jar:/Users/kanchan/.m2/repository/org/assertj/assertj-core/3.24.2/assertj-core-3.24.2.jar:/Users/kanchan/.m2/repository/net/bytebuddy/byte-buddy/1.14.12/byte-buddy-1.14.12.jar:/Users/kanchan/.m2/repository/org/awaitility/awaitility/4.2.0/awaitility-4.2.0.jar:/Users/kanchan/.m2/repository/org/hamcrest/hamcrest/2.2/hamcrest-2.2.jar:/Users/kanchan/.m2/repository/org/junit/jupiter/junit-jupiter/5.10.2/junit-jupiter-5.10.2.jar:/Users/kanchan/.m2/repository/org/junit/jupiter/junit-jupiter-api/5.10.2/junit-jupiter-api-5.10.2.jar:/Users/kanchan/.m2/repository/org/opentest4j/opentest4j/1.3.0/opentest4j-1.3.0.jar:/Users/kanchan/.m2/repository/org/junit/platform/junit-platform-commons/1.10.2/junit-platform-commons-1.10.2.jar:/Users/kanchan/.m2/repository/org/apiguardian/apiguardian-api/1.1.2/apiguardian-api-1.1.2.jar:/Users/kanchan/.m2/repository/org/junit/jupiter/junit-jupiter-params/5.10.2/junit-jupiter-params-5.10.2.jar:/Users/kanchan/.m2/repository/org/junit/jupiter/junit-jupiter-engine/5.10.2/junit-jupiter-engine-5.10.2.jar:/Users/kanchan/.m2/repository/org/junit/platform/junit-platform-engine/1.10.2/junit-platform-engine-1.10.2.jar:/Users/kanchan/.m2/repository/org/mockito/mockito-core/5.7.0/mockito-core-5.7.0.jar:/Users/kanchan/.m2/repository/net/bytebuddy/byte-buddy-agent/1.14.12/byte-buddy-agent-1.14.12.jar:/Users/kanchan/.m2/repository/org/objenesis/objenesis/3.3/objenesis-3.3.jar:/Users/kanchan/.m2/repository/org/mockito/mockito-junit-jupiter/5.7.0/mockito-junit-jupiter-5.7.0.jar:/Users/kanchan/.m2/repository/org/skyscreamer/jsonassert/1.5.1/jsonassert-1.5.1.jar:/Users/kanchan/.m2/repository/com/vaadin/external/google/android-json/0.0.20131108.vaadin1/android-json-0.0.20131108.vaadin1.jar:/Users/kanchan/.m2/repository/org/springframework/spring-core/6.1.4/spring-core-6.1.4.jar:/Users/kanchan/.m2/repository/org/springframework/spring-jcl/6.1.4/spring-jcl-6.1.4.jar:/Users/kanchan/.m2/repository/org/springframework/spring-test/6.1.4/spring-test-6.1.4.jar:/Users/kanchan/.m2/repository/org/xmlunit/xmlunit-core/2.9.1/xmlunit-core-2.9.1.jar:/Users/kanchan/.m2/repository/commons-net/commons-net/3.9.0/commons-net-3.9.0.jar:"/>
    <property name="sun.cpu.endian" value="little"/>
    <property name="user.home" value="/Users/kanchan"/>
    <property name="user.language" value="en"/>
    <property name="java.specification.vendor" value="Oracle Corporation"/>
    <property name="java.version.date" value="2025-01-21"/>
    <property name="java.home" value="/Users/kanchan/homebrew/Cellar/openjdk/23.0.2/libexec/openjdk.jdk/Contents/Home"/>
    <property name="file.separator" value="/"/>
    <property name="basedir" value="/Users/kanchan/Desktop/ Y2S2/DS project/DS"/>
    <property name="java.vm.compressedOopsMode" value="Zero based"/>
    <property name="line.separator" value="&#10;"/>
    <property name="java.vm.specification.vendor" value="Oracle Corporation"/>
    <property name="java.specification.name" value="Java Platform API Specification"/>
    <property name="FILE_LOG_CHARSET" value="UTF-8"/>
    <property name="java.awt.headless" value="true"/>
    <property name="apple.awt.application.name" value="ForkedBooter"/>
    <property name="surefire.real.class.path" value="/Users/kanchan/Desktop/ Y2S2/DS project/DS/target/surefire/surefirebooter-20250424034611321_3.jar"/>
    <property name="sun.management.compiler" value="HotSpot 64-Bit Tiered Compilers"/>
    <property name="ftp.nonProxyHosts" value="local|*.local|169.254/16|*.169.254/16"/>
    <property name="java.runtime.version" value="23.0.2"/>
    <property name="user.name" value="kanchan"/>
    <property name="stdout.encoding" value="UTF-8"/>
    <property name="path.separator" value=":"/>
    <property name="os.version" value="14.4.1"/>
    <property name="java.runtime.name" value="OpenJDK Runtime Environment"/>
    <property name="file.encoding" value="UTF-8"/>
    <property name="java.vm.name" value="OpenJDK 64-Bit Server VM"/>
    <property name="java.vendor.version" value="Homebrew"/>
    <property name="localRepository" value="/Users/kanchan/.m2/repository"/>
    <property name="java.vendor.url.bug" value="https://github.com/Homebrew/homebrew-core/issues"/>
    <property name="java.io.tmpdir" value="/var/folders/gc/26gl3m4n5r50gvkhw4g1rvtm0000gn/T/"/>
    <property name="java.version" value="23.0.2"/>
    <property name="user.dir" value="/Users/kanchan/Desktop/ Y2S2/DS project/DS"/>
    <property name="os.arch" value="aarch64"/>
    <property name="java.vm.specification.name" value="Java Virtual Machine Specification"/>
    <property name="PID" value="20948"/>
    <property name="CONSOLE_LOG_CHARSET" value="UTF-8"/>
    <property name="native.encoding" value="UTF-8"/>
    <property name="java.library.path" value="/Users/kanchan/Library/Java/Extensions:/Library/Java/Extensions:/Network/Library/Java/Extensions:/System/Library/Java/Extensions:/usr/lib/java:."/>
    <property name="java.vm.info" value="mixed mode, sharing"/>
    <property name="stderr.encoding" value="UTF-8"/>
    <property name="java.vendor" value="Homebrew"/>
    <property name="java.vm.version" value="23.0.2"/>
    <property name="sun.io.unicode.encoding" value="UnicodeBig"/>
    <property name="socksNonProxyHosts" value="local|*.local|169.254/16|*.169.254/16"/>
    <property name="java.class.version" value="67.0"/>
  </properties>
  <testcase name="stressTestLogIngestion" classname="com.logsystem.test.RaftTest" time="1.223">
    <system-out><![CDATA[03:46:11.877 [main] INFO org.springframework.test.context.support.AnnotationConfigContextLoaderUtils -- Could not detect default configuration classes for test class [com.logsystem.test.RaftTest]: RaftTest does not declare any static, non-private, non-final, nested classes annotated with @Configuration.
03:46:11.956 [main] INFO org.springframework.boot.test.context.SpringBootTestContextBootstrapper -- Found @SpringBootConfiguration com.logsystem.LogSystemApplication for test class com.logsystem.test.RaftTest

  .   ____          _            __ _ _
 /\\ / ___'_ __ _ _(_)_ __  __ _ \ \ \ \
( ( )\___ | '_ | '_| | '_ \/ _` | \ \ \ \
 \\/  ___)| |_)| | | | | || (_| |  ) ) ) )
  '  |____| .__|_| |_|_| |_\__, | / / / /
 =========|_|==============|___/=/_/_/_/
&amp#27;[32m :: Spring Boot :: &amp#27;[39m              &amp#27;[2m (v3.2.3)&amp#27;[0;39m

&amp#27;[2m2025-04-24T03:46:12.240+05:30&amp#27;[0;39m &amp#27;[32m INFO&amp#27;[0;39m &amp#27;[35m20948&amp#27;[0;39m &amp#27;[2m---&amp#27;[0;39m &amp#27;[2m[           main]&amp#27;[0;39m &amp#27;[2m&amp#27;[0;39m&amp#27;[36mcom.logsystem.test.RaftTest             &amp#27;[0;39m &amp#27;[2m:&amp#27;[0;39m Starting RaftTest using Java 23.0.2 with PID 20948 (started by kanchan in /Users/kanchan/Desktop/ Y2S2/DS project/DS)
&amp#27;[2m2025-04-24T03:46:12.242+05:30&amp#27;[0;39m &amp#27;[32mDEBUG&amp#27;[0;39m &amp#27;[35m20948&amp#27;[0;39m &amp#27;[2m---&amp#27;[0;39m &amp#27;[2m[           main]&amp#27;[0;39m &amp#27;[2m&amp#27;[0;39m&amp#27;[36mcom.logsystem.test.RaftTest             &amp#27;[0;39m &amp#27;[2m:&amp#27;[0;39m Running with Spring Boot v3.2.3, Spring v6.1.4
&amp#27;[2m2025-04-24T03:46:12.242+05:30&amp#27;[0;39m &amp#27;[32m INFO&amp#27;[0;39m &amp#27;[35m20948&amp#27;[0;39m &amp#27;[2m---&amp#27;[0;39m &amp#27;[2m[           main]&amp#27;[0;39m &amp#27;[2m&amp#27;[0;39m&amp#27;[36mcom.logsystem.test.RaftTest             &amp#27;[0;39m &amp#27;[2m:&amp#27;[0;39m No active profile set, falling back to 1 default profile: "default"
&amp#27;[2m2025-04-24T03:46:12.841+05:30&amp#27;[0;39m &amp#27;[32m INFO&amp#27;[0;39m &amp#27;[35m20948&amp#27;[0;39m &amp#27;[2m---&amp#27;[0;39m &amp#27;[2m[           main]&amp#27;[0;39m &amp#27;[2m&amp#27;[0;39m&amp#27;[36m.s.d.r.c.RepositoryConfigurationDelegate&amp#27;[0;39m &amp#27;[2m:&amp#27;[0;39m Bootstrapping Spring Data MongoDB repositories in DEFAULT mode.
&amp#27;[2m2025-04-24T03:46:12.880+05:30&amp#27;[0;39m &amp#27;[32m INFO&amp#27;[0;39m &amp#27;[35m20948&amp#27;[0;39m &amp#27;[2m---&amp#27;[0;39m &amp#27;[2m[           main]&amp#27;[0;39m &amp#27;[2m&amp#27;[0;39m&amp#27;[36m.s.d.r.c.RepositoryConfigurationDelegate&amp#27;[0;39m &amp#27;[2m:&amp#27;[0;39m Finished Spring Data repository scanning in 35 ms. Found 2 MongoDB repository interfaces.
&amp#27;[2m2025-04-24T03:46:13.130+05:30&amp#27;[0;39m &amp#27;[32m INFO&amp#27;[0;39m &amp#27;[35m20948&amp#27;[0;39m &amp#27;[2m---&amp#27;[0;39m &amp#27;[2m[           main]&amp#27;[0;39m &amp#27;[2m&amp#27;[0;39m&amp#27;[36morg.mongodb.driver.cluster              &amp#27;[0;39m &amp#27;[2m:&amp#27;[0;39m Adding discovered server localhost:27018 to client view of cluster
&amp#27;[2m2025-04-24T03:46:13.156+05:30&amp#27;[0;39m &amp#27;[32m INFO&amp#27;[0;39m &amp#27;[35m20948&amp#27;[0;39m &amp#27;[2m---&amp#27;[0;39m &amp#27;[2m[           main]&amp#27;[0;39m &amp#27;[2m&amp#27;[0;39m&amp#27;[36morg.mongodb.driver.cluster              &amp#27;[0;39m &amp#27;[2m:&amp#27;[0;39m Adding discovered server localhost:27019 to client view of cluster
&amp#27;[2m2025-04-24T03:46:13.170+05:30&amp#27;[0;39m &amp#27;[32m INFO&amp#27;[0;39m &amp#27;[35m20948&amp#27;[0;39m &amp#27;[2m---&amp#27;[0;39m &amp#27;[2m[           main]&amp#27;[0;39m &amp#27;[2m&amp#27;[0;39m&amp#27;[36morg.mongodb.driver.client               &amp#27;[0;39m &amp#27;[2m:&amp#27;[0;39m MongoClient with metadata {"driver": {"name": "mongo-java-driver|sync|spring-boot", "version": "4.11.1"}, "os": {"type": "Darwin", "name": "Mac OS X", "architecture": "aarch64", "version": "14.4.1"}, "platform": "Java/Homebrew/23.0.2"} created with settings MongoClientSettings{readPreference=primary, writeConcern=WriteConcern{w=null, wTimeout=null ms, journal=null}, retryWrites=true, retryReads=true, readConcern=ReadConcern{level=null}, credential=null, transportSettings=null, streamFactoryFactory=null, commandListeners=[], codecRegistry=ProvidersCodecRegistry{codecProviders=[ValueCodecProvider{}, BsonValueCodecProvider{}, DBRefCodecProvider{}, DBObjectCodecProvider{}, DocumentCodecProvider{}, CollectionCodecProvider{}, IterableCodecProvider{}, MapCodecProvider{}, GeoJsonCodecProvider{}, GridFSFileCodecProvider{}, Jsr310CodecProvider{}, JsonObjectCodecProvider{}, BsonCodecProvider{}, EnumCodecProvider{}, com.mongodb.client.model.mql.ExpressionCodecProvider@3b4a1a75, com.mongodb.Jep395RecordCodecProvider@65bad087, com.mongodb.KotlinCodecProvider@276cc8dc]}, loggerSettings=LoggerSettings{maxDocumentLength=1000}, clusterSettings={hosts=[localhost:27018, localhost:27019], srvServiceName=mongodb, mode=MULTIPLE, requiredClusterType=REPLICA_SET, requiredReplicaSetName='myReplSet', serverSelector='null', clusterListeners='[]', serverSelectionTimeout='30000 ms', localThreshold='15 ms'}, socketSettings=SocketSettings{connectTimeoutMS=10000, readTimeoutMS=0, receiveBufferSize=0, proxySettings=ProxySettings{host=null, port=null, username=null, password=null}}, heartbeatSocketSettings=SocketSettings{connectTimeoutMS=10000, readTimeoutMS=10000, receiveBufferSize=0, proxySettings=ProxySettings{host=null, port=null, username=null, password=null}}, connectionPoolSettings=ConnectionPoolSettings{maxSize=100, minSize=0, maxWaitTimeMS=120000, maxConnectionLifeTimeMS=0, maxConnectionIdleTimeMS=0, maintenanceInitialDelayMS=0, maintenanceFrequencyMS=60000, connectionPoolListeners=[], maxConnecting=2}, serverSettings=ServerSettings{heartbeatFrequencyMS=10000, minHeartbeatFrequencyMS=500, serverListeners='[]', serverMonitorListeners='[]'}, sslSettings=SslSettings{enabled=false, invalidHostNameAllowed=false, context=null}, applicationName='null', compressorList=[], uuidRepresentation=JAVA_LEGACY, serverApi=null, autoEncryptionSettings=null, dnsClient=null, inetAddressResolver=null, contextProvider=null}
&amp#27;[2m2025-04-24T03:46:13.204+05:30&amp#27;[0;39m &amp#27;[32m INFO&amp#27;[0;39m &amp#27;[35m20948&amp#27;[0;39m &amp#27;[2m---&amp#27;[0;39m &amp#27;[2m[localhost:27018]&amp#27;[0;39m &amp#27;[2m&amp#27;[0;39m&amp#27;[36morg.mongodb.driver.cluster              &amp#27;[0;39m &amp#27;[2m:&amp#27;[0;39m Monitor thread successfully connected to server with description ServerDescription{address=localhost:27018, type=REPLICA_SET_SECONDARY, state=CONNECTED, ok=true, minWireVersion=0, maxWireVersion=25, maxDocumentSize=16777216, logicalSessionTimeoutMinutes=30, roundTripTimeNanos=15738375, setName='myReplSet', canonicalAddress=localhost:27018, hosts=[localhost:27020, localhost:27018, localhost:27019], passives=[], arbiters=[], primary='localhost:27020', tagSet=TagSet{[]}, electionId=null, setVersion=5, topologyVersion=TopologyVersion{processId=67ecc670dea591c3be2459d5, counter=1979}, lastWriteDate=Thu Apr 24 03:46:07 IST 2025, lastUpdateTimeNanos=1773071141526916}
&amp#27;[2m2025-04-24T03:46:13.204+05:30&amp#27;[0;39m &amp#27;[32m INFO&amp#27;[0;39m &amp#27;[35m20948&amp#27;[0;39m &amp#27;[2m---&amp#27;[0;39m &amp#27;[2m[localhost:27019]&amp#27;[0;39m &amp#27;[2m&amp#27;[0;39m&amp#27;[36morg.mongodb.driver.cluster              &amp#27;[0;39m &amp#27;[2m:&amp#27;[0;39m Monitor thread successfully connected to server with description ServerDescription{address=localhost:27019, type=REPLICA_SET_SECONDARY, state=CONNECTED, ok=true, minWireVersion=0, maxWireVersion=25, maxDocumentSize=16777216, logicalSessionTimeoutMinutes=30, roundTripTimeNanos=15777292, setName='myReplSet', canonicalAddress=localhost:27019, hosts=[localhost:27020, localhost:27018, localhost:27019], passives=[], arbiters=[], primary='localhost:27020', tagSet=TagSet{[]}, electionId=null, setVersion=5, topologyVersion=TopologyVersion{processId=67eccfbdbe7319c3739cefb7, counter=2011}, lastWriteDate=Thu Apr 24 03:46:07 IST 2025, lastUpdateTimeNanos=1773071141555625}
&amp#27;[2m2025-04-24T03:46:13.206+05:30&amp#27;[0;39m &amp#27;[32m INFO&amp#27;[0;39m &amp#27;[35m20948&amp#27;[0;39m &amp#27;[2m---&amp#27;[0;39m &amp#27;[2m[localhost:27018]&amp#27;[0;39m &amp#27;[2m&amp#27;[0;39m&amp#27;[36morg.mongodb.driver.cluster              &amp#27;[0;39m &amp#27;[2m:&amp#27;[0;39m Adding discovered server localhost:27020 to client view of cluster
&amp#27;[2m2025-04-24T03:46:13.220+05:30&amp#27;[0;39m &amp#27;[32m INFO&amp#27;[0;39m &amp#27;[35m20948&amp#27;[0;39m &amp#27;[2m---&amp#27;[0;39m &amp#27;[2m[localhost:27020]&amp#27;[0;39m &amp#27;[2m&amp#27;[0;39m&amp#27;[36morg.mongodb.driver.cluster              &amp#27;[0;39m &amp#27;[2m:&amp#27;[0;39m Monitor thread successfully connected to server with description ServerDescription{address=localhost:27020, type=REPLICA_SET_PRIMARY, state=CONNECTED, ok=true, minWireVersion=0, maxWireVersion=25, maxDocumentSize=16777216, logicalSessionTimeoutMinutes=30, roundTripTimeNanos=3049083, setName='myReplSet', canonicalAddress=localhost:27020, hosts=[localhost:27020, localhost:27018, localhost:27019], passives=[], arbiters=[], primary='localhost:27020', tagSet=TagSet{[]}, electionId=7fffffff00000000000002e5, setVersion=5, topologyVersion=TopologyVersion{processId=67fe07fb58d9d5751e04acb5, counter=646}, lastWriteDate=Thu Apr 24 03:46:07 IST 2025, lastUpdateTimeNanos=1773071159226666}
&amp#27;[2m2025-04-24T03:46:13.222+05:30&amp#27;[0;39m &amp#27;[32m INFO&amp#27;[0;39m &amp#27;[35m20948&amp#27;[0;39m &amp#27;[2m---&amp#27;[0;39m &amp#27;[2m[localhost:27020]&amp#27;[0;39m &amp#27;[2m&amp#27;[0;39m&amp#27;[36morg.mongodb.driver.cluster              &amp#27;[0;39m &amp#27;[2m:&amp#27;[0;39m Discovered replica set primary localhost:27020 with max election id 7fffffff00000000000002e5 and max set version 5
&amp#27;[2m2025-04-24T03:46:13.316+05:30&amp#27;[0;39m &amp#27;[32mDEBUG&amp#27;[0;39m &amp#27;[35m20948&amp#27;[0;39m &amp#27;[2m---&amp#27;[0;39m &amp#27;[2m[           main]&amp#27;[0;39m &amp#27;[2m&amp#27;[0;39m&amp#27;[36m.m.c.i.MongoPersistentEntityIndexCreator&amp#27;[0;39m &amp#27;[2m:&amp#27;[0;39m Analyzing class class com.logsystem.model.LogEntry for index information
&amp#27;[2m2025-04-24T03:46:13.353+05:30&amp#27;[0;39m &amp#27;[32mDEBUG&amp#27;[0;39m &amp#27;[35m20948&amp#27;[0;39m &amp#27;[2m---&amp#27;[0;39m &amp#27;[2m[           main]&amp#27;[0;39m &amp#27;[2m&amp#27;[0;39m&amp#27;[36m.m.c.i.MongoPersistentEntityIndexCreator&amp#27;[0;39m &amp#27;[2m:&amp#27;[0;39m Analyzing class class com.logsystem.model.Counter for index information
Node-0 is starting leader election...
New Leader Elected: Node-0
&amp#27;[2m2025-04-24T03:46:13.783+05:30&amp#27;[0;39m &amp#27;[32m INFO&amp#27;[0;39m &amp#27;[35m20948&amp#27;[0;39m &amp#27;[2m---&amp#27;[0;39m &amp#27;[2m[           main]&amp#27;[0;39m &amp#27;[2m&amp#27;[0;39m&amp#27;[36mcom.logsystem.test.RaftTest             &amp#27;[0;39m &amp#27;[2m:&amp#27;[0;39m Started RaftTest in 1.739 seconds (process running for 2.399)
Starting Raft stress test on leader...
&amp#27;[2m2025-04-24T03:46:14.377+05:30&amp#27;[0;39m &amp#27;[32mDEBUG&amp#27;[0;39m &amp#27;[35m20948&amp#27;[0;39m &amp#27;[2m---&amp#27;[0;39m &amp#27;[2m[           main]&amp#27;[0;39m &amp#27;[2m&amp#27;[0;39m&amp#27;[36mo.s.data.mongodb.core.MongoTemplate     &amp#27;[0;39m &amp#27;[2m:&amp#27;[0;39m find using query: {} fields: Document{{}} for class: class com.logsystem.model.LogEntry in collection: logs
&amp#27;[2m2025-04-24T03:46:14.432+05:30&amp#27;[0;39m &amp#27;[32mDEBUG&amp#27;[0;39m &amp#27;[35m20948&amp#27;[0;39m &amp#27;[2m---&amp#27;[0;39m &amp#27;[2m[           main]&amp#27;[0;39m &amp#27;[2m&amp#27;[0;39m&amp#27;[36mo.s.data.mongodb.core.MongoTemplate     &amp#27;[0;39m &amp#27;[2m:&amp#27;[0;39m Inserting Document containing fields: [index, message, timestamp, level, _class] in collection: logs
&amp#27;[2m2025-04-24T03:46:14.462+05:30&amp#27;[0;39m &amp#27;[32mDEBUG&amp#27;[0;39m &amp#27;[35m20948&amp#27;[0;39m &amp#27;[2m---&amp#27;[0;39m &amp#27;[2m[           main]&amp#27;[0;39m &amp#27;[2m&amp#27;[0;39m&amp#27;[36mo.s.data.mongodb.core.MongoTemplate     &amp#27;[0;39m &amp#27;[2m:&amp#27;[0;39m find using query: {} fields: Document{{}} for class: class com.logsystem.model.LogEntry in collection: logs
&amp#27;[2m2025-04-24T03:46:14.475+05:30&amp#27;[0;39m &amp#27;[32mDEBUG&amp#27;[0;39m &amp#27;[35m20948&amp#27;[0;39m &amp#27;[2m---&amp#27;[0;39m &amp#27;[2m[           main]&amp#27;[0;39m &amp#27;[2m&amp#27;[0;39m&amp#27;[36mo.s.data.mongodb.core.MongoTemplate     &amp#27;[0;39m &amp#27;[2m:&amp#27;[0;39m Inserting Document containing fields: [index, message, timestamp, level, _class] in collection: logs
&amp#27;[2m2025-04-24T03:46:14.477+05:30&amp#27;[0;39m &amp#27;[32mDEBUG&amp#27;[0;39m &amp#27;[35m20948&amp#27;[0;39m &amp#27;[2m---&amp#27;[0;39m &amp#27;[2m[           main]&amp#27;[0;39m &amp#27;[2m&amp#27;[0;39m&amp#27;[36mo.s.data.mongodb.core.MongoTemplate     &amp#27;[0;39m &amp#27;[2m:&amp#27;[0;39m find using query: {} fields: Document{{}} for class: class com.logsystem.model.LogEntry in collection: logs
&amp#27;[2m2025-04-24T03:46:14.495+05:30&amp#27;[0;39m &amp#27;[32mDEBUG&amp#27;[0;39m &amp#27;[35m20948&amp#27;[0;39m &amp#27;[2m---&amp#27;[0;39m &amp#27;[2m[           main]&amp#27;[0;39m &amp#27;[2m&amp#27;[0;39m&amp#27;[36mo.s.data.mongodb.core.MongoTemplate     &amp#27;[0;39m &amp#27;[2m:&amp#27;[0;39m Inserting Document containing fields: [index, message, timestamp, level, _class] in collection: logs
&amp#27;[2m2025-04-24T03:46:14.496+05:30&amp#27;[0;39m &amp#27;[32mDEBUG&amp#27;[0;39m &amp#27;[35m20948&amp#27;[0;39m &amp#27;[2m---&amp#27;[0;39m &amp#27;[2m[           main]&amp#27;[0;39m &amp#27;[2m&amp#27;[0;39m&amp#27;[36mo.s.data.mongodb.core.MongoTemplate     &amp#27;[0;39m &amp#27;[2m:&amp#27;[0;39m find using query: {} fields: Document{{}} for class: class com.logsystem.model.LogEntry in collection: logs
&amp#27;[2m2025-04-24T03:46:14.506+05:30&amp#27;[0;39m &amp#27;[32mDEBUG&amp#27;[0;39m &amp#27;[35m20948&amp#27;[0;39m &amp#27;[2m---&amp#27;[0;39m &amp#27;[2m[           main]&amp#27;[0;39m &amp#27;[2m&amp#27;[0;39m&amp#27;[36mo.s.data.mongodb.core.MongoTemplate     &amp#27;[0;39m &amp#27;[2m:&amp#27;[0;39m Inserting Document containing fields: [index, message, timestamp, level, _class] in collection: logs
&amp#27;[2m2025-04-24T03:46:14.507+05:30&amp#27;[0;39m &amp#27;[32mDEBUG&amp#27;[0;39m &amp#27;[35m20948&amp#27;[0;39m &amp#27;[2m---&amp#27;[0;39m &amp#27;[2m[           main]&amp#27;[0;39m &amp#27;[2m&amp#27;[0;39m&amp#27;[36mo.s.data.mongodb.core.MongoTemplate     &amp#27;[0;39m &amp#27;[2m:&amp#27;[0;39m find using query: {} fields: Document{{}} for class: class com.logsystem.model.LogEntry in collection: logs
&amp#27;[2m2025-04-24T03:46:14.515+05:30&amp#27;[0;39m &amp#27;[32mDEBUG&amp#27;[0;39m &amp#27;[35m20948&amp#27;[0;39m &amp#27;[2m---&amp#27;[0;39m &amp#27;[2m[           main]&amp#27;[0;39m &amp#27;[2m&amp#27;[0;39m&amp#27;[36mo.s.data.mongodb.core.MongoTemplate     &amp#27;[0;39m &amp#27;[2m:&amp#27;[0;39m Inserting Document containing fields: [index, message, timestamp, level, _class] in collection: logs
&amp#27;[2m2025-04-24T03:46:14.517+05:30&amp#27;[0;39m &amp#27;[32mDEBUG&amp#27;[0;39m &amp#27;[35m20948&amp#27;[0;39m &amp#27;[2m---&amp#27;[0;39m &amp#27;[2m[           main]&amp#27;[0;39m &amp#27;[2m&amp#27;[0;39m&amp#27;[36mo.s.data.mongodb.core.MongoTemplate     &amp#27;[0;39m &amp#27;[2m:&amp#27;[0;39m find using query: {} fields: Document{{}} for class: class com.logsystem.model.LogEntry in collection: logs
&amp#27;[2m2025-04-24T03:46:14.525+05:30&amp#27;[0;39m &amp#27;[32mDEBUG&amp#27;[0;39m &amp#27;[35m20948&amp#27;[0;39m &amp#27;[2m---&amp#27;[0;39m &amp#27;[2m[           main]&amp#27;[0;39m &amp#27;[2m&amp#27;[0;39m&amp#27;[36mo.s.data.mongodb.core.MongoTemplate     &amp#27;[0;39m &amp#27;[2m:&amp#27;[0;39m Inserting Document containing fields: [index, message, timestamp, level, _class] in collection: logs
&amp#27;[2m2025-04-24T03:46:14.527+05:30&amp#27;[0;39m &amp#27;[32mDEBUG&amp#27;[0;39m &amp#27;[35m20948&amp#27;[0;39m &amp#27;[2m---&amp#27;[0;39m &amp#27;[2m[           main]&amp#27;[0;39m &amp#27;[2m&amp#27;[0;39m&amp#27;[36mo.s.data.mongodb.core.MongoTemplate     &amp#27;[0;39m &amp#27;[2m:&amp#27;[0;39m find using query: {} fields: Document{{}} for class: class com.logsystem.model.LogEntry in collection: logs
&amp#27;[2m2025-04-24T03:46:14.534+05:30&amp#27;[0;39m &amp#27;[32mDEBUG&amp#27;[0;39m &amp#27;[35m20948&amp#27;[0;39m &amp#27;[2m---&amp#27;[0;39m &amp#27;[2m[           main]&amp#27;[0;39m &amp#27;[2m&amp#27;[0;39m&amp#27;[36mo.s.data.mongodb.core.MongoTemplate     &amp#27;[0;39m &amp#27;[2m:&amp#27;[0;39m Inserting Document containing fields: [index, message, timestamp, level, _class] in collection: logs
&amp#27;[2m2025-04-24T03:46:14.536+05:30&amp#27;[0;39m &amp#27;[32mDEBUG&amp#27;[0;39m &amp#27;[35m20948&amp#27;[0;39m &amp#27;[2m---&amp#27;[0;39m &amp#27;[2m[           main]&amp#27;[0;39m &amp#27;[2m&amp#27;[0;39m&amp#27;[36mo.s.data.mongodb.core.MongoTemplate     &amp#27;[0;39m &amp#27;[2m:&amp#27;[0;39m find using query: {} fields: Document{{}} for class: class com.logsystem.model.LogEntry in collection: logs
&amp#27;[2m2025-04-24T03:46:14.543+05:30&amp#27;[0;39m &amp#27;[32mDEBUG&amp#27;[0;39m &amp#27;[35m20948&amp#27;[0;39m &amp#27;[2m---&amp#27;[0;39m &amp#27;[2m[           main]&amp#27;[0;39m &amp#27;[2m&amp#27;[0;39m&amp#27;[36mo.s.data.mongodb.core.MongoTemplate     &amp#27;[0;39m &amp#27;[2m:&amp#27;[0;39m Inserting Document containing fields: [index, message, timestamp, level, _class] in collection: logs
&amp#27;[2m2025-04-24T03:46:14.544+05:30&amp#27;[0;39m &amp#27;[32mDEBUG&amp#27;[0;39m &amp#27;[35m20948&amp#27;[0;39m &amp#27;[2m---&amp#27;[0;39m &amp#27;[2m[           main]&amp#27;[0;39m &amp#27;[2m&amp#27;[0;39m&amp#27;[36mo.s.data.mongodb.core.MongoTemplate     &amp#27;[0;39m &amp#27;[2m:&amp#27;[0;39m find using query: {} fields: Document{{}} for class: class com.logsystem.model.LogEntry in collection: logs
&amp#27;[2m2025-04-24T03:46:14.550+05:30&amp#27;[0;39m &amp#27;[32mDEBUG&amp#27;[0;39m &amp#27;[35m20948&amp#27;[0;39m &amp#27;[2m---&amp#27;[0;39m &amp#27;[2m[           main]&amp#27;[0;39m &amp#27;[2m&amp#27;[0;39m&amp#27;[36mo.s.data.mongodb.core.MongoTemplate     &amp#27;[0;39m &amp#27;[2m:&amp#27;[0;39m Inserting Document containing fields: [index, message, timestamp, level, _class] in collection: logs
&amp#27;[2m2025-04-24T03:46:14.552+05:30&amp#27;[0;39m &amp#27;[32mDEBUG&amp#27;[0;39m &amp#27;[35m20948&amp#27;[0;39m &amp#27;[2m---&amp#27;[0;39m &amp#27;[2m[           main]&amp#27;[0;39m &amp#27;[2m&amp#27;[0;39m&amp#27;[36mo.s.data.mongodb.core.MongoTemplate     &amp#27;[0;39m &amp#27;[2m:&amp#27;[0;39m find using query: {} fields: Document{{}} for class: class com.logsystem.model.LogEntry in collection: logs
&amp#27;[2m2025-04-24T03:46:14.561+05:30&amp#27;[0;39m &amp#27;[32mDEBUG&amp#27;[0;39m &amp#27;[35m20948&amp#27;[0;39m &amp#27;[2m---&amp#27;[0;39m &amp#27;[2m[           main]&amp#27;[0;39m &amp#27;[2m&amp#27;[0;39m&amp#27;[36mo.s.data.mongodb.core.MongoTemplate     &amp#27;[0;39m &amp#27;[2m:&amp#27;[0;39m Inserting Document containing fields: [index, message, timestamp, level, _class] in collection: logs
&amp#27;[2m2025-04-24T03:46:14.563+05:30&amp#27;[0;39m &amp#27;[32mDEBUG&amp#27;[0;39m &amp#27;[35m20948&amp#27;[0;39m &amp#27;[2m---&amp#27;[0;39m &amp#27;[2m[           main]&amp#27;[0;39m &amp#27;[2m&amp#27;[0;39m&amp#27;[36mo.s.data.mongodb.core.MongoTemplate     &amp#27;[0;39m &amp#27;[2m:&amp#27;[0;39m find using query: {} fields: Document{{}} for class: class com.logsystem.model.LogEntry in collection: logs
&amp#27;[2m2025-04-24T03:46:14.568+05:30&amp#27;[0;39m &amp#27;[32mDEBUG&amp#27;[0;39m &amp#27;[35m20948&amp#27;[0;39m &amp#27;[2m---&amp#27;[0;39m &amp#27;[2m[           main]&amp#27;[0;39m &amp#27;[2m&amp#27;[0;39m&amp#27;[36mo.s.data.mongodb.core.MongoTemplate     &amp#27;[0;39m &amp#27;[2m:&amp#27;[0;39m Inserting Document containing fields: [index, message, timestamp, level, _class] in collection: logs
&amp#27;[2m2025-04-24T03:46:14.570+05:30&amp#27;[0;39m &amp#27;[32mDEBUG&amp#27;[0;39m &amp#27;[35m20948&amp#27;[0;39m &amp#27;[2m---&amp#27;[0;39m &amp#27;[2m[           main]&amp#27;[0;39m &amp#27;[2m&amp#27;[0;39m&amp#27;[36mo.s.data.mongodb.core.MongoTemplate     &amp#27;[0;39m &amp#27;[2m:&amp#27;[0;39m find using query: {} fields: Document{{}} for class: class com.logsystem.model.LogEntry in collection: logs
&amp#27;[2m2025-04-24T03:46:14.575+05:30&amp#27;[0;39m &amp#27;[32mDEBUG&amp#27;[0;39m &amp#27;[35m20948&amp#27;[0;39m &amp#27;[2m---&amp#27;[0;39m &amp#27;[2m[           main]&amp#27;[0;39m &amp#27;[2m&amp#27;[0;39m&amp#27;[36mo.s.data.mongodb.core.MongoTemplate     &amp#27;[0;39m &amp#27;[2m:&amp#27;[0;39m Inserting Document containing fields: [index, message, timestamp, level, _class] in collection: logs
&amp#27;[2m2025-04-24T03:46:14.577+05:30&amp#27;[0;39m &amp#27;[32mDEBUG&amp#27;[0;39m &amp#27;[35m20948&amp#27;[0;39m &amp#27;[2m---&amp#27;[0;39m &amp#27;[2m[           main]&amp#27;[0;39m &amp#27;[2m&amp#27;[0;39m&amp#27;[36mo.s.data.mongodb.core.MongoTemplate     &amp#27;[0;39m &amp#27;[2m:&amp#27;[0;39m find using query: {} fields: Document{{}} for class: class com.logsystem.model.LogEntry in collection: logs
&amp#27;[2m2025-04-24T03:46:14.582+05:30&amp#27;[0;39m &amp#27;[32mDEBUG&amp#27;[0;39m &amp#27;[35m20948&amp#27;[0;39m &amp#27;[2m---&amp#27;[0;39m &amp#27;[2m[           main]&amp#27;[0;39m &amp#27;[2m&amp#27;[0;39m&amp#27;[36mo.s.data.mongodb.core.MongoTemplate     &amp#27;[0;39m &amp#27;[2m:&amp#27;[0;39m Inserting Document containing fields: [index, message, timestamp, level, _class] in collection: logs
&amp#27;[2m2025-04-24T03:46:14.584+05:30&amp#27;[0;39m &amp#27;[32mDEBUG&amp#27;[0;39m &amp#27;[35m20948&amp#27;[0;39m &amp#27;[2m---&amp#27;[0;39m &amp#27;[2m[           main]&amp#27;[0;39m &amp#27;[2m&amp#27;[0;39m&amp#27;[36mo.s.data.mongodb.core.MongoTemplate     &amp#27;[0;39m &amp#27;[2m:&amp#27;[0;39m find using query: {} fields: Document{{}} for class: class com.logsystem.model.LogEntry in collection: logs
&amp#27;[2m2025-04-24T03:46:14.589+05:30&amp#27;[0;39m &amp#27;[32mDEBUG&amp#27;[0;39m &amp#27;[35m20948&amp#27;[0;39m &amp#27;[2m---&amp#27;[0;39m &amp#27;[2m[           main]&amp#27;[0;39m &amp#27;[2m&amp#27;[0;39m&amp#27;[36mo.s.data.mongodb.core.MongoTemplate     &amp#27;[0;39m &amp#27;[2m:&amp#27;[0;39m Inserting Document containing fields: [index, message, timestamp, level, _class] in collection: logs
&amp#27;[2m2025-04-24T03:46:14.591+05:30&amp#27;[0;39m &amp#27;[32mDEBUG&amp#27;[0;39m &amp#27;[35m20948&amp#27;[0;39m &amp#27;[2m---&amp#27;[0;39m &amp#27;[2m[           main]&amp#27;[0;39m &amp#27;[2m&amp#27;[0;39m&amp#27;[36mo.s.data.mongodb.core.MongoTemplate     &amp#27;[0;39m &amp#27;[2m:&amp#27;[0;39m find using query: {} fields: Document{{}} for class: class com.logsystem.model.LogEntry in collection: logs
&amp#27;[2m2025-04-24T03:46:14.596+05:30&amp#27;[0;39m &amp#27;[32mDEBUG&amp#27;[0;39m &amp#27;[35m20948&amp#27;[0;39m &amp#27;[2m---&amp#27;[0;39m &amp#27;[2m[           main]&amp#27;[0;39m &amp#27;[2m&amp#27;[0;39m&amp#27;[36mo.s.data.mongodb.core.MongoTemplate     &amp#27;[0;39m &amp#27;[2m:&amp#27;[0;39m Inserting Document containing fields: [index, message, timestamp, level, _class] in collection: logs
&amp#27;[2m2025-04-24T03:46:14.598+05:30&amp#27;[0;39m &amp#27;[32mDEBUG&amp#27;[0;39m &amp#27;[35m20948&amp#27;[0;39m &amp#27;[2m---&amp#27;[0;39m &amp#27;[2m[           main]&amp#27;[0;39m &amp#27;[2m&amp#27;[0;39m&amp#27;[36mo.s.data.mongodb.core.MongoTemplate     &amp#27;[0;39m &amp#27;[2m:&amp#27;[0;39m find using query: {} fields: Document{{}} for class: class com.logsystem.model.LogEntry in collection: logs
&amp#27;[2m2025-04-24T03:46:14.603+05:30&amp#27;[0;39m &amp#27;[32mDEBUG&amp#27;[0;39m &amp#27;[35m20948&amp#27;[0;39m &amp#27;[2m---&amp#27;[0;39m &amp#27;[2m[           main]&amp#27;[0;39m &amp#27;[2m&amp#27;[0;39m&amp#27;[36mo.s.data.mongodb.core.MongoTemplate     &amp#27;[0;39m &amp#27;[2m:&amp#27;[0;39m Inserting Document containing fields: [index, message, timestamp, level, _class] in collection: logs
&amp#27;[2m2025-04-24T03:46:14.606+05:30&amp#27;[0;39m &amp#27;[32mDEBUG&amp#27;[0;39m &amp#27;[35m20948&amp#27;[0;39m &amp#27;[2m---&amp#27;[0;39m &amp#27;[2m[           main]&amp#27;[0;39m &amp#27;[2m&amp#27;[0;39m&amp#27;[36mo.s.data.mongodb.core.MongoTemplate     &amp#27;[0;39m &amp#27;[2m:&amp#27;[0;39m find using query: {} fields: Document{{}} for class: class com.logsystem.model.LogEntry in collection: logs
&amp#27;[2m2025-04-24T03:46:14.611+05:30&amp#27;[0;39m &amp#27;[32mDEBUG&amp#27;[0;39m &amp#27;[35m20948&amp#27;[0;39m &amp#27;[2m---&amp#27;[0;39m &amp#27;[2m[           main]&amp#27;[0;39m &amp#27;[2m&amp#27;[0;39m&amp#27;[36mo.s.data.mongodb.core.MongoTemplate     &amp#27;[0;39m &amp#27;[2m:&amp#27;[0;39m Inserting Document containing fields: [index, message, timestamp, level, _class] in collection: logs
&amp#27;[2m2025-04-24T03:46:14.613+05:30&amp#27;[0;39m &amp#27;[32mDEBUG&amp#27;[0;39m &amp#27;[35m20948&amp#27;[0;39m &amp#27;[2m---&amp#27;[0;39m &amp#27;[2m[           main]&amp#27;[0;39m &amp#27;[2m&amp#27;[0;39m&amp#27;[36mo.s.data.mongodb.core.MongoTemplate     &amp#27;[0;39m &amp#27;[2m:&amp#27;[0;39m find using query: {} fields: Document{{}} for class: class com.logsystem.model.LogEntry in collection: logs
&amp#27;[2m2025-04-24T03:46:14.618+05:30&amp#27;[0;39m &amp#27;[32mDEBUG&amp#27;[0;39m &amp#27;[35m20948&amp#27;[0;39m &amp#27;[2m---&amp#27;[0;39m &amp#27;[2m[           main]&amp#27;[0;39m &amp#27;[2m&amp#27;[0;39m&amp#27;[36mo.s.data.mongodb.core.MongoTemplate     &amp#27;[0;39m &amp#27;[2m:&amp#27;[0;39m Inserting Document containing fields: [index, message, timestamp, level, _class] in collection: logs
&amp#27;[2m2025-04-24T03:46:14.620+05:30&amp#27;[0;39m &amp#27;[32mDEBUG&amp#27;[0;39m &amp#27;[35m20948&amp#27;[0;39m &amp#27;[2m---&amp#27;[0;39m &amp#27;[2m[           main]&amp#27;[0;39m &amp#27;[2m&amp#27;[0;39m&amp#27;[36mo.s.data.mongodb.core.MongoTemplate     &amp#27;[0;39m &amp#27;[2m:&amp#27;[0;39m find using query: {} fields: Document{{}} for class: class com.logsystem.model.LogEntry in collection: logs
&amp#27;[2m2025-04-24T03:46:14.626+05:30&amp#27;[0;39m &amp#27;[32mDEBUG&amp#27;[0;39m &amp#27;[35m20948&amp#27;[0;39m &amp#27;[2m---&amp#27;[0;39m &amp#27;[2m[           main]&amp#27;[0;39m &amp#27;[2m&amp#27;[0;39m&amp#27;[36mo.s.data.mongodb.core.MongoTemplate     &amp#27;[0;39m &amp#27;[2m:&amp#27;[0;39m Inserting Document containing fields: [index, message, timestamp, level, _class] in collection: logs
&amp#27;[2m2025-04-24T03:46:14.628+05:30&amp#27;[0;39m &amp#27;[32mDEBUG&amp#27;[0;39m &amp#27;[35m20948&amp#27;[0;39m &amp#27;[2m---&amp#27;[0;39m &amp#27;[2m[           main]&amp#27;[0;39m &amp#27;[2m&amp#27;[0;39m&amp#27;[36mo.s.data.mongodb.core.MongoTemplate     &amp#27;[0;39m &amp#27;[2m:&amp#27;[0;39m find using query: {} fields: Document{{}} for class: class com.logsystem.model.LogEntry in collection: logs
&amp#27;[2m2025-04-24T03:46:14.633+05:30&amp#27;[0;39m &amp#27;[32mDEBUG&amp#27;[0;39m &amp#27;[35m20948&amp#27;[0;39m &amp#27;[2m---&amp#27;[0;39m &amp#27;[2m[           main]&amp#27;[0;39m &amp#27;[2m&amp#27;[0;39m&amp#27;[36mo.s.data.mongodb.core.MongoTemplate     &amp#27;[0;39m &amp#27;[2m:&amp#27;[0;39m Inserting Document containing fields: [index, message, timestamp, level, _class] in collection: logs
&amp#27;[2m2025-04-24T03:46:14.635+05:30&amp#27;[0;39m &amp#27;[32mDEBUG&amp#27;[0;39m &amp#27;[35m20948&amp#27;[0;39m &amp#27;[2m---&amp#27;[0;39m &amp#27;[2m[           main]&amp#27;[0;39m &amp#27;[2m&amp#27;[0;39m&amp#27;[36mo.s.data.mongodb.core.MongoTemplate     &amp#27;[0;39m &amp#27;[2m:&amp#27;[0;39m find using query: {} fields: Document{{}} for class: class com.logsystem.model.LogEntry in collection: logs
&amp#27;[2m2025-04-24T03:46:14.641+05:30&amp#27;[0;39m &amp#27;[32mDEBUG&amp#27;[0;39m &amp#27;[35m20948&amp#27;[0;39m &amp#27;[2m---&amp#27;[0;39m &amp#27;[2m[           main]&amp#27;[0;39m &amp#27;[2m&amp#27;[0;39m&amp#27;[36mo.s.data.mongodb.core.MongoTemplate     &amp#27;[0;39m &amp#27;[2m:&amp#27;[0;39m Inserting Document containing fields: [index, message, timestamp, level, _class] in collection: logs
&amp#27;[2m2025-04-24T03:46:14.642+05:30&amp#27;[0;39m &amp#27;[32mDEBUG&amp#27;[0;39m &amp#27;[35m20948&amp#27;[0;39m &amp#27;[2m---&amp#27;[0;39m &amp#27;[2m[           main]&amp#27;[0;39m &amp#27;[2m&amp#27;[0;39m&amp#27;[36mo.s.data.mongodb.core.MongoTemplate     &amp#27;[0;39m &amp#27;[2m:&amp#27;[0;39m find using query: {} fields: Document{{}} for class: class com.logsystem.model.LogEntry in collection: logs
&amp#27;[2m2025-04-24T03:46:14.647+05:30&amp#27;[0;39m &amp#27;[32mDEBUG&amp#27;[0;39m &amp#27;[35m20948&amp#27;[0;39m &amp#27;[2m---&amp#27;[0;39m &amp#27;[2m[           main]&amp#27;[0;39m &amp#27;[2m&amp#27;[0;39m&amp#27;[36mo.s.data.mongodb.core.MongoTemplate     &amp#27;[0;39m &amp#27;[2m:&amp#27;[0;39m Inserting Document containing fields: [index, message, timestamp, level, _class] in collection: logs
&amp#27;[2m2025-04-24T03:46:14.648+05:30&amp#27;[0;39m &amp#27;[32mDEBUG&amp#27;[0;39m &amp#27;[35m20948&amp#27;[0;39m &amp#27;[2m---&amp#27;[0;39m &amp#27;[2m[           main]&amp#27;[0;39m &amp#27;[2m&amp#27;[0;39m&amp#27;[36mo.s.data.mongodb.core.MongoTemplate     &amp#27;[0;39m &amp#27;[2m:&amp#27;[0;39m find using query: {} fields: Document{{}} for class: class com.logsystem.model.LogEntry in collection: logs
&amp#27;[2m2025-04-24T03:46:14.653+05:30&amp#27;[0;39m &amp#27;[32mDEBUG&amp#27;[0;39m &amp#27;[35m20948&amp#27;[0;39m &amp#27;[2m---&amp#27;[0;39m &amp#27;[2m[           main]&amp#27;[0;39m &amp#27;[2m&amp#27;[0;39m&amp#27;[36mo.s.data.mongodb.core.MongoTemplate     &amp#27;[0;39m &amp#27;[2m:&amp#27;[0;39m Inserting Document containing fields: [index, message, timestamp, level, _class] in collection: logs
&amp#27;[2m2025-04-24T03:46:14.654+05:30&amp#27;[0;39m &amp#27;[32mDEBUG&amp#27;[0;39m &amp#27;[35m20948&amp#27;[0;39m &amp#27;[2m---&amp#27;[0;39m &amp#27;[2m[           main]&amp#27;[0;39m &amp#27;[2m&amp#27;[0;39m&amp#27;[36mo.s.data.mongodb.core.MongoTemplate     &amp#27;[0;39m &amp#27;[2m:&amp#27;[0;39m find using query: {} fields: Document{{}} for class: class com.logsystem.model.LogEntry in collection: logs
&amp#27;[2m2025-04-24T03:46:14.659+05:30&amp#27;[0;39m &amp#27;[32mDEBUG&amp#27;[0;39m &amp#27;[35m20948&amp#27;[0;39m &amp#27;[2m---&amp#27;[0;39m &amp#27;[2m[           main]&amp#27;[0;39m &amp#27;[2m&amp#27;[0;39m&amp#27;[36mo.s.data.mongodb.core.MongoTemplate     &amp#27;[0;39m &amp#27;[2m:&amp#27;[0;39m Inserting Document containing fields: [index, message, timestamp, level, _class] in collection: logs
&amp#27;[2m2025-04-24T03:46:14.661+05:30&amp#27;[0;39m &amp#27;[32mDEBUG&amp#27;[0;39m &amp#27;[35m20948&amp#27;[0;39m &amp#27;[2m---&amp#27;[0;39m &amp#27;[2m[           main]&amp#27;[0;39m &amp#27;[2m&amp#27;[0;39m&amp#27;[36mo.s.data.mongodb.core.MongoTemplate     &amp#27;[0;39m &amp#27;[2m:&amp#27;[0;39m find using query: {} fields: Document{{}} for class: class com.logsystem.model.LogEntry in collection: logs
&amp#27;[2m2025-04-24T03:46:14.666+05:30&amp#27;[0;39m &amp#27;[32mDEBUG&amp#27;[0;39m &amp#27;[35m20948&amp#27;[0;39m &amp#27;[2m---&amp#27;[0;39m &amp#27;[2m[           main]&amp#27;[0;39m &amp#27;[2m&amp#27;[0;39m&amp#27;[36mo.s.data.mongodb.core.MongoTemplate     &amp#27;[0;39m &amp#27;[2m:&amp#27;[0;39m Inserting Document containing fields: [index, message, timestamp, level, _class] in collection: logs
&amp#27;[2m2025-04-24T03:46:14.668+05:30&amp#27;[0;39m &amp#27;[32mDEBUG&amp#27;[0;39m &amp#27;[35m20948&amp#27;[0;39m &amp#27;[2m---&amp#27;[0;39m &amp#27;[2m[           main]&amp#27;[0;39m &amp#27;[2m&amp#27;[0;39m&amp#27;[36mo.s.data.mongodb.core.MongoTemplate     &amp#27;[0;39m &amp#27;[2m:&amp#27;[0;39m find using query: {} fields: Document{{}} for class: class com.logsystem.model.LogEntry in collection: logs
&amp#27;[2m2025-04-24T03:46:14.673+05:30&amp#27;[0;39m &amp#27;[32mDEBUG&amp#27;[0;39m &amp#27;[35m20948&amp#27;[0;39m &amp#27;[2m---&amp#27;[0;39m &amp#27;[2m[           main]&amp#27;[0;39m &amp#27;[2m&amp#27;[0;39m&amp#27;[36mo.s.data.mongodb.core.MongoTemplate     &amp#27;[0;39m &amp#27;[2m:&amp#27;[0;39m Inserting Document containing fields: [index, message, timestamp, level, _class] in collection: logs
&amp#27;[2m2025-04-24T03:46:14.674+05:30&amp#27;[0;39m &amp#27;[32mDEBUG&amp#27;[0;39m &amp#27;[35m20948&amp#27;[0;39m &amp#27;[2m---&amp#27;[0;39m &amp#27;[2m[           main]&amp#27;[0;39m &amp#27;[2m&amp#27;[0;39m&amp#27;[36mo.s.data.mongodb.core.MongoTemplate     &amp#27;[0;39m &amp#27;[2m:&amp#27;[0;39m find using query: {} fields: Document{{}} for class: class com.logsystem.model.LogEntry in collection: logs
&amp#27;[2m2025-04-24T03:46:14.679+05:30&amp#27;[0;39m &amp#27;[32mDEBUG&amp#27;[0;39m &amp#27;[35m20948&amp#27;[0;39m &amp#27;[2m---&amp#27;[0;39m &amp#27;[2m[           main]&amp#27;[0;39m &amp#27;[2m&amp#27;[0;39m&amp#27;[36mo.s.data.mongodb.core.MongoTemplate     &amp#27;[0;39m &amp#27;[2m:&amp#27;[0;39m Inserting Document containing fields: [index, message, timestamp, level, _class] in collection: logs
&amp#27;[2m2025-04-24T03:46:14.680+05:30&amp#27;[0;39m &amp#27;[32mDEBUG&amp#27;[0;39m &amp#27;[35m20948&amp#27;[0;39m &amp#27;[2m---&amp#27;[0;39m &amp#27;[2m[           main]&amp#27;[0;39m &amp#27;[2m&amp#27;[0;39m&amp#27;[36mo.s.data.mongodb.core.MongoTemplate     &amp#27;[0;39m &amp#27;[2m:&amp#27;[0;39m find using query: {} fields: Document{{}} for class: class com.logsystem.model.LogEntry in collection: logs
&amp#27;[2m2025-04-24T03:46:14.685+05:30&amp#27;[0;39m &amp#27;[32mDEBUG&amp#27;[0;39m &amp#27;[35m20948&amp#27;[0;39m &amp#27;[2m---&amp#27;[0;39m &amp#27;[2m[           main]&amp#27;[0;39m &amp#27;[2m&amp#27;[0;39m&amp#27;[36mo.s.data.mongodb.core.MongoTemplate     &amp#27;[0;39m &amp#27;[2m:&amp#27;[0;39m Inserting Document containing fields: [index, message, timestamp, level, _class] in collection: logs
&amp#27;[2m2025-04-24T03:46:14.686+05:30&amp#27;[0;39m &amp#27;[32mDEBUG&amp#27;[0;39m &amp#27;[35m20948&amp#27;[0;39m &amp#27;[2m---&amp#27;[0;39m &amp#27;[2m[           main]&amp#27;[0;39m &amp#27;[2m&amp#27;[0;39m&amp#27;[36mo.s.data.mongodb.core.MongoTemplate     &amp#27;[0;39m &amp#27;[2m:&amp#27;[0;39m find using query: {} fields: Document{{}} for class: class com.logsystem.model.LogEntry in collection: logs
&amp#27;[2m2025-04-24T03:46:14.691+05:30&amp#27;[0;39m &amp#27;[32mDEBUG&amp#27;[0;39m &amp#27;[35m20948&amp#27;[0;39m &amp#27;[2m---&amp#27;[0;39m &amp#27;[2m[           main]&amp#27;[0;39m &amp#27;[2m&amp#27;[0;39m&amp#27;[36mo.s.data.mongodb.core.MongoTemplate     &amp#27;[0;39m &amp#27;[2m:&amp#27;[0;39m Inserting Document containing fields: [index, message, timestamp, level, _class] in collection: logs
&amp#27;[2m2025-04-24T03:46:14.692+05:30&amp#27;[0;39m &amp#27;[32mDEBUG&amp#27;[0;39m &amp#27;[35m20948&amp#27;[0;39m &amp#27;[2m---&amp#27;[0;39m &amp#27;[2m[           main]&amp#27;[0;39m &amp#27;[2m&amp#27;[0;39m&amp#27;[36mo.s.data.mongodb.core.MongoTemplate     &amp#27;[0;39m &amp#27;[2m:&amp#27;[0;39m find using query: {} fields: Document{{}} for class: class com.logsystem.model.LogEntry in collection: logs
&amp#27;[2m2025-04-24T03:46:14.697+05:30&amp#27;[0;39m &amp#27;[32mDEBUG&amp#27;[0;39m &amp#27;[35m20948&amp#27;[0;39m &amp#27;[2m---&amp#27;[0;39m &amp#27;[2m[           main]&amp#27;[0;39m &amp#27;[2m&amp#27;[0;39m&amp#27;[36mo.s.data.mongodb.core.MongoTemplate     &amp#27;[0;39m &amp#27;[2m:&amp#27;[0;39m Inserting Document containing fields: [index, message, timestamp, level, _class] in collection: logs
&amp#27;[2m2025-04-24T03:46:14.698+05:30&amp#27;[0;39m &amp#27;[32mDEBUG&amp#27;[0;39m &amp#27;[35m20948&amp#27;[0;39m &amp#27;[2m---&amp#27;[0;39m &amp#27;[2m[           main]&amp#27;[0;39m &amp#27;[2m&amp#27;[0;39m&amp#27;[36mo.s.data.mongodb.core.MongoTemplate     &amp#27;[0;39m &amp#27;[2m:&amp#27;[0;39m find using query: {} fields: Document{{}} for class: class com.logsystem.model.LogEntry in collection: logs
&amp#27;[2m2025-04-24T03:46:14.704+05:30&amp#27;[0;39m &amp#27;[32mDEBUG&amp#27;[0;39m &amp#27;[35m20948&amp#27;[0;39m &amp#27;[2m---&amp#27;[0;39m &amp#27;[2m[           main]&amp#27;[0;39m &amp#27;[2m&amp#27;[0;39m&amp#27;[36mo.s.data.mongodb.core.MongoTemplate     &amp#27;[0;39m &amp#27;[2m:&amp#27;[0;39m Inserting Document containing fields: [index, message, timestamp, level, _class] in collection: logs
&amp#27;[2m2025-04-24T03:46:14.705+05:30&amp#27;[0;39m &amp#27;[32mDEBUG&amp#27;[0;39m &amp#27;[35m20948&amp#27;[0;39m &amp#27;[2m---&amp#27;[0;39m &amp#27;[2m[           main]&amp#27;[0;39m &amp#27;[2m&amp#27;[0;39m&amp#27;[36mo.s.data.mongodb.core.MongoTemplate     &amp#27;[0;39m &amp#27;[2m:&amp#27;[0;39m find using query: {} fields: Document{{}} for class: class com.logsystem.model.LogEntry in collection: logs
&amp#27;[2m2025-04-24T03:46:14.711+05:30&amp#27;[0;39m &amp#27;[32mDEBUG&amp#27;[0;39m &amp#27;[35m20948&amp#27;[0;39m &amp#27;[2m---&amp#27;[0;39m &amp#27;[2m[           main]&amp#27;[0;39m &amp#27;[2m&amp#27;[0;39m&amp#27;[36mo.s.data.mongodb.core.MongoTemplate     &amp#27;[0;39m &amp#27;[2m:&amp#27;[0;39m Inserting Document containing fields: [index, message, timestamp, level, _class] in collection: logs
&amp#27;[2m2025-04-24T03:46:14.712+05:30&amp#27;[0;39m &amp#27;[32mDEBUG&amp#27;[0;39m &amp#27;[35m20948&amp#27;[0;39m &amp#27;[2m---&amp#27;[0;39m &amp#27;[2m[           main]&amp#27;[0;39m &amp#27;[2m&amp#27;[0;39m&amp#27;[36mo.s.data.mongodb.core.MongoTemplate     &amp#27;[0;39m &amp#27;[2m:&amp#27;[0;39m find using query: {} fields: Document{{}} for class: class com.logsystem.model.LogEntry in collection: logs
&amp#27;[2m2025-04-24T03:46:14.717+05:30&amp#27;[0;39m &amp#27;[32mDEBUG&amp#27;[0;39m &amp#27;[35m20948&amp#27;[0;39m &amp#27;[2m---&amp#27;[0;39m &amp#27;[2m[           main]&amp#27;[0;39m &amp#27;[2m&amp#27;[0;39m&amp#27;[36mo.s.data.mongodb.core.MongoTemplate     &amp#27;[0;39m &amp#27;[2m:&amp#27;[0;39m Inserting Document containing fields: [index, message, timestamp, level, _class] in collection: logs
&amp#27;[2m2025-04-24T03:46:14.718+05:30&amp#27;[0;39m &amp#27;[32mDEBUG&amp#27;[0;39m &amp#27;[35m20948&amp#27;[0;39m &amp#27;[2m---&amp#27;[0;39m &amp#27;[2m[           main]&amp#27;[0;39m &amp#27;[2m&amp#27;[0;39m&amp#27;[36mo.s.data.mongodb.core.MongoTemplate     &amp#27;[0;39m &amp#27;[2m:&amp#27;[0;39m find using query: {} fields: Document{{}} for class: class com.logsystem.model.LogEntry in collection: logs
&amp#27;[2m2025-04-24T03:46:14.723+05:30&amp#27;[0;39m &amp#27;[32mDEBUG&amp#27;[0;39m &amp#27;[35m20948&amp#27;[0;39m &amp#27;[2m---&amp#27;[0;39m &amp#27;[2m[           main]&amp#27;[0;39m &amp#27;[2m&amp#27;[0;39m&amp#27;[36mo.s.data.mongodb.core.MongoTemplate     &amp#27;[0;39m &amp#27;[2m:&amp#27;[0;39m Inserting Document containing fields: [index, message, timestamp, level, _class] in collection: logs
&amp#27;[2m2025-04-24T03:46:14.725+05:30&amp#27;[0;39m &amp#27;[32mDEBUG&amp#27;[0;39m &amp#27;[35m20948&amp#27;[0;39m &amp#27;[2m---&amp#27;[0;39m &amp#27;[2m[           main]&amp#27;[0;39m &amp#27;[2m&amp#27;[0;39m&amp#27;[36mo.s.data.mongodb.core.MongoTemplate     &amp#27;[0;39m &amp#27;[2m:&amp#27;[0;39m find using query: {} fields: Document{{}} for class: class com.logsystem.model.LogEntry in collection: logs
&amp#27;[2m2025-04-24T03:46:14.729+05:30&amp#27;[0;39m &amp#27;[32mDEBUG&amp#27;[0;39m &amp#27;[35m20948&amp#27;[0;39m &amp#27;[2m---&amp#27;[0;39m &amp#27;[2m[           main]&amp#27;[0;39m &amp#27;[2m&amp#27;[0;39m&amp#27;[36mo.s.data.mongodb.core.MongoTemplate     &amp#27;[0;39m &amp#27;[2m:&amp#27;[0;39m Inserting Document containing fields: [index, message, timestamp, level, _class] in collection: logs
&amp#27;[2m2025-04-24T03:46:14.731+05:30&amp#27;[0;39m &amp#27;[32mDEBUG&amp#27;[0;39m &amp#27;[35m20948&amp#27;[0;39m &amp#27;[2m---&amp#27;[0;39m &amp#27;[2m[           main]&amp#27;[0;39m &amp#27;[2m&amp#27;[0;39m&amp#27;[36mo.s.data.mongodb.core.MongoTemplate     &amp#27;[0;39m &amp#27;[2m:&amp#27;[0;39m find using query: {} fields: Document{{}} for class: class com.logsystem.model.LogEntry in collection: logs
&amp#27;[2m2025-04-24T03:46:14.735+05:30&amp#27;[0;39m &amp#27;[32mDEBUG&amp#27;[0;39m &amp#27;[35m20948&amp#27;[0;39m &amp#27;[2m---&amp#27;[0;39m &amp#27;[2m[           main]&amp#27;[0;39m &amp#27;[2m&amp#27;[0;39m&amp#27;[36mo.s.data.mongodb.core.MongoTemplate     &amp#27;[0;39m &amp#27;[2m:&amp#27;[0;39m Inserting Document containing fields: [index, message, timestamp, level, _class] in collection: logs
&amp#27;[2m2025-04-24T03:46:14.736+05:30&amp#27;[0;39m &amp#27;[32mDEBUG&amp#27;[0;39m &amp#27;[35m20948&amp#27;[0;39m &amp#27;[2m---&amp#27;[0;39m &amp#27;[2m[           main]&amp#27;[0;39m &amp#27;[2m&amp#27;[0;39m&amp#27;[36mo.s.data.mongodb.core.MongoTemplate     &amp#27;[0;39m &amp#27;[2m:&amp#27;[0;39m find using query: {} fields: Document{{}} for class: class com.logsystem.model.LogEntry in collection: logs
&amp#27;[2m2025-04-24T03:46:14.741+05:30&amp#27;[0;39m &amp#27;[32mDEBUG&amp#27;[0;39m &amp#27;[35m20948&amp#27;[0;39m &amp#27;[2m---&amp#27;[0;39m &amp#27;[2m[           main]&amp#27;[0;39m &amp#27;[2m&amp#27;[0;39m&amp#27;[36mo.s.data.mongodb.core.MongoTemplate     &amp#27;[0;39m &amp#27;[2m:&amp#27;[0;39m Inserting Document containing fields: [index, message, timestamp, level, _class] in collection: logs
&amp#27;[2m2025-04-24T03:46:14.742+05:30&amp#27;[0;39m &amp#27;[32mDEBUG&amp#27;[0;39m &amp#27;[35m20948&amp#27;[0;39m &amp#27;[2m---&amp#27;[0;39m &amp#27;[2m[           main]&amp#27;[0;39m &amp#27;[2m&amp#27;[0;39m&amp#27;[36mo.s.data.mongodb.core.MongoTemplate     &amp#27;[0;39m &amp#27;[2m:&amp#27;[0;39m find using query: {} fields: Document{{}} for class: class com.logsystem.model.LogEntry in collection: logs
&amp#27;[2m2025-04-24T03:46:14.746+05:30&amp#27;[0;39m &amp#27;[32mDEBUG&amp#27;[0;39m &amp#27;[35m20948&amp#27;[0;39m &amp#27;[2m---&amp#27;[0;39m &amp#27;[2m[           main]&amp#27;[0;39m &amp#27;[2m&amp#27;[0;39m&amp#27;[36mo.s.data.mongodb.core.MongoTemplate     &amp#27;[0;39m &amp#27;[2m:&amp#27;[0;39m Inserting Document containing fields: [index, message, timestamp, level, _class] in collection: logs
&amp#27;[2m2025-04-24T03:46:14.747+05:30&amp#27;[0;39m &amp#27;[32mDEBUG&amp#27;[0;39m &amp#27;[35m20948&amp#27;[0;39m &amp#27;[2m---&amp#27;[0;39m &amp#27;[2m[           main]&amp#27;[0;39m &amp#27;[2m&amp#27;[0;39m&amp#27;[36mo.s.data.mongodb.core.MongoTemplate     &amp#27;[0;39m &amp#27;[2m:&amp#27;[0;39m find using query: {} fields: Document{{}} for class: class com.logsystem.model.LogEntry in collection: logs
&amp#27;[2m2025-04-24T03:46:14.751+05:30&amp#27;[0;39m &amp#27;[32mDEBUG&amp#27;[0;39m &amp#27;[35m20948&amp#27;[0;39m &amp#27;[2m---&amp#27;[0;39m &amp#27;[2m[           main]&amp#27;[0;39m &amp#27;[2m&amp#27;[0;39m&amp#27;[36mo.s.data.mongodb.core.MongoTemplate     &amp#27;[0;39m &amp#27;[2m:&amp#27;[0;39m Inserting Document containing fields: [index, message, timestamp, level, _class] in collection: logs
&amp#27;[2m2025-04-24T03:46:14.753+05:30&amp#27;[0;39m &amp#27;[32mDEBUG&amp#27;[0;39m &amp#27;[35m20948&amp#27;[0;39m &amp#27;[2m---&amp#27;[0;39m &amp#27;[2m[           main]&amp#27;[0;39m &amp#27;[2m&amp#27;[0;39m&amp#27;[36mo.s.data.mongodb.core.MongoTemplate     &amp#27;[0;39m &amp#27;[2m:&amp#27;[0;39m find using query: {} fields: Document{{}} for class: class com.logsystem.model.LogEntry in collection: logs
&amp#27;[2m2025-04-24T03:46:14.757+05:30&amp#27;[0;39m &amp#27;[32mDEBUG&amp#27;[0;39m &amp#27;[35m20948&amp#27;[0;39m &amp#27;[2m---&amp#27;[0;39m &amp#27;[2m[           main]&amp#27;[0;39m &amp#27;[2m&amp#27;[0;39m&amp#27;[36mo.s.data.mongodb.core.MongoTemplate     &amp#27;[0;39m &amp#27;[2m:&amp#27;[0;39m Inserting Document containing fields: [index, message, timestamp, level, _class] in collection: logs
&amp#27;[2m2025-04-24T03:46:14.758+05:30&amp#27;[0;39m &amp#27;[32mDEBUG&amp#27;[0;39m &amp#27;[35m20948&amp#27;[0;39m &amp#27;[2m---&amp#27;[0;39m &amp#27;[2m[           main]&amp#27;[0;39m &amp#27;[2m&amp#27;[0;39m&amp#27;[36mo.s.data.mongodb.core.MongoTemplate     &amp#27;[0;39m &amp#27;[2m:&amp#27;[0;39m find using query: {} fields: Document{{}} for class: class com.logsystem.model.LogEntry in collection: logs
&amp#27;[2m2025-04-24T03:46:14.762+05:30&amp#27;[0;39m &amp#27;[32mDEBUG&amp#27;[0;39m &amp#27;[35m20948&amp#27;[0;39m &amp#27;[2m---&amp#27;[0;39m &amp#27;[2m[           main]&amp#27;[0;39m &amp#27;[2m&amp#27;[0;39m&amp#27;[36mo.s.data.mongodb.core.MongoTemplate     &amp#27;[0;39m &amp#27;[2m:&amp#27;[0;39m Inserting Document containing fields: [index, message, timestamp, level, _class] in collection: logs
&amp#27;[2m2025-04-24T03:46:14.763+05:30&amp#27;[0;39m &amp#27;[32mDEBUG&amp#27;[0;39m &amp#27;[35m20948&amp#27;[0;39m &amp#27;[2m---&amp#27;[0;39m &amp#27;[2m[           main]&amp#27;[0;39m &amp#27;[2m&amp#27;[0;39m&amp#27;[36mo.s.data.mongodb.core.MongoTemplate     &amp#27;[0;39m &amp#27;[2m:&amp#27;[0;39m find using query: {} fields: Document{{}} for class: class com.logsystem.model.LogEntry in collection: logs
&amp#27;[2m2025-04-24T03:46:14.767+05:30&amp#27;[0;39m &amp#27;[32mDEBUG&amp#27;[0;39m &amp#27;[35m20948&amp#27;[0;39m &amp#27;[2m---&amp#27;[0;39m &amp#27;[2m[           main]&amp#27;[0;39m &amp#27;[2m&amp#27;[0;39m&amp#27;[36mo.s.data.mongodb.core.MongoTemplate     &amp#27;[0;39m &amp#27;[2m:&amp#27;[0;39m Inserting Document containing fields: [index, message, timestamp, level, _class] in collection: logs
&amp#27;[2m2025-04-24T03:46:14.769+05:30&amp#27;[0;39m &amp#27;[32mDEBUG&amp#27;[0;39m &amp#27;[35m20948&amp#27;[0;39m &amp#27;[2m---&amp#27;[0;39m &amp#27;[2m[           main]&amp#27;[0;39m &amp#27;[2m&amp#27;[0;39m&amp#27;[36mo.s.data.mongodb.core.MongoTemplate     &amp#27;[0;39m &amp#27;[2m:&amp#27;[0;39m find using query: {} fields: Document{{}} for class: class com.logsystem.model.LogEntry in collection: logs
&amp#27;[2m2025-04-24T03:46:14.773+05:30&amp#27;[0;39m &amp#27;[32mDEBUG&amp#27;[0;39m &amp#27;[35m20948&amp#27;[0;39m &amp#27;[2m---&amp#27;[0;39m &amp#27;[2m[           main]&amp#27;[0;39m &amp#27;[2m&amp#27;[0;39m&amp#27;[36mo.s.data.mongodb.core.MongoTemplate     &amp#27;[0;39m &amp#27;[2m:&amp#27;[0;39m Inserting Document containing fields: [index, message, timestamp, level, _class] in collection: logs
&amp#27;[2m2025-04-24T03:46:14.774+05:30&amp#27;[0;39m &amp#27;[32mDEBUG&amp#27;[0;39m &amp#27;[35m20948&amp#27;[0;39m &amp#27;[2m---&amp#27;[0;39m &amp#27;[2m[           main]&amp#27;[0;39m &amp#27;[2m&amp#27;[0;39m&amp#27;[36mo.s.data.mongodb.core.MongoTemplate     &amp#27;[0;39m &amp#27;[2m:&amp#27;[0;39m find using query: {} fields: Document{{}} for class: class com.logsystem.model.LogEntry in collection: logs
&amp#27;[2m2025-04-24T03:46:14.778+05:30&amp#27;[0;39m &amp#27;[32mDEBUG&amp#27;[0;39m &amp#27;[35m20948&amp#27;[0;39m &amp#27;[2m---&amp#27;[0;39m &amp#27;[2m[           main]&amp#27;[0;39m &amp#27;[2m&amp#27;[0;39m&amp#27;[36mo.s.data.mongodb.core.MongoTemplate     &amp#27;[0;39m &amp#27;[2m:&amp#27;[0;39m Inserting Document containing fields: [index, message, timestamp, level, _class] in collection: logs
&amp#27;[2m2025-04-24T03:46:14.779+05:30&amp#27;[0;39m &amp#27;[32mDEBUG&amp#27;[0;39m &amp#27;[35m20948&amp#27;[0;39m &amp#27;[2m---&amp#27;[0;39m &amp#27;[2m[           main]&amp#27;[0;39m &amp#27;[2m&amp#27;[0;39m&amp#27;[36mo.s.data.mongodb.core.MongoTemplate     &amp#27;[0;39m &amp#27;[2m:&amp#27;[0;39m find using query: {} fields: Document{{}} for class: class com.logsystem.model.LogEntry in collection: logs
&amp#27;[2m2025-04-24T03:46:14.783+05:30&amp#27;[0;39m &amp#27;[32mDEBUG&amp#27;[0;39m &amp#27;[35m20948&amp#27;[0;39m &amp#27;[2m---&amp#27;[0;39m &amp#27;[2m[           main]&amp#27;[0;39m &amp#27;[2m&amp#27;[0;39m&amp#27;[36mo.s.data.mongodb.core.MongoTemplate     &amp#27;[0;39m &amp#27;[2m:&amp#27;[0;39m Inserting Document containing fields: [index, message, timestamp, level, _class] in collection: logs
&amp#27;[2m2025-04-24T03:46:14.784+05:30&amp#27;[0;39m &amp#27;[32mDEBUG&amp#27;[0;39m &amp#27;[35m20948&amp#27;[0;39m &amp#27;[2m---&amp#27;[0;39m &amp#27;[2m[           main]&amp#27;[0;39m &amp#27;[2m&amp#27;[0;39m&amp#27;[36mo.s.data.mongodb.core.MongoTemplate     &amp#27;[0;39m &amp#27;[2m:&amp#27;[0;39m find using query: {} fields: Document{{}} for class: class com.logsystem.model.LogEntry in collection: logs
&amp#27;[2m2025-04-24T03:46:14.788+05:30&amp#27;[0;39m &amp#27;[32mDEBUG&amp#27;[0;39m &amp#27;[35m20948&amp#27;[0;39m &amp#27;[2m---&amp#27;[0;39m &amp#27;[2m[           main]&amp#27;[0;39m &amp#27;[2m&amp#27;[0;39m&amp#27;[36mo.s.data.mongodb.core.MongoTemplate     &amp#27;[0;39m &amp#27;[2m:&amp#27;[0;39m Inserting Document containing fields: [index, message, timestamp, level, _class] in collection: logs
&amp#27;[2m2025-04-24T03:46:14.789+05:30&amp#27;[0;39m &amp#27;[32mDEBUG&amp#27;[0;39m &amp#27;[35m20948&amp#27;[0;39m &amp#27;[2m---&amp#27;[0;39m &amp#27;[2m[           main]&amp#27;[0;39m &amp#27;[2m&amp#27;[0;39m&amp#27;[36mo.s.data.mongodb.core.MongoTemplate     &amp#27;[0;39m &amp#27;[2m:&amp#27;[0;39m find using query: {} fields: Document{{}} for class: class com.logsystem.model.LogEntry in collection: logs
&amp#27;[2m2025-04-24T03:46:14.792+05:30&amp#27;[0;39m &amp#27;[32mDEBUG&amp#27;[0;39m &amp#27;[35m20948&amp#27;[0;39m &amp#27;[2m---&amp#27;[0;39m &amp#27;[2m[           main]&amp#27;[0;39m &amp#27;[2m&amp#27;[0;39m&amp#27;[36mo.s.data.mongodb.core.MongoTemplate     &amp#27;[0;39m &amp#27;[2m:&amp#27;[0;39m Inserting Document containing fields: [index, message, timestamp, level, _class] in collection: logs
&amp#27;[2m2025-04-24T03:46:14.793+05:30&amp#27;[0;39m &amp#27;[32mDEBUG&amp#27;[0;39m &amp#27;[35m20948&amp#27;[0;39m &amp#27;[2m---&amp#27;[0;39m &amp#27;[2m[           main]&amp#27;[0;39m &amp#27;[2m&amp#27;[0;39m&amp#27;[36mo.s.data.mongodb.core.MongoTemplate     &amp#27;[0;39m &amp#27;[2m:&amp#27;[0;39m find using query: {} fields: Document{{}} for class: class com.logsystem.model.LogEntry in collection: logs
&amp#27;[2m2025-04-24T03:46:14.797+05:30&amp#27;[0;39m &amp#27;[32mDEBUG&amp#27;[0;39m &amp#27;[35m20948&amp#27;[0;39m &amp#27;[2m---&amp#27;[0;39m &amp#27;[2m[           main]&amp#27;[0;39m &amp#27;[2m&amp#27;[0;39m&amp#27;[36mo.s.data.mongodb.core.MongoTemplate     &amp#27;[0;39m &amp#27;[2m:&amp#27;[0;39m Inserting Document containing fields: [index, message, timestamp, level, _class] in collection: logs
&amp#27;[2m2025-04-24T03:46:14.798+05:30&amp#27;[0;39m &amp#27;[32mDEBUG&amp#27;[0;39m &amp#27;[35m20948&amp#27;[0;39m &amp#27;[2m---&amp#27;[0;39m &amp#27;[2m[           main]&amp#27;[0;39m &amp#27;[2m&amp#27;[0;39m&amp#27;[36mo.s.data.mongodb.core.MongoTemplate     &amp#27;[0;39m &amp#27;[2m:&amp#27;[0;39m find using query: {} fields: Document{{}} for class: class com.logsystem.model.LogEntry in collection: logs
&amp#27;[2m2025-04-24T03:46:14.802+05:30&amp#27;[0;39m &amp#27;[32mDEBUG&amp#27;[0;39m &amp#27;[35m20948&amp#27;[0;39m &amp#27;[2m---&amp#27;[0;39m &amp#27;[2m[           main]&amp#27;[0;39m &amp#27;[2m&amp#27;[0;39m&amp#27;[36mo.s.data.mongodb.core.MongoTemplate     &amp#27;[0;39m &amp#27;[2m:&amp#27;[0;39m Inserting Document containing fields: [index, message, timestamp, level, _class] in collection: logs
&amp#27;[2m2025-04-24T03:46:14.802+05:30&amp#27;[0;39m &amp#27;[32mDEBUG&amp#27;[0;39m &amp#27;[35m20948&amp#27;[0;39m &amp#27;[2m---&amp#27;[0;39m &amp#27;[2m[           main]&amp#27;[0;39m &amp#27;[2m&amp#27;[0;39m&amp#27;[36mo.s.data.mongodb.core.MongoTemplate     &amp#27;[0;39m &amp#27;[2m:&amp#27;[0;39m find using query: {} fields: Document{{}} for class: class com.logsystem.model.LogEntry in collection: logs
&amp#27;[2m2025-04-24T03:46:14.806+05:30&amp#27;[0;39m &amp#27;[32mDEBUG&amp#27;[0;39m &amp#27;[35m20948&amp#27;[0;39m &amp#27;[2m---&amp#27;[0;39m &amp#27;[2m[           main]&amp#27;[0;39m &amp#27;[2m&amp#27;[0;39m&amp#27;[36mo.s.data.mongodb.core.MongoTemplate     &amp#27;[0;39m &amp#27;[2m:&amp#27;[0;39m Inserting Document containing fields: [index, message, timestamp, level, _class] in collection: logs
&amp#27;[2m2025-04-24T03:46:14.807+05:30&amp#27;[0;39m &amp#27;[32mDEBUG&amp#27;[0;39m &amp#27;[35m20948&amp#27;[0;39m &amp#27;[2m---&amp#27;[0;39m &amp#27;[2m[           main]&amp#27;[0;39m &amp#27;[2m&amp#27;[0;39m&amp#27;[36mo.s.data.mongodb.core.MongoTemplate     &amp#27;[0;39m &amp#27;[2m:&amp#27;[0;39m find using query: {} fields: Document{{}} for class: class com.logsystem.model.LogEntry in collection: logs
&amp#27;[2m2025-04-24T03:46:14.811+05:30&amp#27;[0;39m &amp#27;[32mDEBUG&amp#27;[0;39m &amp#27;[35m20948&amp#27;[0;39m &amp#27;[2m---&amp#27;[0;39m &amp#27;[2m[           main]&amp#27;[0;39m &amp#27;[2m&amp#27;[0;39m&amp#27;[36mo.s.data.mongodb.core.MongoTemplate     &amp#27;[0;39m &amp#27;[2m:&amp#27;[0;39m Inserting Document containing fields: [index, message, timestamp, level, _class] in collection: logs
&amp#27;[2m2025-04-24T03:46:14.812+05:30&amp#27;[0;39m &amp#27;[32mDEBUG&amp#27;[0;39m &amp#27;[35m20948&amp#27;[0;39m &amp#27;[2m---&amp#27;[0;39m &amp#27;[2m[           main]&amp#27;[0;39m &amp#27;[2m&amp#27;[0;39m&amp#27;[36mo.s.data.mongodb.core.MongoTemplate     &amp#27;[0;39m &amp#27;[2m:&amp#27;[0;39m find using query: {} fields: Document{{}} for class: class com.logsystem.model.LogEntry in collection: logs
&amp#27;[2m2025-04-24T03:46:14.818+05:30&amp#27;[0;39m &amp#27;[32mDEBUG&amp#27;[0;39m &amp#27;[35m20948&amp#27;[0;39m &amp#27;[2m---&amp#27;[0;39m &amp#27;[2m[           main]&amp#27;[0;39m &amp#27;[2m&amp#27;[0;39m&amp#27;[36mo.s.data.mongodb.core.MongoTemplate     &amp#27;[0;39m &amp#27;[2m:&amp#27;[0;39m Inserting Document containing fields: [index, message, timestamp, level, _class] in collection: logs
&amp#27;[2m2025-04-24T03:46:14.819+05:30&amp#27;[0;39m &amp#27;[32mDEBUG&amp#27;[0;39m &amp#27;[35m20948&amp#27;[0;39m &amp#27;[2m---&amp#27;[0;39m &amp#27;[2m[           main]&amp#27;[0;39m &amp#27;[2m&amp#27;[0;39m&amp#27;[36mo.s.data.mongodb.core.MongoTemplate     &amp#27;[0;39m &amp#27;[2m:&amp#27;[0;39m find using query: {} fields: Document{{}} for class: class com.logsystem.model.LogEntry in collection: logs
&amp#27;[2m2025-04-24T03:46:14.823+05:30&amp#27;[0;39m &amp#27;[32mDEBUG&amp#27;[0;39m &amp#27;[35m20948&amp#27;[0;39m &amp#27;[2m---&amp#27;[0;39m &amp#27;[2m[           main]&amp#27;[0;39m &amp#27;[2m&amp#27;[0;39m&amp#27;[36mo.s.data.mongodb.core.MongoTemplate     &amp#27;[0;39m &amp#27;[2m:&amp#27;[0;39m Inserting Document containing fields: [index, message, timestamp, level, _class] in collection: logs
&amp#27;[2m2025-04-24T03:46:14.824+05:30&amp#27;[0;39m &amp#27;[32mDEBUG&amp#27;[0;39m &amp#27;[35m20948&amp#27;[0;39m &amp#27;[2m---&amp#27;[0;39m &amp#27;[2m[           main]&amp#27;[0;39m &amp#27;[2m&amp#27;[0;39m&amp#27;[36mo.s.data.mongodb.core.MongoTemplate     &amp#27;[0;39m &amp#27;[2m:&amp#27;[0;39m find using query: {} fields: Document{{}} for class: class com.logsystem.model.LogEntry in collection: logs
&amp#27;[2m2025-04-24T03:46:14.828+05:30&amp#27;[0;39m &amp#27;[32mDEBUG&amp#27;[0;39m &amp#27;[35m20948&amp#27;[0;39m &amp#27;[2m---&amp#27;[0;39m &amp#27;[2m[           main]&amp#27;[0;39m &amp#27;[2m&amp#27;[0;39m&amp#27;[36mo.s.data.mongodb.core.MongoTemplate     &amp#27;[0;39m &amp#27;[2m:&amp#27;[0;39m Inserting Document containing fields: [index, message, timestamp, level, _class] in collection: logs
&amp#27;[2m2025-04-24T03:46:14.829+05:30&amp#27;[0;39m &amp#27;[32mDEBUG&amp#27;[0;39m &amp#27;[35m20948&amp#27;[0;39m &amp#27;[2m---&amp#27;[0;39m &amp#27;[2m[           main]&amp#27;[0;39m &amp#27;[2m&amp#27;[0;39m&amp#27;[36mo.s.data.mongodb.core.MongoTemplate     &amp#27;[0;39m &amp#27;[2m:&amp#27;[0;39m find using query: {} fields: Document{{}} for class: class com.logsystem.model.LogEntry in collection: logs
&amp#27;[2m2025-04-24T03:46:14.832+05:30&amp#27;[0;39m &amp#27;[32mDEBUG&amp#27;[0;39m &amp#27;[35m20948&amp#27;[0;39m &amp#27;[2m---&amp#27;[0;39m &amp#27;[2m[           main]&amp#27;[0;39m &amp#27;[2m&amp#27;[0;39m&amp#27;[36mo.s.data.mongodb.core.MongoTemplate     &amp#27;[0;39m &amp#27;[2m:&amp#27;[0;39m Inserting Document containing fields: [index, message, timestamp, level, _class] in collection: logs
&amp#27;[2m2025-04-24T03:46:14.833+05:30&amp#27;[0;39m &amp#27;[32mDEBUG&amp#27;[0;39m &amp#27;[35m20948&amp#27;[0;39m &amp#27;[2m---&amp#27;[0;39m &amp#27;[2m[           main]&amp#27;[0;39m &amp#27;[2m&amp#27;[0;39m&amp#27;[36mo.s.data.mongodb.core.MongoTemplate     &amp#27;[0;39m &amp#27;[2m:&amp#27;[0;39m find using query: {} fields: Document{{}} for class: class com.logsystem.model.LogEntry in collection: logs
&amp#27;[2m2025-04-24T03:46:14.837+05:30&amp#27;[0;39m &amp#27;[32mDEBUG&amp#27;[0;39m &amp#27;[35m20948&amp#27;[0;39m &amp#27;[2m---&amp#27;[0;39m &amp#27;[2m[           main]&amp#27;[0;39m &amp#27;[2m&amp#27;[0;39m&amp#27;[36mo.s.data.mongodb.core.MongoTemplate     &amp#27;[0;39m &amp#27;[2m:&amp#27;[0;39m Inserting Document containing fields: [index, message, timestamp, level, _class] in collection: logs
&amp#27;[2m2025-04-24T03:46:14.838+05:30&amp#27;[0;39m &amp#27;[32mDEBUG&amp#27;[0;39m &amp#27;[35m20948&amp#27;[0;39m &amp#27;[2m---&amp#27;[0;39m &amp#27;[2m[           main]&amp#27;[0;39m &amp#27;[2m&amp#27;[0;39m&amp#27;[36mo.s.data.mongodb.core.MongoTemplate     &amp#27;[0;39m &amp#27;[2m:&amp#27;[0;39m find using query: {} fields: Document{{}} for class: class com.logsystem.model.LogEntry in collection: logs
&amp#27;[2m2025-04-24T03:46:14.842+05:30&amp#27;[0;39m &amp#27;[32mDEBUG&amp#27;[0;39m &amp#27;[35m20948&amp#27;[0;39m &amp#27;[2m---&amp#27;[0;39m &amp#27;[2m[           main]&amp#27;[0;39m &amp#27;[2m&amp#27;[0;39m&amp#27;[36mo.s.data.mongodb.core.MongoTemplate     &amp#27;[0;39m &amp#27;[2m:&amp#27;[0;39m Inserting Document containing fields: [index, message, timestamp, level, _class] in collection: logs
&amp#27;[2m2025-04-24T03:46:14.842+05:30&amp#27;[0;39m &amp#27;[32mDEBUG&amp#27;[0;39m &amp#27;[35m20948&amp#27;[0;39m &amp#27;[2m---&amp#27;[0;39m &amp#27;[2m[           main]&amp#27;[0;39m &amp#27;[2m&amp#27;[0;39m&amp#27;[36mo.s.data.mongodb.core.MongoTemplate     &amp#27;[0;39m &amp#27;[2m:&amp#27;[0;39m find using query: {} fields: Document{{}} for class: class com.logsystem.model.LogEntry in collection: logs
&amp#27;[2m2025-04-24T03:46:14.846+05:30&amp#27;[0;39m &amp#27;[32mDEBUG&amp#27;[0;39m &amp#27;[35m20948&amp#27;[0;39m &amp#27;[2m---&amp#27;[0;39m &amp#27;[2m[           main]&amp#27;[0;39m &amp#27;[2m&amp#27;[0;39m&amp#27;[36mo.s.data.mongodb.core.MongoTemplate     &amp#27;[0;39m &amp#27;[2m:&amp#27;[0;39m Inserting Document containing fields: [index, message, timestamp, level, _class] in collection: logs
&amp#27;[2m2025-04-24T03:46:14.847+05:30&amp#27;[0;39m &amp#27;[32mDEBUG&amp#27;[0;39m &amp#27;[35m20948&amp#27;[0;39m &amp#27;[2m---&amp#27;[0;39m &amp#27;[2m[           main]&amp#27;[0;39m &amp#27;[2m&amp#27;[0;39m&amp#27;[36mo.s.data.mongodb.core.MongoTemplate     &amp#27;[0;39m &amp#27;[2m:&amp#27;[0;39m find using query: {} fields: Document{{}} for class: class com.logsystem.model.LogEntry in collection: logs
&amp#27;[2m2025-04-24T03:46:14.850+05:30&amp#27;[0;39m &amp#27;[32mDEBUG&amp#27;[0;39m &amp#27;[35m20948&amp#27;[0;39m &amp#27;[2m---&amp#27;[0;39m &amp#27;[2m[           main]&amp#27;[0;39m &amp#27;[2m&amp#27;[0;39m&amp#27;[36mo.s.data.mongodb.core.MongoTemplate     &amp#27;[0;39m &amp#27;[2m:&amp#27;[0;39m Inserting Document containing fields: [index, message, timestamp, level, _class] in collection: logs
&amp#27;[2m2025-04-24T03:46:14.851+05:30&amp#27;[0;39m &amp#27;[32mDEBUG&amp#27;[0;39m &amp#27;[35m20948&amp#27;[0;39m &amp#27;[2m---&amp#27;[0;39m &amp#27;[2m[           main]&amp#27;[0;39m &amp#27;[2m&amp#27;[0;39m&amp#27;[36mo.s.data.mongodb.core.MongoTemplate     &amp#27;[0;39m &amp#27;[2m:&amp#27;[0;39m find using query: {} fields: Document{{}} for class: class com.logsystem.model.LogEntry in collection: logs
&amp#27;[2m2025-04-24T03:46:14.854+05:30&amp#27;[0;39m &amp#27;[32mDEBUG&amp#27;[0;39m &amp#27;[35m20948&amp#27;[0;39m &amp#27;[2m---&amp#27;[0;39m &amp#27;[2m[           main]&amp#27;[0;39m &amp#27;[2m&amp#27;[0;39m&amp#27;[36mo.s.data.mongodb.core.MongoTemplate     &amp#27;[0;39m &amp#27;[2m:&amp#27;[0;39m Inserting Document containing fields: [index, message, timestamp, level, _class] in collection: logs
&amp#27;[2m2025-04-24T03:46:14.855+05:30&amp#27;[0;39m &amp#27;[32mDEBUG&amp#27;[0;39m &amp#27;[35m20948&amp#27;[0;39m &amp#27;[2m---&amp#27;[0;39m &amp#27;[2m[           main]&amp#27;[0;39m &amp#27;[2m&amp#27;[0;39m&amp#27;[36mo.s.data.mongodb.core.MongoTemplate     &amp#27;[0;39m &amp#27;[2m:&amp#27;[0;39m find using query: {} fields: Document{{}} for class: class com.logsystem.model.LogEntry in collection: logs
&amp#27;[2m2025-04-24T03:46:14.858+05:30&amp#27;[0;39m &amp#27;[32mDEBUG&amp#27;[0;39m &amp#27;[35m20948&amp#27;[0;39m &amp#27;[2m---&amp#27;[0;39m &amp#27;[2m[           main]&amp#27;[0;39m &amp#27;[2m&amp#27;[0;39m&amp#27;[36mo.s.data.mongodb.core.MongoTemplate     &amp#27;[0;39m &amp#27;[2m:&amp#27;[0;39m Inserting Document containing fields: [index, message, timestamp, level, _class] in collection: logs
&amp#27;[2m2025-04-24T03:46:14.859+05:30&amp#27;[0;39m &amp#27;[32mDEBUG&amp#27;[0;39m &amp#27;[35m20948&amp#27;[0;39m &amp#27;[2m---&amp#27;[0;39m &amp#27;[2m[           main]&amp#27;[0;39m &amp#27;[2m&amp#27;[0;39m&amp#27;[36mo.s.data.mongodb.core.MongoTemplate     &amp#27;[0;39m &amp#27;[2m:&amp#27;[0;39m find using query: {} fields: Document{{}} for class: class com.logsystem.model.LogEntry in collection: logs
&amp#27;[2m2025-04-24T03:46:14.862+05:30&amp#27;[0;39m &amp#27;[32mDEBUG&amp#27;[0;39m &amp#27;[35m20948&amp#27;[0;39m &amp#27;[2m---&amp#27;[0;39m &amp#27;[2m[           main]&amp#27;[0;39m &amp#27;[2m&amp#27;[0;39m&amp#27;[36mo.s.data.mongodb.core.MongoTemplate     &amp#27;[0;39m &amp#27;[2m:&amp#27;[0;39m Inserting Document containing fields: [index, message, timestamp, level, _class] in collection: logs
&amp#27;[2m2025-04-24T03:46:14.863+05:30&amp#27;[0;39m &amp#27;[32mDEBUG&amp#27;[0;39m &amp#27;[35m20948&amp#27;[0;39m &amp#27;[2m---&amp#27;[0;39m &amp#27;[2m[           main]&amp#27;[0;39m &amp#27;[2m&amp#27;[0;39m&amp#27;[36mo.s.data.mongodb.core.MongoTemplate     &amp#27;[0;39m &amp#27;[2m:&amp#27;[0;39m find using query: {} fields: Document{{}} for class: class com.logsystem.model.LogEntry in collection: logs
&amp#27;[2m2025-04-24T03:46:14.867+05:30&amp#27;[0;39m &amp#27;[32mDEBUG&amp#27;[0;39m &amp#27;[35m20948&amp#27;[0;39m &amp#27;[2m---&amp#27;[0;39m &amp#27;[2m[           main]&amp#27;[0;39m &amp#27;[2m&amp#27;[0;39m&amp#27;[36mo.s.data.mongodb.core.MongoTemplate     &amp#27;[0;39m &amp#27;[2m:&amp#27;[0;39m Inserting Document containing fields: [index, message, timestamp, level, _class] in collection: logs
&amp#27;[2m2025-04-24T03:46:14.868+05:30&amp#27;[0;39m &amp#27;[32mDEBUG&amp#27;[0;39m &amp#27;[35m20948&amp#27;[0;39m &amp#27;[2m---&amp#27;[0;39m &amp#27;[2m[           main]&amp#27;[0;39m &amp#27;[2m&amp#27;[0;39m&amp#27;[36mo.s.data.mongodb.core.MongoTemplate     &amp#27;[0;39m &amp#27;[2m:&amp#27;[0;39m find using query: {} fields: Document{{}} for class: class com.logsystem.model.LogEntry in collection: logs
&amp#27;[2m2025-04-24T03:46:14.871+05:30&amp#27;[0;39m &amp#27;[32mDEBUG&amp#27;[0;39m &amp#27;[35m20948&amp#27;[0;39m &amp#27;[2m---&amp#27;[0;39m &amp#27;[2m[           main]&amp#27;[0;39m &amp#27;[2m&amp#27;[0;39m&amp#27;[36mo.s.data.mongodb.core.MongoTemplate     &amp#27;[0;39m &amp#27;[2m:&amp#27;[0;39m Inserting Document containing fields: [index, message, timestamp, level, _class] in collection: logs
&amp#27;[2m2025-04-24T03:46:14.872+05:30&amp#27;[0;39m &amp#27;[32mDEBUG&amp#27;[0;39m &amp#27;[35m20948&amp#27;[0;39m &amp#27;[2m---&amp#27;[0;39m &amp#27;[2m[           main]&amp#27;[0;39m &amp#27;[2m&amp#27;[0;39m&amp#27;[36mo.s.data.mongodb.core.MongoTemplate     &amp#27;[0;39m &amp#27;[2m:&amp#27;[0;39m find using query: {} fields: Document{{}} for class: class com.logsystem.model.LogEntry in collection: logs
&amp#27;[2m2025-04-24T03:46:14.875+05:30&amp#27;[0;39m &amp#27;[32mDEBUG&amp#27;[0;39m &amp#27;[35m20948&amp#27;[0;39m &amp#27;[2m---&amp#27;[0;39m &amp#27;[2m[           main]&amp#27;[0;39m &amp#27;[2m&amp#27;[0;39m&amp#27;[36mo.s.data.mongodb.core.MongoTemplate     &amp#27;[0;39m &amp#27;[2m:&amp#27;[0;39m Inserting Document containing fields: [index, message, timestamp, level, _class] in collection: logs
&amp#27;[2m2025-04-24T03:46:14.876+05:30&amp#27;[0;39m &amp#27;[32mDEBUG&amp#27;[0;39m &amp#27;[35m20948&amp#27;[0;39m &amp#27;[2m---&amp#27;[0;39m &amp#27;[2m[           main]&amp#27;[0;39m &amp#27;[2m&amp#27;[0;39m&amp#27;[36mo.s.data.mongodb.core.MongoTemplate     &amp#27;[0;39m &amp#27;[2m:&amp#27;[0;39m find using query: {} fields: Document{{}} for class: class com.logsystem.model.LogEntry in collection: logs
&amp#27;[2m2025-04-24T03:46:14.879+05:30&amp#27;[0;39m &amp#27;[32mDEBUG&amp#27;[0;39m &amp#27;[35m20948&amp#27;[0;39m &amp#27;[2m---&amp#27;[0;39m &amp#27;[2m[           main]&amp#27;[0;39m &amp#27;[2m&amp#27;[0;39m&amp#27;[36mo.s.data.mongodb.core.MongoTemplate     &amp#27;[0;39m &amp#27;[2m:&amp#27;[0;39m Inserting Document containing fields: [index, message, timestamp, level, _class] in collection: logs
&amp#27;[2m2025-04-24T03:46:14.880+05:30&amp#27;[0;39m &amp#27;[32mDEBUG&amp#27;[0;39m &amp#27;[35m20948&amp#27;[0;39m &amp#27;[2m---&amp#27;[0;39m &amp#27;[2m[           main]&amp#27;[0;39m &amp#27;[2m&amp#27;[0;39m&amp#27;[36mo.s.data.mongodb.core.MongoTemplate     &amp#27;[0;39m &amp#27;[2m:&amp#27;[0;39m find using query: {} fields: Document{{}} for class: class com.logsystem.model.LogEntry in collection: logs
&amp#27;[2m2025-04-24T03:46:14.883+05:30&amp#27;[0;39m &amp#27;[32mDEBUG&amp#27;[0;39m &amp#27;[35m20948&amp#27;[0;39m &amp#27;[2m---&amp#27;[0;39m &amp#27;[2m[           main]&amp#27;[0;39m &amp#27;[2m&amp#27;[0;39m&amp#27;[36mo.s.data.mongodb.core.MongoTemplate     &amp#27;[0;39m &amp#27;[2m:&amp#27;[0;39m Inserting Document containing fields: [index, message, timestamp, level, _class] in collection: logs
&amp#27;[2m2025-04-24T03:46:14.884+05:30&amp#27;[0;39m &amp#27;[32mDEBUG&amp#27;[0;39m &amp#27;[35m20948&amp#27;[0;39m &amp#27;[2m---&amp#27;[0;39m &amp#27;[2m[           main]&amp#27;[0;39m &amp#27;[2m&amp#27;[0;39m&amp#27;[36mo.s.data.mongodb.core.MongoTemplate     &amp#27;[0;39m &amp#27;[2m:&amp#27;[0;39m find using query: {} fields: Document{{}} for class: class com.logsystem.model.LogEntry in collection: logs
&amp#27;[2m2025-04-24T03:46:14.887+05:30&amp#27;[0;39m &amp#27;[32mDEBUG&amp#27;[0;39m &amp#27;[35m20948&amp#27;[0;39m &amp#27;[2m---&amp#27;[0;39m &amp#27;[2m[           main]&amp#27;[0;39m &amp#27;[2m&amp#27;[0;39m&amp#27;[36mo.s.data.mongodb.core.MongoTemplate     &amp#27;[0;39m &amp#27;[2m:&amp#27;[0;39m Inserting Document containing fields: [index, message, timestamp, level, _class] in collection: logs
&amp#27;[2m2025-04-24T03:46:14.888+05:30&amp#27;[0;39m &amp#27;[32mDEBUG&amp#27;[0;39m &amp#27;[35m20948&amp#27;[0;39m &amp#27;[2m---&amp#27;[0;39m &amp#27;[2m[           main]&amp#27;[0;39m &amp#27;[2m&amp#27;[0;39m&amp#27;[36mo.s.data.mongodb.core.MongoTemplate     &amp#27;[0;39m &amp#27;[2m:&amp#27;[0;39m find using query: {} fields: Document{{}} for class: class com.logsystem.model.LogEntry in collection: logs
&amp#27;[2m2025-04-24T03:46:14.890+05:30&amp#27;[0;39m &amp#27;[32mDEBUG&amp#27;[0;39m &amp#27;[35m20948&amp#27;[0;39m &amp#27;[2m---&amp#27;[0;39m &amp#27;[2m[           main]&amp#27;[0;39m &amp#27;[2m&amp#27;[0;39m&amp#27;[36mo.s.data.mongodb.core.MongoTemplate     &amp#27;[0;39m &amp#27;[2m:&amp#27;[0;39m Inserting Document containing fields: [index, message, timestamp, level, _class] in collection: logs
&amp#27;[2m2025-04-24T03:46:14.891+05:30&amp#27;[0;39m &amp#27;[32mDEBUG&amp#27;[0;39m &amp#27;[35m20948&amp#27;[0;39m &amp#27;[2m---&amp#27;[0;39m &amp#27;[2m[           main]&amp#27;[0;39m &amp#27;[2m&amp#27;[0;39m&amp#27;[36mo.s.data.mongodb.core.MongoTemplate     &amp#27;[0;39m &amp#27;[2m:&amp#27;[0;39m find using query: {} fields: Document{{}} for class: class com.logsystem.model.LogEntry in collection: logs
&amp#27;[2m2025-04-24T03:46:14.894+05:30&amp#27;[0;39m &amp#27;[32mDEBUG&amp#27;[0;39m &amp#27;[35m20948&amp#27;[0;39m &amp#27;[2m---&amp#27;[0;39m &amp#27;[2m[           main]&amp#27;[0;39m &amp#27;[2m&amp#27;[0;39m&amp#27;[36mo.s.data.mongodb.core.MongoTemplate     &amp#27;[0;39m &amp#27;[2m:&amp#27;[0;39m Inserting Document containing fields: [index, message, timestamp, level, _class] in collection: logs
&amp#27;[2m2025-04-24T03:46:14.895+05:30&amp#27;[0;39m &amp#27;[32mDEBUG&amp#27;[0;39m &amp#27;[35m20948&amp#27;[0;39m &amp#27;[2m---&amp#27;[0;39m &amp#27;[2m[           main]&amp#27;[0;39m &amp#27;[2m&amp#27;[0;39m&amp#27;[36mo.s.data.mongodb.core.MongoTemplate     &amp#27;[0;39m &amp#27;[2m:&amp#27;[0;39m find using query: {} fields: Document{{}} for class: class com.logsystem.model.LogEntry in collection: logs
&amp#27;[2m2025-04-24T03:46:14.898+05:30&amp#27;[0;39m &amp#27;[32mDEBUG&amp#27;[0;39m &amp#27;[35m20948&amp#27;[0;39m &amp#27;[2m---&amp#27;[0;39m &amp#27;[2m[           main]&amp#27;[0;39m &amp#27;[2m&amp#27;[0;39m&amp#27;[36mo.s.data.mongodb.core.MongoTemplate     &amp#27;[0;39m &amp#27;[2m:&amp#27;[0;39m Inserting Document containing fields: [index, message, timestamp, level, _class] in collection: logs
&amp#27;[2m2025-04-24T03:46:14.898+05:30&amp#27;[0;39m &amp#27;[32mDEBUG&amp#27;[0;39m &amp#27;[35m20948&amp#27;[0;39m &amp#27;[2m---&amp#27;[0;39m &amp#27;[2m[           main]&amp#27;[0;39m &amp#27;[2m&amp#27;[0;39m&amp#27;[36mo.s.data.mongodb.core.MongoTemplate     &amp#27;[0;39m &amp#27;[2m:&amp#27;[0;39m find using query: {} fields: Document{{}} for class: class com.logsystem.model.LogEntry in collection: logs
&amp#27;[2m2025-04-24T03:46:14.901+05:30&amp#27;[0;39m &amp#27;[32mDEBUG&amp#27;[0;39m &amp#27;[35m20948&amp#27;[0;39m &amp#27;[2m---&amp#27;[0;39m &amp#27;[2m[           main]&amp#27;[0;39m &amp#27;[2m&amp#27;[0;39m&amp#27;[36mo.s.data.mongodb.core.MongoTemplate     &amp#27;[0;39m &amp#27;[2m:&amp#27;[0;39m Inserting Document containing fields: [index, message, timestamp, level, _class] in collection: logs
&amp#27;[2m2025-04-24T03:46:14.902+05:30&amp#27;[0;39m &amp#27;[32mDEBUG&amp#27;[0;39m &amp#27;[35m20948&amp#27;[0;39m &amp#27;[2m---&amp#27;[0;39m &amp#27;[2m[           main]&amp#27;[0;39m &amp#27;[2m&amp#27;[0;39m&amp#27;[36mo.s.data.mongodb.core.MongoTemplate     &amp#27;[0;39m &amp#27;[2m:&amp#27;[0;39m find using query: {} fields: Document{{}} for class: class com.logsystem.model.LogEntry in collection: logs
&amp#27;[2m2025-04-24T03:46:14.905+05:30&amp#27;[0;39m &amp#27;[32mDEBUG&amp#27;[0;39m &amp#27;[35m20948&amp#27;[0;39m &amp#27;[2m---&amp#27;[0;39m &amp#27;[2m[           main]&amp#27;[0;39m &amp#27;[2m&amp#27;[0;39m&amp#27;[36mo.s.data.mongodb.core.MongoTemplate     &amp#27;[0;39m &amp#27;[2m:&amp#27;[0;39m Inserting Document containing fields: [index, message, timestamp, level, _class] in collection: logs
&amp#27;[2m2025-04-24T03:46:14.906+05:30&amp#27;[0;39m &amp#27;[32mDEBUG&amp#27;[0;39m &amp#27;[35m20948&amp#27;[0;39m &amp#27;[2m---&amp#27;[0;39m &amp#27;[2m[           main]&amp#27;[0;39m &amp#27;[2m&amp#27;[0;39m&amp#27;[36mo.s.data.mongodb.core.MongoTemplate     &amp#27;[0;39m &amp#27;[2m:&amp#27;[0;39m find using query: {} fields: Document{{}} for class: class com.logsystem.model.LogEntry in collection: logs
&amp#27;[2m2025-04-24T03:46:14.908+05:30&amp#27;[0;39m &amp#27;[32mDEBUG&amp#27;[0;39m &amp#27;[35m20948&amp#27;[0;39m &amp#27;[2m---&amp#27;[0;39m &amp#27;[2m[           main]&amp#27;[0;39m &amp#27;[2m&amp#27;[0;39m&amp#27;[36mo.s.data.mongodb.core.MongoTemplate     &amp#27;[0;39m &amp#27;[2m:&amp#27;[0;39m Inserting Document containing fields: [index, message, timestamp, level, _class] in collection: logs
&amp#27;[2m2025-04-24T03:46:14.910+05:30&amp#27;[0;39m &amp#27;[32mDEBUG&amp#27;[0;39m &amp#27;[35m20948&amp#27;[0;39m &amp#27;[2m---&amp#27;[0;39m &amp#27;[2m[           main]&amp#27;[0;39m &amp#27;[2m&amp#27;[0;39m&amp#27;[36mo.s.data.mongodb.core.MongoTemplate     &amp#27;[0;39m &amp#27;[2m:&amp#27;[0;39m find using query: {} fields: Document{{}} for class: class com.logsystem.model.LogEntry in collection: logs
&amp#27;[2m2025-04-24T03:46:14.913+05:30&amp#27;[0;39m &amp#27;[32mDEBUG&amp#27;[0;39m &amp#27;[35m20948&amp#27;[0;39m &amp#27;[2m---&amp#27;[0;39m &amp#27;[2m[           main]&amp#27;[0;39m &amp#27;[2m&amp#27;[0;39m&amp#27;[36mo.s.data.mongodb.core.MongoTemplate     &amp#27;[0;39m &amp#27;[2m:&amp#27;[0;39m Inserting Document containing fields: [index, message, timestamp, level, _class] in collection: logs
&amp#27;[2m2025-04-24T03:46:14.914+05:30&amp#27;[0;39m &amp#27;[32mDEBUG&amp#27;[0;39m &amp#27;[35m20948&amp#27;[0;39m &amp#27;[2m---&amp#27;[0;39m &amp#27;[2m[           main]&amp#27;[0;39m &amp#27;[2m&amp#27;[0;39m&amp#27;[36mo.s.data.mongodb.core.MongoTemplate     &amp#27;[0;39m &amp#27;[2m:&amp#27;[0;39m find using query: {} fields: Document{{}} for class: class com.logsystem.model.LogEntry in collection: logs
&amp#27;[2m2025-04-24T03:46:14.917+05:30&amp#27;[0;39m &amp#27;[32mDEBUG&amp#27;[0;39m &amp#27;[35m20948&amp#27;[0;39m &amp#27;[2m---&amp#27;[0;39m &amp#27;[2m[           main]&amp#27;[0;39m &amp#27;[2m&amp#27;[0;39m&amp#27;[36mo.s.data.mongodb.core.MongoTemplate     &amp#27;[0;39m &amp#27;[2m:&amp#27;[0;39m Inserting Document containing fields: [index, message, timestamp, level, _class] in collection: logs
&amp#27;[2m2025-04-24T03:46:14.919+05:30&amp#27;[0;39m &amp#27;[32mDEBUG&amp#27;[0;39m &amp#27;[35m20948&amp#27;[0;39m &amp#27;[2m---&amp#27;[0;39m &amp#27;[2m[           main]&amp#27;[0;39m &amp#27;[2m&amp#27;[0;39m&amp#27;[36mo.s.data.mongodb.core.MongoTemplate     &amp#27;[0;39m &amp#27;[2m:&amp#27;[0;39m find using query: {} fields: Document{{}} for class: class com.logsystem.model.LogEntry in collection: logs
&amp#27;[2m2025-04-24T03:46:14.922+05:30&amp#27;[0;39m &amp#27;[32mDEBUG&amp#27;[0;39m &amp#27;[35m20948&amp#27;[0;39m &amp#27;[2m---&amp#27;[0;39m &amp#27;[2m[           main]&amp#27;[0;39m &amp#27;[2m&amp#27;[0;39m&amp#27;[36mo.s.data.mongodb.core.MongoTemplate     &amp#27;[0;39m &amp#27;[2m:&amp#27;[0;39m Inserting Document containing fields: [index, message, timestamp, level, _class] in collection: logs
&amp#27;[2m2025-04-24T03:46:14.923+05:30&amp#27;[0;39m &amp#27;[32mDEBUG&amp#27;[0;39m &amp#27;[35m20948&amp#27;[0;39m &amp#27;[2m---&amp#27;[0;39m &amp#27;[2m[           main]&amp#27;[0;39m &amp#27;[2m&amp#27;[0;39m&amp#27;[36mo.s.data.mongodb.core.MongoTemplate     &amp#27;[0;39m &amp#27;[2m:&amp#27;[0;39m find using query: {} fields: Document{{}} for class: class com.logsystem.model.LogEntry in collection: logs
&amp#27;[2m2025-04-24T03:46:14.927+05:30&amp#27;[0;39m &amp#27;[32mDEBUG&amp#27;[0;39m &amp#27;[35m20948&amp#27;[0;39m &amp#27;[2m---&amp#27;[0;39m &amp#27;[2m[           main]&amp#27;[0;39m &amp#27;[2m&amp#27;[0;39m&amp#27;[36mo.s.data.mongodb.core.MongoTemplate     &amp#27;[0;39m &amp#27;[2m:&amp#27;[0;39m Inserting Document containing fields: [index, message, timestamp, level, _class] in collection: logs
&amp#27;[2m2025-04-24T03:46:14.928+05:30&amp#27;[0;39m &amp#27;[32mDEBUG&amp#27;[0;39m &amp#27;[35m20948&amp#27;[0;39m &amp#27;[2m---&amp#27;[0;39m &amp#27;[2m[           main]&amp#27;[0;39m &amp#27;[2m&amp#27;[0;39m&amp#27;[36mo.s.data.mongodb.core.MongoTemplate     &amp#27;[0;39m &amp#27;[2m:&amp#27;[0;39m find using query: {} fields: Document{{}} for class: class com.logsystem.model.LogEntry in collection: logs
&amp#27;[2m2025-04-24T03:46:14.930+05:30&amp#27;[0;39m &amp#27;[32mDEBUG&amp#27;[0;39m &amp#27;[35m20948&amp#27;[0;39m &amp#27;[2m---&amp#27;[0;39m &amp#27;[2m[           main]&amp#27;[0;39m &amp#27;[2m&amp#27;[0;39m&amp#27;[36mo.s.data.mongodb.core.MongoTemplate     &amp#27;[0;39m &amp#27;[2m:&amp#27;[0;39m Inserting Document containing fields: [index, message, timestamp, level, _class] in collection: logs
&amp#27;[2m2025-04-24T03:46:14.931+05:30&amp#27;[0;39m &amp#27;[32mDEBUG&amp#27;[0;39m &amp#27;[35m20948&amp#27;[0;39m &amp#27;[2m---&amp#27;[0;39m &amp#27;[2m[           main]&amp#27;[0;39m &amp#27;[2m&amp#27;[0;39m&amp#27;[36mo.s.data.mongodb.core.MongoTemplate     &amp#27;[0;39m &amp#27;[2m:&amp#27;[0;39m find using query: {} fields: Document{{}} for class: class com.logsystem.model.LogEntry in collection: logs
&amp#27;[2m2025-04-24T03:46:14.934+05:30&amp#27;[0;39m &amp#27;[32mDEBUG&amp#27;[0;39m &amp#27;[35m20948&amp#27;[0;39m &amp#27;[2m---&amp#27;[0;39m &amp#27;[2m[           main]&amp#27;[0;39m &amp#27;[2m&amp#27;[0;39m&amp#27;[36mo.s.data.mongodb.core.MongoTemplate     &amp#27;[0;39m &amp#27;[2m:&amp#27;[0;39m Inserting Document containing fields: [index, message, timestamp, level, _class] in collection: logs
&amp#27;[2m2025-04-24T03:46:14.935+05:30&amp#27;[0;39m &amp#27;[32mDEBUG&amp#27;[0;39m &amp#27;[35m20948&amp#27;[0;39m &amp#27;[2m---&amp#27;[0;39m &amp#27;[2m[           main]&amp#27;[0;39m &amp#27;[2m&amp#27;[0;39m&amp#27;[36mo.s.data.mongodb.core.MongoTemplate     &amp#27;[0;39m &amp#27;[2m:&amp#27;[0;39m find using query: {} fields: Document{{}} for class: class com.logsystem.model.LogEntry in collection: logs
&amp#27;[2m2025-04-24T03:46:14.937+05:30&amp#27;[0;39m &amp#27;[32mDEBUG&amp#27;[0;39m &amp#27;[35m20948&amp#27;[0;39m &amp#27;[2m---&amp#27;[0;39m &amp#27;[2m[           main]&amp#27;[0;39m &amp#27;[2m&amp#27;[0;39m&amp#27;[36mo.s.data.mongodb.core.MongoTemplate     &amp#27;[0;39m &amp#27;[2m:&amp#27;[0;39m Inserting Document containing fields: [index, message, timestamp, level, _class] in collection: logs
&amp#27;[2m2025-04-24T03:46:14.939+05:30&amp#27;[0;39m &amp#27;[32mDEBUG&amp#27;[0;39m &amp#27;[35m20948&amp#27;[0;39m &amp#27;[2m---&amp#27;[0;39m &amp#27;[2m[           main]&amp#27;[0;39m &amp#27;[2m&amp#27;[0;39m&amp#27;[36mo.s.data.mongodb.core.MongoTemplate     &amp#27;[0;39m &amp#27;[2m:&amp#27;[0;39m find using query: {} fields: Document{{}} for class: class com.logsystem.model.LogEntry in collection: logs
&amp#27;[2m2025-04-24T03:46:14.942+05:30&amp#27;[0;39m &amp#27;[32mDEBUG&amp#27;[0;39m &amp#27;[35m20948&amp#27;[0;39m &amp#27;[2m---&amp#27;[0;39m &amp#27;[2m[           main]&amp#27;[0;39m &amp#27;[2m&amp#27;[0;39m&amp#27;[36mo.s.data.mongodb.core.MongoTemplate     &amp#27;[0;39m &amp#27;[2m:&amp#27;[0;39m Inserting Document containing fields: [index, message, timestamp, level, _class] in collection: logs
&amp#27;[2m2025-04-24T03:46:14.943+05:30&amp#27;[0;39m &amp#27;[32mDEBUG&amp#27;[0;39m &amp#27;[35m20948&amp#27;[0;39m &amp#27;[2m---&amp#27;[0;39m &amp#27;[2m[           main]&amp#27;[0;39m &amp#27;[2m&amp#27;[0;39m&amp#27;[36mo.s.data.mongodb.core.MongoTemplate     &amp#27;[0;39m &amp#27;[2m:&amp#27;[0;39m find using query: {} fields: Document{{}} for class: class com.logsystem.model.LogEntry in collection: logs
&amp#27;[2m2025-04-24T03:46:14.946+05:30&amp#27;[0;39m &amp#27;[32mDEBUG&amp#27;[0;39m &amp#27;[35m20948&amp#27;[0;39m &amp#27;[2m---&amp#27;[0;39m &amp#27;[2m[           main]&amp#27;[0;39m &amp#27;[2m&amp#27;[0;39m&amp#27;[36mo.s.data.mongodb.core.MongoTemplate     &amp#27;[0;39m &amp#27;[2m:&amp#27;[0;39m Inserting Document containing fields: [index, message, timestamp, level, _class] in collection: logs
&amp#27;[2m2025-04-24T03:46:14.947+05:30&amp#27;[0;39m &amp#27;[32mDEBUG&amp#27;[0;39m &amp#27;[35m20948&amp#27;[0;39m &amp#27;[2m---&amp#27;[0;39m &amp#27;[2m[           main]&amp#27;[0;39m &amp#27;[2m&amp#27;[0;39m&amp#27;[36mo.s.data.mongodb.core.MongoTemplate     &amp#27;[0;39m &amp#27;[2m:&amp#27;[0;39m find using query: {} fields: Document{{}} for class: class com.logsystem.model.LogEntry in collection: logs
&amp#27;[2m2025-04-24T03:46:14.950+05:30&amp#27;[0;39m &amp#27;[32mDEBUG&amp#27;[0;39m &amp#27;[35m20948&amp#27;[0;39m &amp#27;[2m---&amp#27;[0;39m &amp#27;[2m[           main]&amp#27;[0;39m &amp#27;[2m&amp#27;[0;39m&amp#27;[36mo.s.data.mongodb.core.MongoTemplate     &amp#27;[0;39m &amp#27;[2m:&amp#27;[0;39m Inserting Document containing fields: [index, message, timestamp, level, _class] in collection: logs
&amp#27;[2m2025-04-24T03:46:14.951+05:30&amp#27;[0;39m &amp#27;[32mDEBUG&amp#27;[0;39m &amp#27;[35m20948&amp#27;[0;39m &amp#27;[2m---&amp#27;[0;39m &amp#27;[2m[           main]&amp#27;[0;39m &amp#27;[2m&amp#27;[0;39m&amp#27;[36mo.s.data.mongodb.core.MongoTemplate     &amp#27;[0;39m &amp#27;[2m:&amp#27;[0;39m find using query: {} fields: Document{{}} for class: class com.logsystem.model.LogEntry in collection: logs
&amp#27;[2m2025-04-24T03:46:14.954+05:30&amp#27;[0;39m &amp#27;[32mDEBUG&amp#27;[0;39m &amp#27;[35m20948&amp#27;[0;39m &amp#27;[2m---&amp#27;[0;39m &amp#27;[2m[           main]&amp#27;[0;39m &amp#27;[2m&amp#27;[0;39m&amp#27;[36mo.s.data.mongodb.core.MongoTemplate     &amp#27;[0;39m &amp#27;[2m:&amp#27;[0;39m Inserting Document containing fields: [index, message, timestamp, level, _class] in collection: logs
&amp#27;[2m2025-04-24T03:46:14.956+05:30&amp#27;[0;39m &amp#27;[32mDEBUG&amp#27;[0;39m &amp#27;[35m20948&amp#27;[0;39m &amp#27;[2m---&amp#27;[0;39m &amp#27;[2m[           main]&amp#27;[0;39m &amp#27;[2m&amp#27;[0;39m&amp#27;[36mo.s.data.mongodb.core.MongoTemplate     &amp#27;[0;39m &amp#27;[2m:&amp#27;[0;39m find using query: {} fields: Document{{}} for class: class com.logsystem.model.LogEntry in collection: logs
&amp#27;[2m2025-04-24T03:46:14.958+05:30&amp#27;[0;39m &amp#27;[32mDEBUG&amp#27;[0;39m &amp#27;[35m20948&amp#27;[0;39m &amp#27;[2m---&amp#27;[0;39m &amp#27;[2m[           main]&amp#27;[0;39m &amp#27;[2m&amp#27;[0;39m&amp#27;[36mo.s.data.mongodb.core.MongoTemplate     &amp#27;[0;39m &amp#27;[2m:&amp#27;[0;39m Inserting Document containing fields: [index, message, timestamp, level, _class] in collection: logs
&amp#27;[2m2025-04-24T03:46:14.959+05:30&amp#27;[0;39m &amp#27;[32mDEBUG&amp#27;[0;39m &amp#27;[35m20948&amp#27;[0;39m &amp#27;[2m---&amp#27;[0;39m &amp#27;[2m[           main]&amp#27;[0;39m &amp#27;[2m&amp#27;[0;39m&amp#27;[36mo.s.data.mongodb.core.MongoTemplate     &amp#27;[0;39m &amp#27;[2m:&amp#27;[0;39m find using query: {} fields: Document{{}} for class: class com.logsystem.model.LogEntry in collection: logs
&amp#27;[2m2025-04-24T03:46:14.962+05:30&amp#27;[0;39m &amp#27;[32mDEBUG&amp#27;[0;39m &amp#27;[35m20948&amp#27;[0;39m &amp#27;[2m---&amp#27;[0;39m &amp#27;[2m[           main]&amp#27;[0;39m &amp#27;[2m&amp#27;[0;39m&amp#27;[36mo.s.data.mongodb.core.MongoTemplate     &amp#27;[0;39m &amp#27;[2m:&amp#27;[0;39m Inserting Document containing fields: [index, message, timestamp, level, _class] in collection: logs
&amp#27;[2m2025-04-24T03:46:14.962+05:30&amp#27;[0;39m &amp#27;[32mDEBUG&amp#27;[0;39m &amp#27;[35m20948&amp#27;[0;39m &amp#27;[2m---&amp#27;[0;39m &amp#27;[2m[           main]&amp#27;[0;39m &amp#27;[2m&amp#27;[0;39m&amp#27;[36mo.s.data.mongodb.core.MongoTemplate     &amp#27;[0;39m &amp#27;[2m:&amp#27;[0;39m find using query: {} fields: Document{{}} for class: class com.logsystem.model.LogEntry in collection: logs
&amp#27;[2m2025-04-24T03:46:14.965+05:30&amp#27;[0;39m &amp#27;[32mDEBUG&amp#27;[0;39m &amp#27;[35m20948&amp#27;[0;39m &amp#27;[2m---&amp#27;[0;39m &amp#27;[2m[           main]&amp#27;[0;39m &amp#27;[2m&amp#27;[0;39m&amp#27;[36mo.s.data.mongodb.core.MongoTemplate     &amp#27;[0;39m &amp#27;[2m:&amp#27;[0;39m Inserting Document containing fields: [index, message, timestamp, level, _class] in collection: logs
&amp#27;[2m2025-04-24T03:46:14.966+05:30&amp#27;[0;39m &amp#27;[32mDEBUG&amp#27;[0;39m &amp#27;[35m20948&amp#27;[0;39m &amp#27;[2m---&amp#27;[0;39m &amp#27;[2m[           main]&amp#27;[0;39m &amp#27;[2m&amp#27;[0;39m&amp#27;[36mo.s.data.mongodb.core.MongoTemplate     &amp#27;[0;39m &amp#27;[2m:&amp#27;[0;39m find using query: {} fields: Document{{}} for class: class com.logsystem.model.LogEntry in collection: logs
&amp#27;[2m2025-04-24T03:46:14.968+05:30&amp#27;[0;39m &amp#27;[32mDEBUG&amp#27;[0;39m &amp#27;[35m20948&amp#27;[0;39m &amp#27;[2m---&amp#27;[0;39m &amp#27;[2m[           main]&amp#27;[0;39m &amp#27;[2m&amp#27;[0;39m&amp#27;[36mo.s.data.mongodb.core.MongoTemplate     &amp#27;[0;39m &amp#27;[2m:&amp#27;[0;39m Inserting Document containing fields: [index, message, timestamp, level, _class] in collection: logs
&amp#27;[2m2025-04-24T03:46:14.970+05:30&amp#27;[0;39m &amp#27;[32mDEBUG&amp#27;[0;39m &amp#27;[35m20948&amp#27;[0;39m &amp#27;[2m---&amp#27;[0;39m &amp#27;[2m[           main]&amp#27;[0;39m &amp#27;[2m&amp#27;[0;39m&amp#27;[36mo.s.data.mongodb.core.MongoTemplate     &amp#27;[0;39m &amp#27;[2m:&amp#27;[0;39m find using query: {} fields: Document{{}} for class: class com.logsystem.model.LogEntry in collection: logs
&amp#27;[2m2025-04-24T03:46:14.972+05:30&amp#27;[0;39m &amp#27;[32mDEBUG&amp#27;[0;39m &amp#27;[35m20948&amp#27;[0;39m &amp#27;[2m---&amp#27;[0;39m &amp#27;[2m[           main]&amp#27;[0;39m &amp#27;[2m&amp#27;[0;39m&amp#27;[36mo.s.data.mongodb.core.MongoTemplate     &amp#27;[0;39m &amp#27;[2m:&amp#27;[0;39m Inserting Document containing fields: [index, message, timestamp, level, _class] in collection: logs
&amp#27;[2m2025-04-24T03:46:14.973+05:30&amp#27;[0;39m &amp#27;[32mDEBUG&amp#27;[0;39m &amp#27;[35m20948&amp#27;[0;39m &amp#27;[2m---&amp#27;[0;39m &amp#27;[2m[           main]&amp#27;[0;39m &amp#27;[2m&amp#27;[0;39m&amp#27;[36mo.s.data.mongodb.core.MongoTemplate     &amp#27;[0;39m &amp#27;[2m:&amp#27;[0;39m find using query: {} fields: Document{{}} for class: class com.logsystem.model.LogEntry in collection: logs
&amp#27;[2m2025-04-24T03:46:14.976+05:30&amp#27;[0;39m &amp#27;[32mDEBUG&amp#27;[0;39m &amp#27;[35m20948&amp#27;[0;39m &amp#27;[2m---&amp#27;[0;39m &amp#27;[2m[           main]&amp#27;[0;39m &amp#27;[2m&amp#27;[0;39m&amp#27;[36mo.s.data.mongodb.core.MongoTemplate     &amp#27;[0;39m &amp#27;[2m:&amp#27;[0;39m Inserting Document containing fields: [index, message, timestamp, level, _class] in collection: logs
&amp#27;[2m2025-04-24T03:46:14.977+05:30&amp#27;[0;39m &amp#27;[32mDEBUG&amp#27;[0;39m &amp#27;[35m20948&amp#27;[0;39m &amp#27;[2m---&amp#27;[0;39m &amp#27;[2m[           main]&amp#27;[0;39m &amp#27;[2m&amp#27;[0;39m&amp#27;[36mo.s.data.mongodb.core.MongoTemplate     &amp#27;[0;39m &amp#27;[2m:&amp#27;[0;39m find using query: {} fields: Document{{}} for class: class com.logsystem.model.LogEntry in collection: logs
&amp#27;[2m2025-04-24T03:46:14.979+05:30&amp#27;[0;39m &amp#27;[32mDEBUG&amp#27;[0;39m &amp#27;[35m20948&amp#27;[0;39m &amp#27;[2m---&amp#27;[0;39m &amp#27;[2m[           main]&amp#27;[0;39m &amp#27;[2m&amp#27;[0;39m&amp#27;[36mo.s.data.mongodb.core.MongoTemplate     &amp#27;[0;39m &amp#27;[2m:&amp#27;[0;39m Inserting Document containing fields: [index, message, timestamp, level, _class] in collection: logs
&amp#27;[2m2025-04-24T03:46:14.980+05:30&amp#27;[0;39m &amp#27;[32mDEBUG&amp#27;[0;39m &amp#27;[35m20948&amp#27;[0;39m &amp#27;[2m---&amp#27;[0;39m &amp#27;[2m[           main]&amp#27;[0;39m &amp#27;[2m&amp#27;[0;39m&amp#27;[36mo.s.data.mongodb.core.MongoTemplate     &amp#27;[0;39m &amp#27;[2m:&amp#27;[0;39m find using query: {} fields: Document{{}} for class: class com.logsystem.model.LogEntry in collection: logs
&amp#27;[2m2025-04-24T03:46:14.982+05:30&amp#27;[0;39m &amp#27;[32mDEBUG&amp#27;[0;39m &amp#27;[35m20948&amp#27;[0;39m &amp#27;[2m---&amp#27;[0;39m &amp#27;[2m[           main]&amp#27;[0;39m &amp#27;[2m&amp#27;[0;39m&amp#27;[36mo.s.data.mongodb.core.MongoTemplate     &amp#27;[0;39m &amp#27;[2m:&amp#27;[0;39m Inserting Document containing fields: [index, message, timestamp, level, _class] in collection: logs
&amp#27;[2m2025-04-24T03:46:14.983+05:30&amp#27;[0;39m &amp#27;[32mDEBUG&amp#27;[0;39m &amp#27;[35m20948&amp#27;[0;39m &amp#27;[2m---&amp#27;[0;39m &amp#27;[2m[           main]&amp#27;[0;39m &amp#27;[2m&amp#27;[0;39m&amp#27;[36mo.s.data.mongodb.core.MongoTemplate     &amp#27;[0;39m &amp#27;[2m:&amp#27;[0;39m find using query: {} fields: Document{{}} for class: class com.logsystem.model.LogEntry in collection: logs
&amp#27;[2m2025-04-24T03:46:14.986+05:30&amp#27;[0;39m &amp#27;[32mDEBUG&amp#27;[0;39m &amp#27;[35m20948&amp#27;[0;39m &amp#27;[2m---&amp#27;[0;39m &amp#27;[2m[           main]&amp#27;[0;39m &amp#27;[2m&amp#27;[0;39m&amp#27;[36mo.s.data.mongodb.core.MongoTemplate     &amp#27;[0;39m &amp#27;[2m:&amp#27;[0;39m Inserting Document containing fields: [index, message, timestamp, level, _class] in collection: logs
&amp#27;[2m2025-04-24T03:46:14.987+05:30&amp#27;[0;39m &amp#27;[32mDEBUG&amp#27;[0;39m &amp#27;[35m20948&amp#27;[0;39m &amp#27;[2m---&amp#27;[0;39m &amp#27;[2m[           main]&amp#27;[0;39m &amp#27;[2m&amp#27;[0;39m&amp#27;[36mo.s.data.mongodb.core.MongoTemplate     &amp#27;[0;39m &amp#27;[2m:&amp#27;[0;39m find using query: {} fields: Document{{}} for class: class com.logsystem.model.LogEntry in collection: logs
&amp#27;[2m2025-04-24T03:46:14.989+05:30&amp#27;[0;39m &amp#27;[32mDEBUG&amp#27;[0;39m &amp#27;[35m20948&amp#27;[0;39m &amp#27;[2m---&amp#27;[0;39m &amp#27;[2m[           main]&amp#27;[0;39m &amp#27;[2m&amp#27;[0;39m&amp#27;[36mo.s.data.mongodb.core.MongoTemplate     &amp#27;[0;39m &amp#27;[2m:&amp#27;[0;39m Inserting Document containing fields: [index, message, timestamp, level, _class] in collection: logs
&amp#27;[2m2025-04-24T03:46:14.990+05:30&amp#27;[0;39m &amp#27;[32mDEBUG&amp#27;[0;39m &amp#27;[35m20948&amp#27;[0;39m &amp#27;[2m---&amp#27;[0;39m &amp#27;[2m[           main]&amp#27;[0;39m &amp#27;[2m&amp#27;[0;39m&amp#27;[36mo.s.data.mongodb.core.MongoTemplate     &amp#27;[0;39m &amp#27;[2m:&amp#27;[0;39m find using query: {} fields: Document{{}} for class: class com.logsystem.model.LogEntry in collection: logs
&amp#27;[2m2025-04-24T03:46:14.993+05:30&amp#27;[0;39m &amp#27;[32mDEBUG&amp#27;[0;39m &amp#27;[35m20948&amp#27;[0;39m &amp#27;[2m---&amp#27;[0;39m &amp#27;[2m[           main]&amp#27;[0;39m &amp#27;[2m&amp#27;[0;39m&amp#27;[36mo.s.data.mongodb.core.MongoTemplate     &amp#27;[0;39m &amp#27;[2m:&amp#27;[0;39m Inserting Document containing fields: [index, message, timestamp, level, _class] in collection: logs
&amp#27;[2m2025-04-24T03:46:14.993+05:30&amp#27;[0;39m &amp#27;[32mDEBUG&amp#27;[0;39m &amp#27;[35m20948&amp#27;[0;39m &amp#27;[2m---&amp#27;[0;39m &amp#27;[2m[           main]&amp#27;[0;39m &amp#27;[2m&amp#27;[0;39m&amp#27;[36mo.s.data.mongodb.core.MongoTemplate     &amp#27;[0;39m &amp#27;[2m:&amp#27;[0;39m find using query: {} fields: Document{{}} for class: class com.logsystem.model.LogEntry in collection: logs
&amp#27;[2m2025-04-24T03:46:14.996+05:30&amp#27;[0;39m &amp#27;[32mDEBUG&amp#27;[0;39m &amp#27;[35m20948&amp#27;[0;39m &amp#27;[2m---&amp#27;[0;39m &amp#27;[2m[           main]&amp#27;[0;39m &amp#27;[2m&amp#27;[0;39m&amp#27;[36mo.s.data.mongodb.core.MongoTemplate     &amp#27;[0;39m &amp#27;[2m:&amp#27;[0;39m Inserting Document containing fields: [index, message, timestamp, level, _class] in collection: logs
&amp#27;[2m2025-04-24T03:46:14.997+05:30&amp#27;[0;39m &amp#27;[32mDEBUG&amp#27;[0;39m &amp#27;[35m20948&amp#27;[0;39m &amp#27;[2m---&amp#27;[0;39m &amp#27;[2m[           main]&amp#27;[0;39m &amp#27;[2m&amp#27;[0;39m&amp#27;[36mo.s.data.mongodb.core.MongoTemplate     &amp#27;[0;39m &amp#27;[2m:&amp#27;[0;39m find using query: {} fields: Document{{}} for class: class com.logsystem.model.LogEntry in collection: logs
&amp#27;[2m2025-04-24T03:46:14.999+05:30&amp#27;[0;39m &amp#27;[32mDEBUG&amp#27;[0;39m &amp#27;[35m20948&amp#27;[0;39m &amp#27;[2m---&amp#27;[0;39m &amp#27;[2m[           main]&amp#27;[0;39m &amp#27;[2m&amp#27;[0;39m&amp#27;[36mo.s.data.mongodb.core.MongoTemplate     &amp#27;[0;39m &amp#27;[2m:&amp#27;[0;39m Inserting Document containing fields: [index, message, timestamp, level, _class] in collection: logs
&amp#27;[2m2025-04-24T03:46:15.000+05:30&amp#27;[0;39m &amp#27;[32mDEBUG&amp#27;[0;39m &amp#27;[35m20948&amp#27;[0;39m &amp#27;[2m---&amp#27;[0;39m &amp#27;[2m[           main]&amp#27;[0;39m &amp#27;[2m&amp#27;[0;39m&amp#27;[36mo.s.data.mongodb.core.MongoTemplate     &amp#27;[0;39m &amp#27;[2m:&amp#27;[0;39m find using query: {} fields: Document{{}} for class: class com.logsystem.model.LogEntry in collection: logs
&amp#27;[2m2025-04-24T03:46:15.003+05:30&amp#27;[0;39m &amp#27;[32mDEBUG&amp#27;[0;39m &amp#27;[35m20948&amp#27;[0;39m &amp#27;[2m---&amp#27;[0;39m &amp#27;[2m[           main]&amp#27;[0;39m &amp#27;[2m&amp#27;[0;39m&amp#27;[36mo.s.data.mongodb.core.MongoTemplate     &amp#27;[0;39m &amp#27;[2m:&amp#27;[0;39m Inserting Document containing fields: [index, message, timestamp, level, _class] in collection: logs
&amp#27;[2m2025-04-24T03:46:15.005+05:30&amp#27;[0;39m &amp#27;[32mDEBUG&amp#27;[0;39m &amp#27;[35m20948&amp#27;[0;39m &amp#27;[2m---&amp#27;[0;39m &amp#27;[2m[           main]&amp#27;[0;39m &amp#27;[2m&amp#27;[0;39m&amp#27;[36mo.s.data.mongodb.core.MongoTemplate     &amp#27;[0;39m &amp#27;[2m:&amp#27;[0;39m find using query: {} fields: Document{{}} for class: class com.logsystem.model.LogEntry in collection: logs
&amp#27;[2m2025-04-24T03:46:15.008+05:30&amp#27;[0;39m &amp#27;[32mDEBUG&amp#27;[0;39m &amp#27;[35m20948&amp#27;[0;39m &amp#27;[2m---&amp#27;[0;39m &amp#27;[2m[           main]&amp#27;[0;39m &amp#27;[2m&amp#27;[0;39m&amp#27;[36mo.s.data.mongodb.core.MongoTemplate     &amp#27;[0;39m &amp#27;[2m:&amp#27;[0;39m Inserting Document containing fields: [index, message, timestamp, level, _class] in collection: logs
Raft stress test completed.
]]></system-out>
    <system-err><![CDATA[WARNING: A Java agent has been loaded dynamically (/Users/kanchan/.m2/repository/net/bytebuddy/byte-buddy-agent/1.14.12/byte-buddy-agent-1.14.12.jar)
WARNING: If a serviceability tool is in use, please run with -XX:+EnableDynamicAgentLoading to hide this warning
WARNING: If a serviceability tool is not in use, please run with -Djdk.instrument.traceUsage for more information
WARNING: Dynamic loading of agents will be disallowed by default in a future release
Error during stress log 1: Write operation error on server localhost:27020. Write error: WriteError{code=11000, message='E11000 duplicate key error collection: logsystem.logs index: message dup key: { message: "Stress Log #1" }', details={}}.
Error during stress log 2: Write operation error on server localhost:27020. Write error: WriteError{code=11000, message='E11000 duplicate key error collection: logsystem.logs index: message dup key: { message: "Stress Log #2" }', details={}}.
Error during stress log 3: Write operation error on server localhost:27020. Write error: WriteError{code=11000, message='E11000 duplicate key error collection: logsystem.logs index: message dup key: { message: "Stress Log #3" }', details={}}.
Error during stress log 4: Write operation error on server localhost:27020. Write error: WriteError{code=11000, message='E11000 duplicate key error collection: logsystem.logs index: message dup key: { message: "Stress Log #4" }', details={}}.
Error during stress log 5: Write operation error on server localhost:27020. Write error: WriteError{code=11000, message='E11000 duplicate key error collection: logsystem.logs index: message dup key: { message: "Stress Log #5" }', details={}}.
Error during stress log 6: Write operation error on server localhost:27020. Write error: WriteError{code=11000, message='E11000 duplicate key error collection: logsystem.logs index: message dup key: { message: "Stress Log #6" }', details={}}.
Error during stress log 7: Write operation error on server localhost:27020. Write error: WriteError{code=11000, message='E11000 duplicate key error collection: logsystem.logs index: message dup key: { message: "Stress Log #7" }', details={}}.
Error during stress log 8: Write operation error on server localhost:27020. Write error: WriteError{code=11000, message='E11000 duplicate key error collection: logsystem.logs index: message dup key: { message: "Stress Log #8" }', details={}}.
Error during stress log 9: Write operation error on server localhost:27020. Write error: WriteError{code=11000, message='E11000 duplicate key error collection: logsystem.logs index: message dup key: { message: "Stress Log #9" }', details={}}.
Error during stress log 10: Write operation error on server localhost:27020. Write error: WriteError{code=11000, message='E11000 duplicate key error collection: logsystem.logs index: message dup key: { message: "Stress Log #10" }', details={}}.
Error during stress log 11: Write operation error on server localhost:27020. Write error: WriteError{code=11000, message='E11000 duplicate key error collection: logsystem.logs index: message dup key: { message: "Stress Log #11" }', details={}}.
Error during stress log 12: Write operation error on server localhost:27020. Write error: WriteError{code=11000, message='E11000 duplicate key error collection: logsystem.logs index: message dup key: { message: "Stress Log #12" }', details={}}.
Error during stress log 13: Write operation error on server localhost:27020. Write error: WriteError{code=11000, message='E11000 duplicate key error collection: logsystem.logs index: message dup key: { message: "Stress Log #13" }', details={}}.
Error during stress log 14: Write operation error on server localhost:27020. Write error: WriteError{code=11000, message='E11000 duplicate key error collection: logsystem.logs index: message dup key: { message: "Stress Log #14" }', details={}}.
Error during stress log 15: Write operation error on server localhost:27020. Write error: WriteError{code=11000, message='E11000 duplicate key error collection: logsystem.logs index: message dup key: { message: "Stress Log #15" }', details={}}.
Error during stress log 16: Write operation error on server localhost:27020. Write error: WriteError{code=11000, message='E11000 duplicate key error collection: logsystem.logs index: message dup key: { message: "Stress Log #16" }', details={}}.
Error during stress log 17: Write operation error on server localhost:27020. Write error: WriteError{code=11000, message='E11000 duplicate key error collection: logsystem.logs index: message dup key: { message: "Stress Log #17" }', details={}}.
Error during stress log 18: Write operation error on server localhost:27020. Write error: WriteError{code=11000, message='E11000 duplicate key error collection: logsystem.logs index: message dup key: { message: "Stress Log #18" }', details={}}.
Error during stress log 19: Write operation error on server localhost:27020. Write error: WriteError{code=11000, message='E11000 duplicate key error collection: logsystem.logs index: message dup key: { message: "Stress Log #19" }', details={}}.
Error during stress log 20: Write operation error on server localhost:27020. Write error: WriteError{code=11000, message='E11000 duplicate key error collection: logsystem.logs index: message dup key: { message: "Stress Log #20" }', details={}}.
Error during stress log 21: Write operation error on server localhost:27020. Write error: WriteError{code=11000, message='E11000 duplicate key error collection: logsystem.logs index: message dup key: { message: "Stress Log #21" }', details={}}.
Error during stress log 22: Write operation error on server localhost:27020. Write error: WriteError{code=11000, message='E11000 duplicate key error collection: logsystem.logs index: message dup key: { message: "Stress Log #22" }', details={}}.
Error during stress log 23: Write operation error on server localhost:27020. Write error: WriteError{code=11000, message='E11000 duplicate key error collection: logsystem.logs index: message dup key: { message: "Stress Log #23" }', details={}}.
Error during stress log 24: Write operation error on server localhost:27020. Write error: WriteError{code=11000, message='E11000 duplicate key error collection: logsystem.logs index: message dup key: { message: "Stress Log #24" }', details={}}.
Error during stress log 25: Write operation error on server localhost:27020. Write error: WriteError{code=11000, message='E11000 duplicate key error collection: logsystem.logs index: message dup key: { message: "Stress Log #25" }', details={}}.
Error during stress log 26: Write operation error on server localhost:27020. Write error: WriteError{code=11000, message='E11000 duplicate key error collection: logsystem.logs index: message dup key: { message: "Stress Log #26" }', details={}}.
Error during stress log 27: Write operation error on server localhost:27020. Write error: WriteError{code=11000, message='E11000 duplicate key error collection: logsystem.logs index: message dup key: { message: "Stress Log #27" }', details={}}.
Error during stress log 28: Write operation error on server localhost:27020. Write error: WriteError{code=11000, message='E11000 duplicate key error collection: logsystem.logs index: message dup key: { message: "Stress Log #28" }', details={}}.
Error during stress log 29: Write operation error on server localhost:27020. Write error: WriteError{code=11000, message='E11000 duplicate key error collection: logsystem.logs index: message dup key: { message: "Stress Log #29" }', details={}}.
Error during stress log 30: Write operation error on server localhost:27020. Write error: WriteError{code=11000, message='E11000 duplicate key error collection: logsystem.logs index: message dup key: { message: "Stress Log #30" }', details={}}.
Error during stress log 31: Write operation error on server localhost:27020. Write error: WriteError{code=11000, message='E11000 duplicate key error collection: logsystem.logs index: message dup key: { message: "Stress Log #31" }', details={}}.
Error during stress log 32: Write operation error on server localhost:27020. Write error: WriteError{code=11000, message='E11000 duplicate key error collection: logsystem.logs index: message dup key: { message: "Stress Log #32" }', details={}}.
Error during stress log 33: Write operation error on server localhost:27020. Write error: WriteError{code=11000, message='E11000 duplicate key error collection: logsystem.logs index: message dup key: { message: "Stress Log #33" }', details={}}.
Error during stress log 34: Write operation error on server localhost:27020. Write error: WriteError{code=11000, message='E11000 duplicate key error collection: logsystem.logs index: message dup key: { message: "Stress Log #34" }', details={}}.
Error during stress log 35: Write operation error on server localhost:27020. Write error: WriteError{code=11000, message='E11000 duplicate key error collection: logsystem.logs index: message dup key: { message: "Stress Log #35" }', details={}}.
Error during stress log 36: Write operation error on server localhost:27020. Write error: WriteError{code=11000, message='E11000 duplicate key error collection: logsystem.logs index: message dup key: { message: "Stress Log #36" }', details={}}.
Error during stress log 37: Write operation error on server localhost:27020. Write error: WriteError{code=11000, message='E11000 duplicate key error collection: logsystem.logs index: message dup key: { message: "Stress Log #37" }', details={}}.
Error during stress log 38: Write operation error on server localhost:27020. Write error: WriteError{code=11000, message='E11000 duplicate key error collection: logsystem.logs index: message dup key: { message: "Stress Log #38" }', details={}}.
Error during stress log 39: Write operation error on server localhost:27020. Write error: WriteError{code=11000, message='E11000 duplicate key error collection: logsystem.logs index: message dup key: { message: "Stress Log #39" }', details={}}.
Error during stress log 40: Write operation error on server localhost:27020. Write error: WriteError{code=11000, message='E11000 duplicate key error collection: logsystem.logs index: message dup key: { message: "Stress Log #40" }', details={}}.
Error during stress log 41: Write operation error on server localhost:27020. Write error: WriteError{code=11000, message='E11000 duplicate key error collection: logsystem.logs index: message dup key: { message: "Stress Log #41" }', details={}}.
Error during stress log 42: Write operation error on server localhost:27020. Write error: WriteError{code=11000, message='E11000 duplicate key error collection: logsystem.logs index: message dup key: { message: "Stress Log #42" }', details={}}.
Error during stress log 43: Write operation error on server localhost:27020. Write error: WriteError{code=11000, message='E11000 duplicate key error collection: logsystem.logs index: message dup key: { message: "Stress Log #43" }', details={}}.
Error during stress log 44: Write operation error on server localhost:27020. Write error: WriteError{code=11000, message='E11000 duplicate key error collection: logsystem.logs index: message dup key: { message: "Stress Log #44" }', details={}}.
Error during stress log 45: Write operation error on server localhost:27020. Write error: WriteError{code=11000, message='E11000 duplicate key error collection: logsystem.logs index: message dup key: { message: "Stress Log #45" }', details={}}.
Error during stress log 46: Write operation error on server localhost:27020. Write error: WriteError{code=11000, message='E11000 duplicate key error collection: logsystem.logs index: message dup key: { message: "Stress Log #46" }', details={}}.
Error during stress log 47: Write operation error on server localhost:27020. Write error: WriteError{code=11000, message='E11000 duplicate key error collection: logsystem.logs index: message dup key: { message: "Stress Log #47" }', details={}}.
Error during stress log 48: Write operation error on server localhost:27020. Write error: WriteError{code=11000, message='E11000 duplicate key error collection: logsystem.logs index: message dup key: { message: "Stress Log #48" }', details={}}.
Error during stress log 49: Write operation error on server localhost:27020. Write error: WriteError{code=11000, message='E11000 duplicate key error collection: logsystem.logs index: message dup key: { message: "Stress Log #49" }', details={}}.
Error during stress log 50: Write operation error on server localhost:27020. Write error: WriteError{code=11000, message='E11000 duplicate key error collection: logsystem.logs index: message dup key: { message: "Stress Log #50" }', details={}}.
Error during stress log 51: Write operation error on server localhost:27020. Write error: WriteError{code=11000, message='E11000 duplicate key error collection: logsystem.logs index: message dup key: { message: "Stress Log #51" }', details={}}.
Error during stress log 52: Write operation error on server localhost:27020. Write error: WriteError{code=11000, message='E11000 duplicate key error collection: logsystem.logs index: message dup key: { message: "Stress Log #52" }', details={}}.
Error during stress log 53: Write operation error on server localhost:27020. Write error: WriteError{code=11000, message='E11000 duplicate key error collection: logsystem.logs index: message dup key: { message: "Stress Log #53" }', details={}}.
Error during stress log 54: Write operation error on server localhost:27020. Write error: WriteError{code=11000, message='E11000 duplicate key error collection: logsystem.logs index: message dup key: { message: "Stress Log #54" }', details={}}.
Error during stress log 55: Write operation error on server localhost:27020. Write error: WriteError{code=11000, message='E11000 duplicate key error collection: logsystem.logs index: message dup key: { message: "Stress Log #55" }', details={}}.
Error during stress log 56: Write operation error on server localhost:27020. Write error: WriteError{code=11000, message='E11000 duplicate key error collection: logsystem.logs index: message dup key: { message: "Stress Log #56" }', details={}}.
Error during stress log 57: Write operation error on server localhost:27020. Write error: WriteError{code=11000, message='E11000 duplicate key error collection: logsystem.logs index: message dup key: { message: "Stress Log #57" }', details={}}.
Error during stress log 58: Write operation error on server localhost:27020. Write error: WriteError{code=11000, message='E11000 duplicate key error collection: logsystem.logs index: message dup key: { message: "Stress Log #58" }', details={}}.
Error during stress log 59: Write operation error on server localhost:27020. Write error: WriteError{code=11000, message='E11000 duplicate key error collection: logsystem.logs index: message dup key: { message: "Stress Log #59" }', details={}}.
Error during stress log 60: Write operation error on server localhost:27020. Write error: WriteError{code=11000, message='E11000 duplicate key error collection: logsystem.logs index: message dup key: { message: "Stress Log #60" }', details={}}.
Error during stress log 61: Write operation error on server localhost:27020. Write error: WriteError{code=11000, message='E11000 duplicate key error collection: logsystem.logs index: message dup key: { message: "Stress Log #61" }', details={}}.
Error during stress log 62: Write operation error on server localhost:27020. Write error: WriteError{code=11000, message='E11000 duplicate key error collection: logsystem.logs index: message dup key: { message: "Stress Log #62" }', details={}}.
Error during stress log 63: Write operation error on server localhost:27020. Write error: WriteError{code=11000, message='E11000 duplicate key error collection: logsystem.logs index: message dup key: { message: "Stress Log #63" }', details={}}.
Error during stress log 64: Write operation error on server localhost:27020. Write error: WriteError{code=11000, message='E11000 duplicate key error collection: logsystem.logs index: message dup key: { message: "Stress Log #64" }', details={}}.
Error during stress log 65: Write operation error on server localhost:27020. Write error: WriteError{code=11000, message='E11000 duplicate key error collection: logsystem.logs index: message dup key: { message: "Stress Log #65" }', details={}}.
Error during stress log 66: Write operation error on server localhost:27020. Write error: WriteError{code=11000, message='E11000 duplicate key error collection: logsystem.logs index: message dup key: { message: "Stress Log #66" }', details={}}.
Error during stress log 67: Write operation error on server localhost:27020. Write error: WriteError{code=11000, message='E11000 duplicate key error collection: logsystem.logs index: message dup key: { message: "Stress Log #67" }', details={}}.
Error during stress log 68: Write operation error on server localhost:27020. Write error: WriteError{code=11000, message='E11000 duplicate key error collection: logsystem.logs index: message dup key: { message: "Stress Log #68" }', details={}}.
Error during stress log 69: Write operation error on server localhost:27020. Write error: WriteError{code=11000, message='E11000 duplicate key error collection: logsystem.logs index: message dup key: { message: "Stress Log #69" }', details={}}.
Error during stress log 70: Write operation error on server localhost:27020. Write error: WriteError{code=11000, message='E11000 duplicate key error collection: logsystem.logs index: message dup key: { message: "Stress Log #70" }', details={}}.
Error during stress log 71: Write operation error on server localhost:27020. Write error: WriteError{code=11000, message='E11000 duplicate key error collection: logsystem.logs index: message dup key: { message: "Stress Log #71" }', details={}}.
Error during stress log 72: Write operation error on server localhost:27020. Write error: WriteError{code=11000, message='E11000 duplicate key error collection: logsystem.logs index: message dup key: { message: "Stress Log #72" }', details={}}.
Error during stress log 73: Write operation error on server localhost:27020. Write error: WriteError{code=11000, message='E11000 duplicate key error collection: logsystem.logs index: message dup key: { message: "Stress Log #73" }', details={}}.
Error during stress log 74: Write operation error on server localhost:27020. Write error: WriteError{code=11000, message='E11000 duplicate key error collection: logsystem.logs index: message dup key: { message: "Stress Log #74" }', details={}}.
Error during stress log 75: Write operation error on server localhost:27020. Write error: WriteError{code=11000, message='E11000 duplicate key error collection: logsystem.logs index: message dup key: { message: "Stress Log #75" }', details={}}.
Error during stress log 76: Write operation error on server localhost:27020. Write error: WriteError{code=11000, message='E11000 duplicate key error collection: logsystem.logs index: message dup key: { message: "Stress Log #76" }', details={}}.
Error during stress log 77: Write operation error on server localhost:27020. Write error: WriteError{code=11000, message='E11000 duplicate key error collection: logsystem.logs index: message dup key: { message: "Stress Log #77" }', details={}}.
Error during stress log 78: Write operation error on server localhost:27020. Write error: WriteError{code=11000, message='E11000 duplicate key error collection: logsystem.logs index: message dup key: { message: "Stress Log #78" }', details={}}.
Error during stress log 79: Write operation error on server localhost:27020. Write error: WriteError{code=11000, message='E11000 duplicate key error collection: logsystem.logs index: message dup key: { message: "Stress Log #79" }', details={}}.
Error during stress log 80: Write operation error on server localhost:27020. Write error: WriteError{code=11000, message='E11000 duplicate key error collection: logsystem.logs index: message dup key: { message: "Stress Log #80" }', details={}}.
Error during stress log 81: Write operation error on server localhost:27020. Write error: WriteError{code=11000, message='E11000 duplicate key error collection: logsystem.logs index: message dup key: { message: "Stress Log #81" }', details={}}.
Error during stress log 82: Write operation error on server localhost:27020. Write error: WriteError{code=11000, message='E11000 duplicate key error collection: logsystem.logs index: message dup key: { message: "Stress Log #82" }', details={}}.
Error during stress log 83: Write operation error on server localhost:27020. Write error: WriteError{code=11000, message='E11000 duplicate key error collection: logsystem.logs index: message dup key: { message: "Stress Log #83" }', details={}}.
Error during stress log 84: Write operation error on server localhost:27020. Write error: WriteError{code=11000, message='E11000 duplicate key error collection: logsystem.logs index: message dup key: { message: "Stress Log #84" }', details={}}.
Error during stress log 85: Write operation error on server localhost:27020. Write error: WriteError{code=11000, message='E11000 duplicate key error collection: logsystem.logs index: message dup key: { message: "Stress Log #85" }', details={}}.
Error during stress log 86: Write operation error on server localhost:27020. Write error: WriteError{code=11000, message='E11000 duplicate key error collection: logsystem.logs index: message dup key: { message: "Stress Log #86" }', details={}}.
Error during stress log 87: Write operation error on server localhost:27020. Write error: WriteError{code=11000, message='E11000 duplicate key error collection: logsystem.logs index: message dup key: { message: "Stress Log #87" }', details={}}.
Error during stress log 88: Write operation error on server localhost:27020. Write error: WriteError{code=11000, message='E11000 duplicate key error collection: logsystem.logs index: message dup key: { message: "Stress Log #88" }', details={}}.
Error during stress log 89: Write operation error on server localhost:27020. Write error: WriteError{code=11000, message='E11000 duplicate key error collection: logsystem.logs index: message dup key: { message: "Stress Log #89" }', details={}}.
Error during stress log 90: Write operation error on server localhost:27020. Write error: WriteError{code=11000, message='E11000 duplicate key error collection: logsystem.logs index: message dup key: { message: "Stress Log #90" }', details={}}.
Error during stress log 91: Write operation error on server localhost:27020. Write error: WriteError{code=11000, message='E11000 duplicate key error collection: logsystem.logs index: message dup key: { message: "Stress Log #91" }', details={}}.
Error during stress log 92: Write operation error on server localhost:27020. Write error: WriteError{code=11000, message='E11000 duplicate key error collection: logsystem.logs index: message dup key: { message: "Stress Log #92" }', details={}}.
Error during stress log 93: Write operation error on server localhost:27020. Write error: WriteError{code=11000, message='E11000 duplicate key error collection: logsystem.logs index: message dup key: { message: "Stress Log #93" }', details={}}.
Error during stress log 94: Write operation error on server localhost:27020. Write error: WriteError{code=11000, message='E11000 duplicate key error collection: logsystem.logs index: message dup key: { message: "Stress Log #94" }', details={}}.
Error during stress log 95: Write operation error on server localhost:27020. Write error: WriteError{code=11000, message='E11000 duplicate key error collection: logsystem.logs index: message dup key: { message: "Stress Log #95" }', details={}}.
Error during stress log 96: Write operation error on server localhost:27020. Write error: WriteError{code=11000, message='E11000 duplicate key error collection: logsystem.logs index: message dup key: { message: "Stress Log #96" }', details={}}.
Error during stress log 97: Write operation error on server localhost:27020. Write error: WriteError{code=11000, message='E11000 duplicate key error collection: logsystem.logs index: message dup key: { message: "Stress Log #97" }', details={}}.
Error during stress log 98: Write operation error on server localhost:27020. Write error: WriteError{code=11000, message='E11000 duplicate key error collection: logsystem.logs index: message dup key: { message: "Stress Log #98" }', details={}}.
Error during stress log 99: Write operation error on server localhost:27020. Write error: WriteError{code=11000, message='E11000 duplicate key error collection: logsystem.logs index: message dup key: { message: "Stress Log #99" }', details={}}.
Error during stress log 100: Write operation error on server localhost:27020. Write error: WriteError{code=11000, message='E11000 duplicate key error collection: logsystem.logs index: message dup key: { message: "Stress Log #100" }', details={}}.
]]></system-err>
  </testcase>
</testsuite>