<?xml version="1.0" encoding="UTF-8"?>
<testsuite xmlns:xsi="http://www.w3.org/2001/XMLSchema-instance" xsi:noNamespaceSchemaLocation="https://maven.apache.org/surefire/maven-surefire-plugin/xsd/surefire-test-report-3.0.xsd" version="3.0" name="com.logsystem.test.RaftTest" time="9.725" tests="1" errors="0" skipped="0" failures="0">
  <properties>
    <property name="java.specification.version" value="23"/>
    <property name="sun.jnu.encoding" value="UTF-8"/>
    <property name="java.class.path" value="/Users/kanchan/Desktop/ Y2S2/DS project/DS/target/test-classes:/Users/kanchan/Desktop/ Y2S2/DS project/DS/target/classes:/Users/kanchan/.m2/repository/org/springframework/boot/spring-boot-starter-web/3.2.3/spring-boot-starter-web-3.2.3.jar:/Users/kanchan/.m2/repository/org/springframework/boot/spring-boot-starter/3.2.3/spring-boot-starter-3.2.3.jar:/Users/kanchan/.m2/repository/org/springframework/boot/spring-boot/3.2.3/spring-boot-3.2.3.jar:/Users/kanchan/.m2/repository/org/springframework/boot/spring-boot-autoconfigure/3.2.3/spring-boot-autoconfigure-3.2.3.jar:/Users/kanchan/.m2/repository/org/springframework/boot/spring-boot-starter-logging/3.2.3/spring-boot-starter-logging-3.2.3.jar:/Users/kanchan/.m2/repository/ch/qos/logback/logback-classic/1.4.14/logback-classic-1.4.14.jar:/Users/kanchan/.m2/repository/ch/qos/logback/logback-core/1.4.14/logback-core-1.4.14.jar:/Users/kanchan/.m2/repository/org/apache/logging/log4j/log4j-to-slf4j/2.21.1/log4j-to-slf4j-2.21.1.jar:/Users/kanchan/.m2/repository/org/apache/logging/log4j/log4j-api/2.21.1/log4j-api-2.21.1.jar:/Users/kanchan/.m2/repository/org/slf4j/jul-to-slf4j/2.0.12/jul-to-slf4j-2.0.12.jar:/Users/kanchan/.m2/repository/jakarta/annotation/jakarta.annotation-api/2.1.1/jakarta.annotation-api-2.1.1.jar:/Users/kanchan/.m2/repository/org/yaml/snakeyaml/2.2/snakeyaml-2.2.jar:/Users/kanchan/.m2/repository/org/springframework/boot/spring-boot-starter-json/3.2.3/spring-boot-starter-json-3.2.3.jar:/Users/kanchan/.m2/repository/com/fasterxml/jackson/core/jackson-databind/2.15.4/jackson-databind-2.15.4.jar:/Users/kanchan/.m2/repository/com/fasterxml/jackson/core/jackson-annotations/2.15.4/jackson-annotations-2.15.4.jar:/Users/kanchan/.m2/repository/com/fasterxml/jackson/core/jackson-core/2.15.4/jackson-core-2.15.4.jar:/Users/kanchan/.m2/repository/com/fasterxml/jackson/datatype/jackson-datatype-jdk8/2.15.4/jackson-datatype-jdk8-2.15.4.jar:/Users/kanchan/.m2/repository/com/fasterxml/jackson/datatype/jackson-datatype-jsr310/2.15.4/jackson-datatype-jsr310-2.15.4.jar:/Users/kanchan/.m2/repository/com/fasterxml/jackson/module/jackson-module-parameter-names/2.15.4/jackson-module-parameter-names-2.15.4.jar:/Users/kanchan/.m2/repository/org/springframework/boot/spring-boot-starter-tomcat/3.2.3/spring-boot-starter-tomcat-3.2.3.jar:/Users/kanchan/.m2/repository/org/apache/tomcat/embed/tomcat-embed-core/10.1.19/tomcat-embed-core-10.1.19.jar:/Users/kanchan/.m2/repository/org/apache/tomcat/embed/tomcat-embed-el/10.1.19/tomcat-embed-el-10.1.19.jar:/Users/kanchan/.m2/repository/org/apache/tomcat/embed/tomcat-embed-websocket/10.1.19/tomcat-embed-websocket-10.1.19.jar:/Users/kanchan/.m2/repository/org/springframework/spring-web/6.1.4/spring-web-6.1.4.jar:/Users/kanchan/.m2/repository/org/springframework/spring-beans/6.1.4/spring-beans-6.1.4.jar:/Users/kanchan/.m2/repository/io/micrometer/micrometer-observation/1.12.3/micrometer-observation-1.12.3.jar:/Users/kanchan/.m2/repository/io/micrometer/micrometer-commons/1.12.3/micrometer-commons-1.12.3.jar:/Users/kanchan/.m2/repository/org/springframework/spring-webmvc/6.1.4/spring-webmvc-6.1.4.jar:/Users/kanchan/.m2/repository/org/springframework/spring-aop/6.1.4/spring-aop-6.1.4.jar:/Users/kanchan/.m2/repository/org/springframework/spring-context/6.1.4/spring-context-6.1.4.jar:/Users/kanchan/.m2/repository/org/springframework/spring-expression/6.1.4/spring-expression-6.1.4.jar:/Users/kanchan/.m2/repository/org/springframework/boot/spring-boot-starter-data-mongodb/3.2.3/spring-boot-starter-data-mongodb-3.2.3.jar:/Users/kanchan/.m2/repository/org/mongodb/mongodb-driver-sync/4.11.1/mongodb-driver-sync-4.11.1.jar:/Users/kanchan/.m2/repository/org/mongodb/bson/4.11.1/bson-4.11.1.jar:/Users/kanchan/.m2/repository/org/mongodb/mongodb-driver-core/4.11.1/mongodb-driver-core-4.11.1.jar:/Users/kanchan/.m2/repository/org/mongodb/bson-record-codec/4.11.1/bson-record-codec-4.11.1.jar:/Users/kanchan/.m2/repository/org/springframework/data/spring-data-mongodb/4.2.3/spring-data-mongodb-4.2.3.jar:/Users/kanchan/.m2/repository/org/springframework/spring-tx/6.1.4/spring-tx-6.1.4.jar:/Users/kanchan/.m2/repository/org/springframework/data/spring-data-commons/3.2.3/spring-data-commons-3.2.3.jar:/Users/kanchan/.m2/repository/org/slf4j/slf4j-api/2.0.12/slf4j-api-2.0.12.jar:/Users/kanchan/.m2/repository/org/springframework/boot/spring-boot-starter-test/3.2.3/spring-boot-starter-test-3.2.3.jar:/Users/kanchan/.m2/repository/org/springframework/boot/spring-boot-test/3.2.3/spring-boot-test-3.2.3.jar:/Users/kanchan/.m2/repository/org/springframework/boot/spring-boot-test-autoconfigure/3.2.3/spring-boot-test-autoconfigure-3.2.3.jar:/Users/kanchan/.m2/repository/com/jayway/jsonpath/json-path/2.9.0/json-path-2.9.0.jar:/Users/kanchan/.m2/repository/jakarta/xml/bind/jakarta.xml.bind-api/4.0.1/jakarta.xml.bind-api-4.0.1.jar:/Users/kanchan/.m2/repository/jakarta/activation/jakarta.activation-api/2.1.2/jakarta.activation-api-2.1.2.jar:/Users/kanchan/.m2/repository/net/minidev/json-smart/2.5.0/json-smart-2.5.0.jar:/Users/kanchan/.m2/repository/net/minidev/accessors-smart/2.5.0/accessors-smart-2.5.0.jar:/Users/kanchan/.m2/repository/org/ow2/asm/asm/9.3/asm-9.3.jar:/Users/kanchan/.m2/repository/org/assertj/assertj-core/3.24.2/assertj-core-3.24.2.jar:/Users/kanchan/.m2/repository/net/bytebuddy/byte-buddy/1.14.12/byte-buddy-1.14.12.jar:/Users/kanchan/.m2/repository/org/awaitility/awaitility/4.2.0/awaitility-4.2.0.jar:/Users/kanchan/.m2/repository/org/hamcrest/hamcrest/2.2/hamcrest-2.2.jar:/Users/kanchan/.m2/repository/org/junit/jupiter/junit-jupiter/5.10.2/junit-jupiter-5.10.2.jar:/Users/kanchan/.m2/repository/org/junit/jupiter/junit-jupiter-api/5.10.2/junit-jupiter-api-5.10.2.jar:/Users/kanchan/.m2/repository/org/opentest4j/opentest4j/1.3.0/opentest4j-1.3.0.jar:/Users/kanchan/.m2/repository/org/junit/platform/junit-platform-commons/1.10.2/junit-platform-commons-1.10.2.jar:/Users/kanchan/.m2/repository/org/apiguardian/apiguardian-api/1.1.2/apiguardian-api-1.1.2.jar:/Users/kanchan/.m2/repository/org/junit/jupiter/junit-jupiter-params/5.10.2/junit-jupiter-params-5.10.2.jar:/Users/kanchan/.m2/repository/org/junit/jupiter/junit-jupiter-engine/5.10.2/junit-jupiter-engine-5.10.2.jar:/Users/kanchan/.m2/repository/org/junit/platform/junit-platform-engine/1.10.2/junit-platform-engine-1.10.2.jar:/Users/kanchan/.m2/repository/org/mockito/mockito-core/5.7.0/mockito-core-5.7.0.jar:/Users/kanchan/.m2/repository/net/bytebuddy/byte-buddy-agent/1.14.12/byte-buddy-agent-1.14.12.jar:/Users/kanchan/.m2/repository/org/objenesis/objenesis/3.3/objenesis-3.3.jar:/Users/kanchan/.m2/repository/org/mockito/mockito-junit-jupiter/5.7.0/mockito-junit-jupiter-5.7.0.jar:/Users/kanchan/.m2/repository/org/skyscreamer/jsonassert/1.5.1/jsonassert-1.5.1.jar:/Users/kanchan/.m2/repository/com/vaadin/external/google/android-json/0.0.20131108.vaadin1/android-json-0.0.20131108.vaadin1.jar:/Users/kanchan/.m2/repository/org/springframework/spring-core/6.1.4/spring-core-6.1.4.jar:/Users/kanchan/.m2/repository/org/springframework/spring-jcl/6.1.4/spring-jcl-6.1.4.jar:/Users/kanchan/.m2/repository/org/springframework/spring-test/6.1.4/spring-test-6.1.4.jar:/Users/kanchan/.m2/repository/org/xmlunit/xmlunit-core/2.9.1/xmlunit-core-2.9.1.jar:"/>
    <property name="java.vm.vendor" value="Homebrew"/>
    <property name="sun.arch.data.model" value="64"/>
    <property name="java.vendor.url" value="https://github.com/Homebrew/homebrew-core/issues"/>
    <property name="user.timezone" value="Asia/Colombo"/>
    <property name="os.name" value="Mac OS X"/>
    <property name="java.vm.specification.version" value="23"/>
    <property name="sun.java.launcher" value="SUN_STANDARD"/>
    <property name="user.country" value="GB"/>
    <property name="sun.boot.library.path" value="/Users/kanchan/homebrew/Cellar/openjdk/23.0.2/libexec/openjdk.jdk/Contents/Home/lib"/>
    <property name="sun.java.command" value="/Users/kanchan/Desktop/ Y2S2/DS project/DS/target/surefire/surefirebooter-20250411233351184_3.jar /Users/kanchan/Desktop/ Y2S2/DS project/DS/target/surefire 2025-04-11T23-33-46_632-jvmRun1 surefire-20250411233351184_1tmp surefire_0-20250411233351184_2tmp"/>
    <property name="http.nonProxyHosts" value="local|*.local|169.254/16|*.169.254/16"/>
    <property name="jdk.debug" value="release"/>
    <property name="test" value="RaftTest"/>
    <property name="surefire.test.class.path" value="/Users/kanchan/Desktop/ Y2S2/DS project/DS/target/test-classes:/Users/kanchan/Desktop/ Y2S2/DS project/DS/target/classes:/Users/kanchan/.m2/repository/org/springframework/boot/spring-boot-starter-web/3.2.3/spring-boot-starter-web-3.2.3.jar:/Users/kanchan/.m2/repository/org/springframework/boot/spring-boot-starter/3.2.3/spring-boot-starter-3.2.3.jar:/Users/kanchan/.m2/repository/org/springframework/boot/spring-boot/3.2.3/spring-boot-3.2.3.jar:/Users/kanchan/.m2/repository/org/springframework/boot/spring-boot-autoconfigure/3.2.3/spring-boot-autoconfigure-3.2.3.jar:/Users/kanchan/.m2/repository/org/springframework/boot/spring-boot-starter-logging/3.2.3/spring-boot-starter-logging-3.2.3.jar:/Users/kanchan/.m2/repository/ch/qos/logback/logback-classic/1.4.14/logback-classic-1.4.14.jar:/Users/kanchan/.m2/repository/ch/qos/logback/logback-core/1.4.14/logback-core-1.4.14.jar:/Users/kanchan/.m2/repository/org/apache/logging/log4j/log4j-to-slf4j/2.21.1/log4j-to-slf4j-2.21.1.jar:/Users/kanchan/.m2/repository/org/apache/logging/log4j/log4j-api/2.21.1/log4j-api-2.21.1.jar:/Users/kanchan/.m2/repository/org/slf4j/jul-to-slf4j/2.0.12/jul-to-slf4j-2.0.12.jar:/Users/kanchan/.m2/repository/jakarta/annotation/jakarta.annotation-api/2.1.1/jakarta.annotation-api-2.1.1.jar:/Users/kanchan/.m2/repository/org/yaml/snakeyaml/2.2/snakeyaml-2.2.jar:/Users/kanchan/.m2/repository/org/springframework/boot/spring-boot-starter-json/3.2.3/spring-boot-starter-json-3.2.3.jar:/Users/kanchan/.m2/repository/com/fasterxml/jackson/core/jackson-databind/2.15.4/jackson-databind-2.15.4.jar:/Users/kanchan/.m2/repository/com/fasterxml/jackson/core/jackson-annotations/2.15.4/jackson-annotations-2.15.4.jar:/Users/kanchan/.m2/repository/com/fasterxml/jackson/core/jackson-core/2.15.4/jackson-core-2.15.4.jar:/Users/kanchan/.m2/repository/com/fasterxml/jackson/datatype/jackson-datatype-jdk8/2.15.4/jackson-datatype-jdk8-2.15.4.jar:/Users/kanchan/.m2/repository/com/fasterxml/jackson/datatype/jackson-datatype-jsr310/2.15.4/jackson-datatype-jsr310-2.15.4.jar:/Users/kanchan/.m2/repository/com/fasterxml/jackson/module/jackson-module-parameter-names/2.15.4/jackson-module-parameter-names-2.15.4.jar:/Users/kanchan/.m2/repository/org/springframework/boot/spring-boot-starter-tomcat/3.2.3/spring-boot-starter-tomcat-3.2.3.jar:/Users/kanchan/.m2/repository/org/apache/tomcat/embed/tomcat-embed-core/10.1.19/tomcat-embed-core-10.1.19.jar:/Users/kanchan/.m2/repository/org/apache/tomcat/embed/tomcat-embed-el/10.1.19/tomcat-embed-el-10.1.19.jar:/Users/kanchan/.m2/repository/org/apache/tomcat/embed/tomcat-embed-websocket/10.1.19/tomcat-embed-websocket-10.1.19.jar:/Users/kanchan/.m2/repository/org/springframework/spring-web/6.1.4/spring-web-6.1.4.jar:/Users/kanchan/.m2/repository/org/springframework/spring-beans/6.1.4/spring-beans-6.1.4.jar:/Users/kanchan/.m2/repository/io/micrometer/micrometer-observation/1.12.3/micrometer-observation-1.12.3.jar:/Users/kanchan/.m2/repository/io/micrometer/micrometer-commons/1.12.3/micrometer-commons-1.12.3.jar:/Users/kanchan/.m2/repository/org/springframework/spring-webmvc/6.1.4/spring-webmvc-6.1.4.jar:/Users/kanchan/.m2/repository/org/springframework/spring-aop/6.1.4/spring-aop-6.1.4.jar:/Users/kanchan/.m2/repository/org/springframework/spring-context/6.1.4/spring-context-6.1.4.jar:/Users/kanchan/.m2/repository/org/springframework/spring-expression/6.1.4/spring-expression-6.1.4.jar:/Users/kanchan/.m2/repository/org/springframework/boot/spring-boot-starter-data-mongodb/3.2.3/spring-boot-starter-data-mongodb-3.2.3.jar:/Users/kanchan/.m2/repository/org/mongodb/mongodb-driver-sync/4.11.1/mongodb-driver-sync-4.11.1.jar:/Users/kanchan/.m2/repository/org/mongodb/bson/4.11.1/bson-4.11.1.jar:/Users/kanchan/.m2/repository/org/mongodb/mongodb-driver-core/4.11.1/mongodb-driver-core-4.11.1.jar:/Users/kanchan/.m2/repository/org/mongodb/bson-record-codec/4.11.1/bson-record-codec-4.11.1.jar:/Users/kanchan/.m2/repository/org/springframework/data/spring-data-mongodb/4.2.3/spring-data-mongodb-4.2.3.jar:/Users/kanchan/.m2/repository/org/springframework/spring-tx/6.1.4/spring-tx-6.1.4.jar:/Users/kanchan/.m2/repository/org/springframework/data/spring-data-commons/3.2.3/spring-data-commons-3.2.3.jar:/Users/kanchan/.m2/repository/org/slf4j/slf4j-api/2.0.12/slf4j-api-2.0.12.jar:/Users/kanchan/.m2/repository/org/springframework/boot/spring-boot-starter-test/3.2.3/spring-boot-starter-test-3.2.3.jar:/Users/kanchan/.m2/repository/org/springframework/boot/spring-boot-test/3.2.3/spring-boot-test-3.2.3.jar:/Users/kanchan/.m2/repository/org/springframework/boot/spring-boot-test-autoconfigure/3.2.3/spring-boot-test-autoconfigure-3.2.3.jar:/Users/kanchan/.m2/repository/com/jayway/jsonpath/json-path/2.9.0/json-path-2.9.0.jar:/Users/kanchan/.m2/repository/jakarta/xml/bind/jakarta.xml.bind-api/4.0.1/jakarta.xml.bind-api-4.0.1.jar:/Users/kanchan/.m2/repository/jakarta/activation/jakarta.activation-api/2.1.2/jakarta.activation-api-2.1.2.jar:/Users/kanchan/.m2/repository/net/minidev/json-smart/2.5.0/json-smart-2.5.0.jar:/Users/kanchan/.m2/repository/net/minidev/accessors-smart/2.5.0/accessors-smart-2.5.0.jar:/Users/kanchan/.m2/repository/org/ow2/asm/asm/9.3/asm-9.3.jar:/Users/kanchan/.m2/repository/org/assertj/assertj-core/3.24.2/assertj-core-3.24.2.jar:/Users/kanchan/.m2/repository/net/bytebuddy/byte-buddy/1.14.12/byte-buddy-1.14.12.jar:/Users/kanchan/.m2/repository/org/awaitility/awaitility/4.2.0/awaitility-4.2.0.jar:/Users/kanchan/.m2/repository/org/hamcrest/hamcrest/2.2/hamcrest-2.2.jar:/Users/kanchan/.m2/repository/org/junit/jupiter/junit-jupiter/5.10.2/junit-jupiter-5.10.2.jar:/Users/kanchan/.m2/repository/org/junit/jupiter/junit-jupiter-api/5.10.2/junit-jupiter-api-5.10.2.jar:/Users/kanchan/.m2/repository/org/opentest4j/opentest4j/1.3.0/opentest4j-1.3.0.jar:/Users/kanchan/.m2/repository/org/junit/platform/junit-platform-commons/1.10.2/junit-platform-commons-1.10.2.jar:/Users/kanchan/.m2/repository/org/apiguardian/apiguardian-api/1.1.2/apiguardian-api-1.1.2.jar:/Users/kanchan/.m2/repository/org/junit/jupiter/junit-jupiter-params/5.10.2/junit-jupiter-params-5.10.2.jar:/Users/kanchan/.m2/repository/org/junit/jupiter/junit-jupiter-engine/5.10.2/junit-jupiter-engine-5.10.2.jar:/Users/kanchan/.m2/repository/org/junit/platform/junit-platform-engine/1.10.2/junit-platform-engine-1.10.2.jar:/Users/kanchan/.m2/repository/org/mockito/mockito-core/5.7.0/mockito-core-5.7.0.jar:/Users/kanchan/.m2/repository/net/bytebuddy/byte-buddy-agent/1.14.12/byte-buddy-agent-1.14.12.jar:/Users/kanchan/.m2/repository/org/objenesis/objenesis/3.3/objenesis-3.3.jar:/Users/kanchan/.m2/repository/org/mockito/mockito-junit-jupiter/5.7.0/mockito-junit-jupiter-5.7.0.jar:/Users/kanchan/.m2/repository/org/skyscreamer/jsonassert/1.5.1/jsonassert-1.5.1.jar:/Users/kanchan/.m2/repository/com/vaadin/external/google/android-json/0.0.20131108.vaadin1/android-json-0.0.20131108.vaadin1.jar:/Users/kanchan/.m2/repository/org/springframework/spring-core/6.1.4/spring-core-6.1.4.jar:/Users/kanchan/.m2/repository/org/springframework/spring-jcl/6.1.4/spring-jcl-6.1.4.jar:/Users/kanchan/.m2/repository/org/springframework/spring-test/6.1.4/spring-test-6.1.4.jar:/Users/kanchan/.m2/repository/org/xmlunit/xmlunit-core/2.9.1/xmlunit-core-2.9.1.jar:"/>
    <property name="sun.cpu.endian" value="little"/>
    <property name="user.home" value="/Users/kanchan"/>
    <property name="user.language" value="en"/>
    <property name="java.specification.vendor" value="Oracle Corporation"/>
    <property name="java.version.date" value="2025-01-21"/>
    <property name="java.home" value="/Users/kanchan/homebrew/Cellar/openjdk/23.0.2/libexec/openjdk.jdk/Contents/Home"/>
    <property name="file.separator" value="/"/>
    <property name="basedir" value="/Users/kanchan/Desktop/ Y2S2/DS project/DS"/>
    <property name="java.vm.compressedOopsMode" value="Zero based"/>
    <property name="line.separator" value="&#10;"/>
    <property name="java.vm.specification.vendor" value="Oracle Corporation"/>
    <property name="java.specification.name" value="Java Platform API Specification"/>
    <property name="FILE_LOG_CHARSET" value="UTF-8"/>
    <property name="java.awt.headless" value="true"/>
    <property name="apple.awt.application.name" value="ForkedBooter"/>
    <property name="surefire.real.class.path" value="/Users/kanchan/Desktop/ Y2S2/DS project/DS/target/surefire/surefirebooter-20250411233351184_3.jar"/>
    <property name="sun.management.compiler" value="HotSpot 64-Bit Tiered Compilers"/>
    <property name="ftp.nonProxyHosts" value="local|*.local|169.254/16|*.169.254/16"/>
    <property name="java.runtime.version" value="23.0.2"/>
    <property name="user.name" value="kanchan"/>
    <property name="stdout.encoding" value="UTF-8"/>
    <property name="path.separator" value=":"/>
    <property name="os.version" value="14.4.1"/>
    <property name="java.runtime.name" value="OpenJDK Runtime Environment"/>
    <property name="file.encoding" value="UTF-8"/>
    <property name="java.vm.name" value="OpenJDK 64-Bit Server VM"/>
    <property name="java.vendor.version" value="Homebrew"/>
    <property name="localRepository" value="/Users/kanchan/.m2/repository"/>
    <property name="java.vendor.url.bug" value="https://github.com/Homebrew/homebrew-core/issues"/>
    <property name="java.io.tmpdir" value="/var/folders/gc/26gl3m4n5r50gvkhw4g1rvtm0000gn/T/"/>
    <property name="java.version" value="23.0.2"/>
    <property name="user.dir" value="/Users/kanchan/Desktop/ Y2S2/DS project/DS"/>
    <property name="os.arch" value="aarch64"/>
    <property name="java.vm.specification.name" value="Java Virtual Machine Specification"/>
    <property name="PID" value="48496"/>
    <property name="CONSOLE_LOG_CHARSET" value="UTF-8"/>
    <property name="native.encoding" value="UTF-8"/>
    <property name="java.library.path" value="/Users/kanchan/Library/Java/Extensions:/Library/Java/Extensions:/Network/Library/Java/Extensions:/System/Library/Java/Extensions:/usr/lib/java:."/>
    <property name="java.vm.info" value="mixed mode, sharing"/>
    <property name="stderr.encoding" value="UTF-8"/>
    <property name="java.vendor" value="Homebrew"/>
    <property name="java.vm.version" value="23.0.2"/>
    <property name="sun.io.unicode.encoding" value="UnicodeBig"/>
    <property name="socksNonProxyHosts" value="local|*.local|169.254/16|*.169.254/16"/>
    <property name="java.class.version" value="67.0"/>
  </properties>
  <testcase name="stressTestLogIngestion" classname="com.logsystem.test.RaftTest" time="7.411">
    <system-out><![CDATA[23:33:52.379 [main] INFO org.springframework.test.context.support.AnnotationConfigContextLoaderUtils -- Could not detect default configuration classes for test class [com.logsystem.test.RaftTest]: RaftTest does not declare any static, non-private, non-final, nested classes annotated with @Configuration.
23:33:52.477 [main] INFO org.springframework.boot.test.context.SpringBootTestContextBootstrapper -- Found @SpringBootConfiguration com.logsystem.LogSystemApplication for test class com.logsystem.test.RaftTest

  .   ____          _            __ _ _
 /\\ / ___'_ __ _ _(_)_ __  __ _ \ \ \ \
( ( )\___ | '_ | '_| | '_ \/ _` | \ \ \ \
 \\/  ___)| |_)| | | | | || (_| |  ) ) ) )
  '  |____| .__|_| |_|_| |_\__, | / / / /
 =========|_|==============|___/=/_/_/_/
&amp#27;[32m :: Spring Boot :: &amp#27;[39m              &amp#27;[2m (v3.2.3)&amp#27;[0;39m

&amp#27;[2m2025-04-11T23:33:52.839+05:30&amp#27;[0;39m &amp#27;[32m INFO&amp#27;[0;39m &amp#27;[35m48496&amp#27;[0;39m &amp#27;[2m---&amp#27;[0;39m &amp#27;[2m[           main]&amp#27;[0;39m &amp#27;[2m&amp#27;[0;39m&amp#27;[36mcom.logsystem.test.RaftTest             &amp#27;[0;39m &amp#27;[2m:&amp#27;[0;39m Starting RaftTest using Java 23.0.2 with PID 48496 (started by kanchan in /Users/kanchan/Desktop/ Y2S2/DS project/DS)
&amp#27;[2m2025-04-11T23:33:52.841+05:30&amp#27;[0;39m &amp#27;[32mDEBUG&amp#27;[0;39m &amp#27;[35m48496&amp#27;[0;39m &amp#27;[2m---&amp#27;[0;39m &amp#27;[2m[           main]&amp#27;[0;39m &amp#27;[2m&amp#27;[0;39m&amp#27;[36mcom.logsystem.test.RaftTest             &amp#27;[0;39m &amp#27;[2m:&amp#27;[0;39m Running with Spring Boot v3.2.3, Spring v6.1.4
&amp#27;[2m2025-04-11T23:33:52.842+05:30&amp#27;[0;39m &amp#27;[32m INFO&amp#27;[0;39m &amp#27;[35m48496&amp#27;[0;39m &amp#27;[2m---&amp#27;[0;39m &amp#27;[2m[           main]&amp#27;[0;39m &amp#27;[2m&amp#27;[0;39m&amp#27;[36mcom.logsystem.test.RaftTest             &amp#27;[0;39m &amp#27;[2m:&amp#27;[0;39m No active profile set, falling back to 1 default profile: "default"
&amp#27;[2m2025-04-11T23:33:53.414+05:30&amp#27;[0;39m &amp#27;[32m INFO&amp#27;[0;39m &amp#27;[35m48496&amp#27;[0;39m &amp#27;[2m---&amp#27;[0;39m &amp#27;[2m[           main]&amp#27;[0;39m &amp#27;[2m&amp#27;[0;39m&amp#27;[36m.s.d.r.c.RepositoryConfigurationDelegate&amp#27;[0;39m &amp#27;[2m:&amp#27;[0;39m Bootstrapping Spring Data MongoDB repositories in DEFAULT mode.
&amp#27;[2m2025-04-11T23:33:53.451+05:30&amp#27;[0;39m &amp#27;[32m INFO&amp#27;[0;39m &amp#27;[35m48496&amp#27;[0;39m &amp#27;[2m---&amp#27;[0;39m &amp#27;[2m[           main]&amp#27;[0;39m &amp#27;[2m&amp#27;[0;39m&amp#27;[36m.s.d.r.c.RepositoryConfigurationDelegate&amp#27;[0;39m &amp#27;[2m:&amp#27;[0;39m Finished Spring Data repository scanning in 33 ms. Found 1 MongoDB repository interface.
&amp#27;[2m2025-04-11T23:33:53.707+05:30&amp#27;[0;39m &amp#27;[32m INFO&amp#27;[0;39m &amp#27;[35m48496&amp#27;[0;39m &amp#27;[2m---&amp#27;[0;39m &amp#27;[2m[           main]&amp#27;[0;39m &amp#27;[2m&amp#27;[0;39m&amp#27;[36morg.mongodb.driver.cluster              &amp#27;[0;39m &amp#27;[2m:&amp#27;[0;39m Adding discovered server localhost:27018 to client view of cluster
&amp#27;[2m2025-04-11T23:33:53.732+05:30&amp#27;[0;39m &amp#27;[32m INFO&amp#27;[0;39m &amp#27;[35m48496&amp#27;[0;39m &amp#27;[2m---&amp#27;[0;39m &amp#27;[2m[           main]&amp#27;[0;39m &amp#27;[2m&amp#27;[0;39m&amp#27;[36morg.mongodb.driver.cluster              &amp#27;[0;39m &amp#27;[2m:&amp#27;[0;39m Adding discovered server localhost:27019 to client view of cluster
&amp#27;[2m2025-04-11T23:33:53.746+05:30&amp#27;[0;39m &amp#27;[32m INFO&amp#27;[0;39m &amp#27;[35m48496&amp#27;[0;39m &amp#27;[2m---&amp#27;[0;39m &amp#27;[2m[           main]&amp#27;[0;39m &amp#27;[2m&amp#27;[0;39m&amp#27;[36morg.mongodb.driver.client               &amp#27;[0;39m &amp#27;[2m:&amp#27;[0;39m MongoClient with metadata {"driver": {"name": "mongo-java-driver|sync|spring-boot", "version": "4.11.1"}, "os": {"type": "Darwin", "name": "Mac OS X", "architecture": "aarch64", "version": "14.4.1"}, "platform": "Java/Homebrew/23.0.2"} created with settings MongoClientSettings{readPreference=primary, writeConcern=WriteConcern{w=null, wTimeout=null ms, journal=null}, retryWrites=true, retryReads=true, readConcern=ReadConcern{level=null}, credential=null, transportSettings=null, streamFactoryFactory=null, commandListeners=[], codecRegistry=ProvidersCodecRegistry{codecProviders=[ValueCodecProvider{}, BsonValueCodecProvider{}, DBRefCodecProvider{}, DBObjectCodecProvider{}, DocumentCodecProvider{}, CollectionCodecProvider{}, IterableCodecProvider{}, MapCodecProvider{}, GeoJsonCodecProvider{}, GridFSFileCodecProvider{}, Jsr310CodecProvider{}, JsonObjectCodecProvider{}, BsonCodecProvider{}, EnumCodecProvider{}, com.mongodb.client.model.mql.ExpressionCodecProvider@3238e2aa, com.mongodb.Jep395RecordCodecProvider@2c7db926, com.mongodb.KotlinCodecProvider@2577a95d]}, loggerSettings=LoggerSettings{maxDocumentLength=1000}, clusterSettings={hosts=[localhost:27018, localhost:27019], srvServiceName=mongodb, mode=MULTIPLE, requiredClusterType=REPLICA_SET, requiredReplicaSetName='myReplSet', serverSelector='null', clusterListeners='[]', serverSelectionTimeout='30000 ms', localThreshold='15 ms'}, socketSettings=SocketSettings{connectTimeoutMS=10000, readTimeoutMS=0, receiveBufferSize=0, proxySettings=ProxySettings{host=null, port=null, username=null, password=null}}, heartbeatSocketSettings=SocketSettings{connectTimeoutMS=10000, readTimeoutMS=10000, receiveBufferSize=0, proxySettings=ProxySettings{host=null, port=null, username=null, password=null}}, connectionPoolSettings=ConnectionPoolSettings{maxSize=100, minSize=0, maxWaitTimeMS=120000, maxConnectionLifeTimeMS=0, maxConnectionIdleTimeMS=0, maintenanceInitialDelayMS=0, maintenanceFrequencyMS=60000, connectionPoolListeners=[], maxConnecting=2}, serverSettings=ServerSettings{heartbeatFrequencyMS=10000, minHeartbeatFrequencyMS=500, serverListeners='[]', serverMonitorListeners='[]'}, sslSettings=SslSettings{enabled=false, invalidHostNameAllowed=false, context=null}, applicationName='null', compressorList=[], uuidRepresentation=JAVA_LEGACY, serverApi=null, autoEncryptionSettings=null, dnsClient=null, inetAddressResolver=null, contextProvider=null}
&amp#27;[2m2025-04-11T23:33:53.776+05:30&amp#27;[0;39m &amp#27;[32m INFO&amp#27;[0;39m &amp#27;[35m48496&amp#27;[0;39m &amp#27;[2m---&amp#27;[0;39m &amp#27;[2m[localhost:27019]&amp#27;[0;39m &amp#27;[2m&amp#27;[0;39m&amp#27;[36morg.mongodb.driver.cluster              &amp#27;[0;39m &amp#27;[2m:&amp#27;[0;39m Monitor thread successfully connected to server with description ServerDescription{address=localhost:27019, type=REPLICA_SET_SECONDARY, state=CONNECTED, ok=true, minWireVersion=0, maxWireVersion=25, maxDocumentSize=16777216, logicalSessionTimeoutMinutes=30, roundTripTimeNanos=17156167, setName='myReplSet', canonicalAddress=localhost:27019, hosts=[localhost:27018, localhost:27019], passives=[], arbiters=[], primary='localhost:27018', tagSet=TagSet{[]}, electionId=null, setVersion=3, topologyVersion=TopologyVersion{processId=67eccfbdbe7319c3739cefb7, counter=952}, lastWriteDate=Fri Apr 11 23:33:53 IST 2025, lastUpdateTimeNanos=1559258636077583}
&amp#27;[2m2025-04-11T23:33:53.776+05:30&amp#27;[0;39m &amp#27;[32m INFO&amp#27;[0;39m &amp#27;[35m48496&amp#27;[0;39m &amp#27;[2m---&amp#27;[0;39m &amp#27;[2m[localhost:27018]&amp#27;[0;39m &amp#27;[2m&amp#27;[0;39m&amp#27;[36morg.mongodb.driver.cluster              &amp#27;[0;39m &amp#27;[2m:&amp#27;[0;39m Monitor thread successfully connected to server with description ServerDescription{address=localhost:27018, type=REPLICA_SET_PRIMARY, state=CONNECTED, ok=true, minWireVersion=0, maxWireVersion=25, maxDocumentSize=16777216, logicalSessionTimeoutMinutes=30, roundTripTimeNanos=17184167, setName='myReplSet', canonicalAddress=localhost:27018, hosts=[localhost:27018, localhost:27019], passives=[], arbiters=[], primary='localhost:27018', tagSet=TagSet{[]}, electionId=7fffffff0000000000000145, setVersion=3, topologyVersion=TopologyVersion{processId=67ecc670dea591c3be2459d5, counter=968}, lastWriteDate=Fri Apr 11 23:33:53 IST 2025, lastUpdateTimeNanos=1559258636099583}
&amp#27;[2m2025-04-11T23:33:53.790+05:30&amp#27;[0;39m &amp#27;[32m INFO&amp#27;[0;39m &amp#27;[35m48496&amp#27;[0;39m &amp#27;[2m---&amp#27;[0;39m &amp#27;[2m[localhost:27018]&amp#27;[0;39m &amp#27;[2m&amp#27;[0;39m&amp#27;[36morg.mongodb.driver.cluster              &amp#27;[0;39m &amp#27;[2m:&amp#27;[0;39m Discovered replica set primary localhost:27018 with max election id 7fffffff0000000000000145 and max set version 3
&amp#27;[2m2025-04-11T23:33:53.912+05:30&amp#27;[0;39m &amp#27;[32mDEBUG&amp#27;[0;39m &amp#27;[35m48496&amp#27;[0;39m &amp#27;[2m---&amp#27;[0;39m &amp#27;[2m[           main]&amp#27;[0;39m &amp#27;[2m&amp#27;[0;39m&amp#27;[36m.m.c.i.MongoPersistentEntityIndexCreator&amp#27;[0;39m &amp#27;[2m:&amp#27;[0;39m Analyzing class class com.logsystem.model.LogEntry for index information
Node-227 is starting leader election...
New Leader Elected: Node-227
&amp#27;[2m2025-04-11T23:33:54.476+05:30&amp#27;[0;39m &amp#27;[32m INFO&amp#27;[0;39m &amp#27;[35m48496&amp#27;[0;39m &amp#27;[2m---&amp#27;[0;39m &amp#27;[2m[           main]&amp#27;[0;39m &amp#27;[2m&amp#27;[0;39m&amp#27;[36mcom.logsystem.test.RaftTest             &amp#27;[0;39m &amp#27;[2m:&amp#27;[0;39m Started RaftTest in 1.891 seconds (process running for 3.129)
Starting Raft stress test on leader...
&amp#27;[2m2025-04-11T23:33:55.149+05:30&amp#27;[0;39m &amp#27;[32mDEBUG&amp#27;[0;39m &amp#27;[35m48496&amp#27;[0;39m &amp#27;[2m---&amp#27;[0;39m &amp#27;[2m[           main]&amp#27;[0;39m &amp#27;[2m&amp#27;[0;39m&amp#27;[36mo.s.data.mongodb.core.MongoTemplate     &amp#27;[0;39m &amp#27;[2m:&amp#27;[0;39m Inserting Document containing fields: [index, message, timestamp, level, _class] in collection: logs
Appended: Stress Log #1
&amp#27;[2m2025-04-11T23:33:55.255+05:30&amp#27;[0;39m &amp#27;[32mDEBUG&amp#27;[0;39m &amp#27;[35m48496&amp#27;[0;39m &amp#27;[2m---&amp#27;[0;39m &amp#27;[2m[           main]&amp#27;[0;39m &amp#27;[2m&amp#27;[0;39m&amp#27;[36mo.s.data.mongodb.core.MongoTemplate     &amp#27;[0;39m &amp#27;[2m:&amp#27;[0;39m Inserting Document containing fields: [index, message, timestamp, level, _class] in collection: logs
Appended: Stress Log #2
&amp#27;[2m2025-04-11T23:33:55.316+05:30&amp#27;[0;39m &amp#27;[32mDEBUG&amp#27;[0;39m &amp#27;[35m48496&amp#27;[0;39m &amp#27;[2m---&amp#27;[0;39m &amp#27;[2m[           main]&amp#27;[0;39m &amp#27;[2m&amp#27;[0;39m&amp#27;[36mo.s.data.mongodb.core.MongoTemplate     &amp#27;[0;39m &amp#27;[2m:&amp#27;[0;39m Inserting Document containing fields: [index, message, timestamp, level, _class] in collection: logs
Appended: Stress Log #3
&amp#27;[2m2025-04-11T23:33:55.388+05:30&amp#27;[0;39m &amp#27;[32mDEBUG&amp#27;[0;39m &amp#27;[35m48496&amp#27;[0;39m &amp#27;[2m---&amp#27;[0;39m &amp#27;[2m[           main]&amp#27;[0;39m &amp#27;[2m&amp#27;[0;39m&amp#27;[36mo.s.data.mongodb.core.MongoTemplate     &amp#27;[0;39m &amp#27;[2m:&amp#27;[0;39m Inserting Document containing fields: [index, message, timestamp, level, _class] in collection: logs
Appended: Stress Log #4
&amp#27;[2m2025-04-11T23:33:55.454+05:30&amp#27;[0;39m &amp#27;[32mDEBUG&amp#27;[0;39m &amp#27;[35m48496&amp#27;[0;39m &amp#27;[2m---&amp#27;[0;39m &amp#27;[2m[           main]&amp#27;[0;39m &amp#27;[2m&amp#27;[0;39m&amp#27;[36mo.s.data.mongodb.core.MongoTemplate     &amp#27;[0;39m &amp#27;[2m:&amp#27;[0;39m Inserting Document containing fields: [index, message, timestamp, level, _class] in collection: logs
Appended: Stress Log #5
&amp#27;[2m2025-04-11T23:33:55.521+05:30&amp#27;[0;39m &amp#27;[32mDEBUG&amp#27;[0;39m &amp#27;[35m48496&amp#27;[0;39m &amp#27;[2m---&amp#27;[0;39m &amp#27;[2m[           main]&amp#27;[0;39m &amp#27;[2m&amp#27;[0;39m&amp#27;[36mo.s.data.mongodb.core.MongoTemplate     &amp#27;[0;39m &amp#27;[2m:&amp#27;[0;39m Inserting Document containing fields: [index, message, timestamp, level, _class] in collection: logs
Appended: Stress Log #6
&amp#27;[2m2025-04-11T23:33:55.585+05:30&amp#27;[0;39m &amp#27;[32mDEBUG&amp#27;[0;39m &amp#27;[35m48496&amp#27;[0;39m &amp#27;[2m---&amp#27;[0;39m &amp#27;[2m[           main]&amp#27;[0;39m &amp#27;[2m&amp#27;[0;39m&amp#27;[36mo.s.data.mongodb.core.MongoTemplate     &amp#27;[0;39m &amp#27;[2m:&amp#27;[0;39m Inserting Document containing fields: [index, message, timestamp, level, _class] in collection: logs
Appended: Stress Log #7
&amp#27;[2m2025-04-11T23:33:55.650+05:30&amp#27;[0;39m &amp#27;[32mDEBUG&amp#27;[0;39m &amp#27;[35m48496&amp#27;[0;39m &amp#27;[2m---&amp#27;[0;39m &amp#27;[2m[           main]&amp#27;[0;39m &amp#27;[2m&amp#27;[0;39m&amp#27;[36mo.s.data.mongodb.core.MongoTemplate     &amp#27;[0;39m &amp#27;[2m:&amp#27;[0;39m Inserting Document containing fields: [index, message, timestamp, level, _class] in collection: logs
Appended: Stress Log #8
&amp#27;[2m2025-04-11T23:33:55.716+05:30&amp#27;[0;39m &amp#27;[32mDEBUG&amp#27;[0;39m &amp#27;[35m48496&amp#27;[0;39m &amp#27;[2m---&amp#27;[0;39m &amp#27;[2m[           main]&amp#27;[0;39m &amp#27;[2m&amp#27;[0;39m&amp#27;[36mo.s.data.mongodb.core.MongoTemplate     &amp#27;[0;39m &amp#27;[2m:&amp#27;[0;39m Inserting Document containing fields: [index, message, timestamp, level, _class] in collection: logs
Appended: Stress Log #9
&amp#27;[2m2025-04-11T23:33:55.782+05:30&amp#27;[0;39m &amp#27;[32mDEBUG&amp#27;[0;39m &amp#27;[35m48496&amp#27;[0;39m &amp#27;[2m---&amp#27;[0;39m &amp#27;[2m[           main]&amp#27;[0;39m &amp#27;[2m&amp#27;[0;39m&amp#27;[36mo.s.data.mongodb.core.MongoTemplate     &amp#27;[0;39m &amp#27;[2m:&amp#27;[0;39m Inserting Document containing fields: [index, message, timestamp, level, _class] in collection: logs
Appended: Stress Log #10
&amp#27;[2m2025-04-11T23:33:55.849+05:30&amp#27;[0;39m &amp#27;[32mDEBUG&amp#27;[0;39m &amp#27;[35m48496&amp#27;[0;39m &amp#27;[2m---&amp#27;[0;39m &amp#27;[2m[           main]&amp#27;[0;39m &amp#27;[2m&amp#27;[0;39m&amp#27;[36mo.s.data.mongodb.core.MongoTemplate     &amp#27;[0;39m &amp#27;[2m:&amp#27;[0;39m Inserting Document containing fields: [index, message, timestamp, level, _class] in collection: logs
Appended: Stress Log #11
&amp#27;[2m2025-04-11T23:33:55.913+05:30&amp#27;[0;39m &amp#27;[32mDEBUG&amp#27;[0;39m &amp#27;[35m48496&amp#27;[0;39m &amp#27;[2m---&amp#27;[0;39m &amp#27;[2m[           main]&amp#27;[0;39m &amp#27;[2m&amp#27;[0;39m&amp#27;[36mo.s.data.mongodb.core.MongoTemplate     &amp#27;[0;39m &amp#27;[2m:&amp#27;[0;39m Inserting Document containing fields: [index, message, timestamp, level, _class] in collection: logs
Appended: Stress Log #12
&amp#27;[2m2025-04-11T23:33:55.980+05:30&amp#27;[0;39m &amp#27;[32mDEBUG&amp#27;[0;39m &amp#27;[35m48496&amp#27;[0;39m &amp#27;[2m---&amp#27;[0;39m &amp#27;[2m[           main]&amp#27;[0;39m &amp#27;[2m&amp#27;[0;39m&amp#27;[36mo.s.data.mongodb.core.MongoTemplate     &amp#27;[0;39m &amp#27;[2m:&amp#27;[0;39m Inserting Document containing fields: [index, message, timestamp, level, _class] in collection: logs
Appended: Stress Log #13
&amp#27;[2m2025-04-11T23:33:56.044+05:30&amp#27;[0;39m &amp#27;[32mDEBUG&amp#27;[0;39m &amp#27;[35m48496&amp#27;[0;39m &amp#27;[2m---&amp#27;[0;39m &amp#27;[2m[           main]&amp#27;[0;39m &amp#27;[2m&amp#27;[0;39m&amp#27;[36mo.s.data.mongodb.core.MongoTemplate     &amp#27;[0;39m &amp#27;[2m:&amp#27;[0;39m Inserting Document containing fields: [index, message, timestamp, level, _class] in collection: logs
Appended: Stress Log #14
&amp#27;[2m2025-04-11T23:33:56.108+05:30&amp#27;[0;39m &amp#27;[32mDEBUG&amp#27;[0;39m &amp#27;[35m48496&amp#27;[0;39m &amp#27;[2m---&amp#27;[0;39m &amp#27;[2m[           main]&amp#27;[0;39m &amp#27;[2m&amp#27;[0;39m&amp#27;[36mo.s.data.mongodb.core.MongoTemplate     &amp#27;[0;39m &amp#27;[2m:&amp#27;[0;39m Inserting Document containing fields: [index, message, timestamp, level, _class] in collection: logs
Appended: Stress Log #15
&amp#27;[2m2025-04-11T23:33:56.176+05:30&amp#27;[0;39m &amp#27;[32mDEBUG&amp#27;[0;39m &amp#27;[35m48496&amp#27;[0;39m &amp#27;[2m---&amp#27;[0;39m &amp#27;[2m[           main]&amp#27;[0;39m &amp#27;[2m&amp#27;[0;39m&amp#27;[36mo.s.data.mongodb.core.MongoTemplate     &amp#27;[0;39m &amp#27;[2m:&amp#27;[0;39m Inserting Document containing fields: [index, message, timestamp, level, _class] in collection: logs
Appended: Stress Log #16
&amp#27;[2m2025-04-11T23:33:56.241+05:30&amp#27;[0;39m &amp#27;[32mDEBUG&amp#27;[0;39m &amp#27;[35m48496&amp#27;[0;39m &amp#27;[2m---&amp#27;[0;39m &amp#27;[2m[           main]&amp#27;[0;39m &amp#27;[2m&amp#27;[0;39m&amp#27;[36mo.s.data.mongodb.core.MongoTemplate     &amp#27;[0;39m &amp#27;[2m:&amp#27;[0;39m Inserting Document containing fields: [index, message, timestamp, level, _class] in collection: logs
Appended: Stress Log #17
&amp#27;[2m2025-04-11T23:33:56.304+05:30&amp#27;[0;39m &amp#27;[32mDEBUG&amp#27;[0;39m &amp#27;[35m48496&amp#27;[0;39m &amp#27;[2m---&amp#27;[0;39m &amp#27;[2m[           main]&amp#27;[0;39m &amp#27;[2m&amp#27;[0;39m&amp#27;[36mo.s.data.mongodb.core.MongoTemplate     &amp#27;[0;39m &amp#27;[2m:&amp#27;[0;39m Inserting Document containing fields: [index, message, timestamp, level, _class] in collection: logs
Appended: Stress Log #18
&amp#27;[2m2025-04-11T23:33:56.372+05:30&amp#27;[0;39m &amp#27;[32mDEBUG&amp#27;[0;39m &amp#27;[35m48496&amp#27;[0;39m &amp#27;[2m---&amp#27;[0;39m &amp#27;[2m[           main]&amp#27;[0;39m &amp#27;[2m&amp#27;[0;39m&amp#27;[36mo.s.data.mongodb.core.MongoTemplate     &amp#27;[0;39m &amp#27;[2m:&amp#27;[0;39m Inserting Document containing fields: [index, message, timestamp, level, _class] in collection: logs
Appended: Stress Log #19
&amp#27;[2m2025-04-11T23:33:56.440+05:30&amp#27;[0;39m &amp#27;[32mDEBUG&amp#27;[0;39m &amp#27;[35m48496&amp#27;[0;39m &amp#27;[2m---&amp#27;[0;39m &amp#27;[2m[           main]&amp#27;[0;39m &amp#27;[2m&amp#27;[0;39m&amp#27;[36mo.s.data.mongodb.core.MongoTemplate     &amp#27;[0;39m &amp#27;[2m:&amp#27;[0;39m Inserting Document containing fields: [index, message, timestamp, level, _class] in collection: logs
Appended: Stress Log #20
&amp#27;[2m2025-04-11T23:33:56.507+05:30&amp#27;[0;39m &amp#27;[32mDEBUG&amp#27;[0;39m &amp#27;[35m48496&amp#27;[0;39m &amp#27;[2m---&amp#27;[0;39m &amp#27;[2m[           main]&amp#27;[0;39m &amp#27;[2m&amp#27;[0;39m&amp#27;[36mo.s.data.mongodb.core.MongoTemplate     &amp#27;[0;39m &amp#27;[2m:&amp#27;[0;39m Inserting Document containing fields: [index, message, timestamp, level, _class] in collection: logs
Appended: Stress Log #21
&amp#27;[2m2025-04-11T23:33:56.578+05:30&amp#27;[0;39m &amp#27;[32mDEBUG&amp#27;[0;39m &amp#27;[35m48496&amp#27;[0;39m &amp#27;[2m---&amp#27;[0;39m &amp#27;[2m[           main]&amp#27;[0;39m &amp#27;[2m&amp#27;[0;39m&amp#27;[36mo.s.data.mongodb.core.MongoTemplate     &amp#27;[0;39m &amp#27;[2m:&amp#27;[0;39m Inserting Document containing fields: [index, message, timestamp, level, _class] in collection: logs
Appended: Stress Log #22
&amp#27;[2m2025-04-11T23:33:56.644+05:30&amp#27;[0;39m &amp#27;[32mDEBUG&amp#27;[0;39m &amp#27;[35m48496&amp#27;[0;39m &amp#27;[2m---&amp#27;[0;39m &amp#27;[2m[           main]&amp#27;[0;39m &amp#27;[2m&amp#27;[0;39m&amp#27;[36mo.s.data.mongodb.core.MongoTemplate     &amp#27;[0;39m &amp#27;[2m:&amp#27;[0;39m Inserting Document containing fields: [index, message, timestamp, level, _class] in collection: logs
Appended: Stress Log #23
&amp#27;[2m2025-04-11T23:33:56.713+05:30&amp#27;[0;39m &amp#27;[32mDEBUG&amp#27;[0;39m &amp#27;[35m48496&amp#27;[0;39m &amp#27;[2m---&amp#27;[0;39m &amp#27;[2m[           main]&amp#27;[0;39m &amp#27;[2m&amp#27;[0;39m&amp#27;[36mo.s.data.mongodb.core.MongoTemplate     &amp#27;[0;39m &amp#27;[2m:&amp#27;[0;39m Inserting Document containing fields: [index, message, timestamp, level, _class] in collection: logs
Appended: Stress Log #24
&amp#27;[2m2025-04-11T23:33:56.779+05:30&amp#27;[0;39m &amp#27;[32mDEBUG&amp#27;[0;39m &amp#27;[35m48496&amp#27;[0;39m &amp#27;[2m---&amp#27;[0;39m &amp#27;[2m[           main]&amp#27;[0;39m &amp#27;[2m&amp#27;[0;39m&amp#27;[36mo.s.data.mongodb.core.MongoTemplate     &amp#27;[0;39m &amp#27;[2m:&amp#27;[0;39m Inserting Document containing fields: [index, message, timestamp, level, _class] in collection: logs
Appended: Stress Log #25
&amp#27;[2m2025-04-11T23:33:56.846+05:30&amp#27;[0;39m &amp#27;[32mDEBUG&amp#27;[0;39m &amp#27;[35m48496&amp#27;[0;39m &amp#27;[2m---&amp#27;[0;39m &amp#27;[2m[           main]&amp#27;[0;39m &amp#27;[2m&amp#27;[0;39m&amp#27;[36mo.s.data.mongodb.core.MongoTemplate     &amp#27;[0;39m &amp#27;[2m:&amp#27;[0;39m Inserting Document containing fields: [index, message, timestamp, level, _class] in collection: logs
Appended: Stress Log #26
&amp#27;[2m2025-04-11T23:33:56.914+05:30&amp#27;[0;39m &amp#27;[32mDEBUG&amp#27;[0;39m &amp#27;[35m48496&amp#27;[0;39m &amp#27;[2m---&amp#27;[0;39m &amp#27;[2m[           main]&amp#27;[0;39m &amp#27;[2m&amp#27;[0;39m&amp#27;[36mo.s.data.mongodb.core.MongoTemplate     &amp#27;[0;39m &amp#27;[2m:&amp#27;[0;39m Inserting Document containing fields: [index, message, timestamp, level, _class] in collection: logs
Appended: Stress Log #27
&amp#27;[2m2025-04-11T23:33:56.978+05:30&amp#27;[0;39m &amp#27;[32mDEBUG&amp#27;[0;39m &amp#27;[35m48496&amp#27;[0;39m &amp#27;[2m---&amp#27;[0;39m &amp#27;[2m[           main]&amp#27;[0;39m &amp#27;[2m&amp#27;[0;39m&amp#27;[36mo.s.data.mongodb.core.MongoTemplate     &amp#27;[0;39m &amp#27;[2m:&amp#27;[0;39m Inserting Document containing fields: [index, message, timestamp, level, _class] in collection: logs
Appended: Stress Log #28
&amp#27;[2m2025-04-11T23:33:57.037+05:30&amp#27;[0;39m &amp#27;[32mDEBUG&amp#27;[0;39m &amp#27;[35m48496&amp#27;[0;39m &amp#27;[2m---&amp#27;[0;39m &amp#27;[2m[           main]&amp#27;[0;39m &amp#27;[2m&amp#27;[0;39m&amp#27;[36mo.s.data.mongodb.core.MongoTemplate     &amp#27;[0;39m &amp#27;[2m:&amp#27;[0;39m Inserting Document containing fields: [index, message, timestamp, level, _class] in collection: logs
Appended: Stress Log #29
&amp#27;[2m2025-04-11T23:33:57.100+05:30&amp#27;[0;39m &amp#27;[32mDEBUG&amp#27;[0;39m &amp#27;[35m48496&amp#27;[0;39m &amp#27;[2m---&amp#27;[0;39m &amp#27;[2m[           main]&amp#27;[0;39m &amp#27;[2m&amp#27;[0;39m&amp#27;[36mo.s.data.mongodb.core.MongoTemplate     &amp#27;[0;39m &amp#27;[2m:&amp#27;[0;39m Inserting Document containing fields: [index, message, timestamp, level, _class] in collection: logs
Appended: Stress Log #30
&amp#27;[2m2025-04-11T23:33:57.165+05:30&amp#27;[0;39m &amp#27;[32mDEBUG&amp#27;[0;39m &amp#27;[35m48496&amp#27;[0;39m &amp#27;[2m---&amp#27;[0;39m &amp#27;[2m[           main]&amp#27;[0;39m &amp#27;[2m&amp#27;[0;39m&amp#27;[36mo.s.data.mongodb.core.MongoTemplate     &amp#27;[0;39m &amp#27;[2m:&amp#27;[0;39m Inserting Document containing fields: [index, message, timestamp, level, _class] in collection: logs
Appended: Stress Log #31
&amp#27;[2m2025-04-11T23:33:57.231+05:30&amp#27;[0;39m &amp#27;[32mDEBUG&amp#27;[0;39m &amp#27;[35m48496&amp#27;[0;39m &amp#27;[2m---&amp#27;[0;39m &amp#27;[2m[           main]&amp#27;[0;39m &amp#27;[2m&amp#27;[0;39m&amp#27;[36mo.s.data.mongodb.core.MongoTemplate     &amp#27;[0;39m &amp#27;[2m:&amp#27;[0;39m Inserting Document containing fields: [index, message, timestamp, level, _class] in collection: logs
Appended: Stress Log #32
&amp#27;[2m2025-04-11T23:33:57.296+05:30&amp#27;[0;39m &amp#27;[32mDEBUG&amp#27;[0;39m &amp#27;[35m48496&amp#27;[0;39m &amp#27;[2m---&amp#27;[0;39m &amp#27;[2m[           main]&amp#27;[0;39m &amp#27;[2m&amp#27;[0;39m&amp#27;[36mo.s.data.mongodb.core.MongoTemplate     &amp#27;[0;39m &amp#27;[2m:&amp#27;[0;39m Inserting Document containing fields: [index, message, timestamp, level, _class] in collection: logs
Appended: Stress Log #33
&amp#27;[2m2025-04-11T23:33:57.360+05:30&amp#27;[0;39m &amp#27;[32mDEBUG&amp#27;[0;39m &amp#27;[35m48496&amp#27;[0;39m &amp#27;[2m---&amp#27;[0;39m &amp#27;[2m[           main]&amp#27;[0;39m &amp#27;[2m&amp#27;[0;39m&amp#27;[36mo.s.data.mongodb.core.MongoTemplate     &amp#27;[0;39m &amp#27;[2m:&amp#27;[0;39m Inserting Document containing fields: [index, message, timestamp, level, _class] in collection: logs
Appended: Stress Log #34
&amp#27;[2m2025-04-11T23:33:57.424+05:30&amp#27;[0;39m &amp#27;[32mDEBUG&amp#27;[0;39m &amp#27;[35m48496&amp#27;[0;39m &amp#27;[2m---&amp#27;[0;39m &amp#27;[2m[           main]&amp#27;[0;39m &amp#27;[2m&amp#27;[0;39m&amp#27;[36mo.s.data.mongodb.core.MongoTemplate     &amp#27;[0;39m &amp#27;[2m:&amp#27;[0;39m Inserting Document containing fields: [index, message, timestamp, level, _class] in collection: logs
Appended: Stress Log #35
&amp#27;[2m2025-04-11T23:33:57.488+05:30&amp#27;[0;39m &amp#27;[32mDEBUG&amp#27;[0;39m &amp#27;[35m48496&amp#27;[0;39m &amp#27;[2m---&amp#27;[0;39m &amp#27;[2m[           main]&amp#27;[0;39m &amp#27;[2m&amp#27;[0;39m&amp#27;[36mo.s.data.mongodb.core.MongoTemplate     &amp#27;[0;39m &amp#27;[2m:&amp#27;[0;39m Inserting Document containing fields: [index, message, timestamp, level, _class] in collection: logs
Appended: Stress Log #36
&amp#27;[2m2025-04-11T23:33:57.554+05:30&amp#27;[0;39m &amp#27;[32mDEBUG&amp#27;[0;39m &amp#27;[35m48496&amp#27;[0;39m &amp#27;[2m---&amp#27;[0;39m &amp#27;[2m[           main]&amp#27;[0;39m &amp#27;[2m&amp#27;[0;39m&amp#27;[36mo.s.data.mongodb.core.MongoTemplate     &amp#27;[0;39m &amp#27;[2m:&amp#27;[0;39m Inserting Document containing fields: [index, message, timestamp, level, _class] in collection: logs
Appended: Stress Log #37
&amp#27;[2m2025-04-11T23:33:57.619+05:30&amp#27;[0;39m &amp#27;[32mDEBUG&amp#27;[0;39m &amp#27;[35m48496&amp#27;[0;39m &amp#27;[2m---&amp#27;[0;39m &amp#27;[2m[           main]&amp#27;[0;39m &amp#27;[2m&amp#27;[0;39m&amp#27;[36mo.s.data.mongodb.core.MongoTemplate     &amp#27;[0;39m &amp#27;[2m:&amp#27;[0;39m Inserting Document containing fields: [index, message, timestamp, level, _class] in collection: logs
Appended: Stress Log #38
&amp#27;[2m2025-04-11T23:33:57.684+05:30&amp#27;[0;39m &amp#27;[32mDEBUG&amp#27;[0;39m &amp#27;[35m48496&amp#27;[0;39m &amp#27;[2m---&amp#27;[0;39m &amp#27;[2m[           main]&amp#27;[0;39m &amp#27;[2m&amp#27;[0;39m&amp#27;[36mo.s.data.mongodb.core.MongoTemplate     &amp#27;[0;39m &amp#27;[2m:&amp#27;[0;39m Inserting Document containing fields: [index, message, timestamp, level, _class] in collection: logs
Appended: Stress Log #39
&amp#27;[2m2025-04-11T23:33:57.744+05:30&amp#27;[0;39m &amp#27;[32mDEBUG&amp#27;[0;39m &amp#27;[35m48496&amp#27;[0;39m &amp#27;[2m---&amp#27;[0;39m &amp#27;[2m[           main]&amp#27;[0;39m &amp#27;[2m&amp#27;[0;39m&amp#27;[36mo.s.data.mongodb.core.MongoTemplate     &amp#27;[0;39m &amp#27;[2m:&amp#27;[0;39m Inserting Document containing fields: [index, message, timestamp, level, _class] in collection: logs
Appended: Stress Log #40
&amp#27;[2m2025-04-11T23:33:57.812+05:30&amp#27;[0;39m &amp#27;[32mDEBUG&amp#27;[0;39m &amp#27;[35m48496&amp#27;[0;39m &amp#27;[2m---&amp#27;[0;39m &amp#27;[2m[           main]&amp#27;[0;39m &amp#27;[2m&amp#27;[0;39m&amp#27;[36mo.s.data.mongodb.core.MongoTemplate     &amp#27;[0;39m &amp#27;[2m:&amp#27;[0;39m Inserting Document containing fields: [index, message, timestamp, level, _class] in collection: logs
Appended: Stress Log #41
&amp#27;[2m2025-04-11T23:33:57.879+05:30&amp#27;[0;39m &amp#27;[32mDEBUG&amp#27;[0;39m &amp#27;[35m48496&amp#27;[0;39m &amp#27;[2m---&amp#27;[0;39m &amp#27;[2m[           main]&amp#27;[0;39m &amp#27;[2m&amp#27;[0;39m&amp#27;[36mo.s.data.mongodb.core.MongoTemplate     &amp#27;[0;39m &amp#27;[2m:&amp#27;[0;39m Inserting Document containing fields: [index, message, timestamp, level, _class] in collection: logs
Appended: Stress Log #42
&amp#27;[2m2025-04-11T23:33:57.945+05:30&amp#27;[0;39m &amp#27;[32mDEBUG&amp#27;[0;39m &amp#27;[35m48496&amp#27;[0;39m &amp#27;[2m---&amp#27;[0;39m &amp#27;[2m[           main]&amp#27;[0;39m &amp#27;[2m&amp#27;[0;39m&amp#27;[36mo.s.data.mongodb.core.MongoTemplate     &amp#27;[0;39m &amp#27;[2m:&amp#27;[0;39m Inserting Document containing fields: [index, message, timestamp, level, _class] in collection: logs
Appended: Stress Log #43
&amp#27;[2m2025-04-11T23:33:58.012+05:30&amp#27;[0;39m &amp#27;[32mDEBUG&amp#27;[0;39m &amp#27;[35m48496&amp#27;[0;39m &amp#27;[2m---&amp#27;[0;39m &amp#27;[2m[           main]&amp#27;[0;39m &amp#27;[2m&amp#27;[0;39m&amp#27;[36mo.s.data.mongodb.core.MongoTemplate     &amp#27;[0;39m &amp#27;[2m:&amp#27;[0;39m Inserting Document containing fields: [index, message, timestamp, level, _class] in collection: logs
Appended: Stress Log #44
&amp#27;[2m2025-04-11T23:33:58.077+05:30&amp#27;[0;39m &amp#27;[32mDEBUG&amp#27;[0;39m &amp#27;[35m48496&amp#27;[0;39m &amp#27;[2m---&amp#27;[0;39m &amp#27;[2m[           main]&amp#27;[0;39m &amp#27;[2m&amp#27;[0;39m&amp#27;[36mo.s.data.mongodb.core.MongoTemplate     &amp#27;[0;39m &amp#27;[2m:&amp#27;[0;39m Inserting Document containing fields: [index, message, timestamp, level, _class] in collection: logs
Appended: Stress Log #45
&amp#27;[2m2025-04-11T23:33:58.142+05:30&amp#27;[0;39m &amp#27;[32mDEBUG&amp#27;[0;39m &amp#27;[35m48496&amp#27;[0;39m &amp#27;[2m---&amp#27;[0;39m &amp#27;[2m[           main]&amp#27;[0;39m &amp#27;[2m&amp#27;[0;39m&amp#27;[36mo.s.data.mongodb.core.MongoTemplate     &amp#27;[0;39m &amp#27;[2m:&amp#27;[0;39m Inserting Document containing fields: [index, message, timestamp, level, _class] in collection: logs
Appended: Stress Log #46
&amp#27;[2m2025-04-11T23:33:58.209+05:30&amp#27;[0;39m &amp#27;[32mDEBUG&amp#27;[0;39m &amp#27;[35m48496&amp#27;[0;39m &amp#27;[2m---&amp#27;[0;39m &amp#27;[2m[           main]&amp#27;[0;39m &amp#27;[2m&amp#27;[0;39m&amp#27;[36mo.s.data.mongodb.core.MongoTemplate     &amp#27;[0;39m &amp#27;[2m:&amp#27;[0;39m Inserting Document containing fields: [index, message, timestamp, level, _class] in collection: logs
Appended: Stress Log #47
&amp#27;[2m2025-04-11T23:33:58.275+05:30&amp#27;[0;39m &amp#27;[32mDEBUG&amp#27;[0;39m &amp#27;[35m48496&amp#27;[0;39m &amp#27;[2m---&amp#27;[0;39m &amp#27;[2m[           main]&amp#27;[0;39m &amp#27;[2m&amp#27;[0;39m&amp#27;[36mo.s.data.mongodb.core.MongoTemplate     &amp#27;[0;39m &amp#27;[2m:&amp#27;[0;39m Inserting Document containing fields: [index, message, timestamp, level, _class] in collection: logs
Appended: Stress Log #48
&amp#27;[2m2025-04-11T23:33:58.350+05:30&amp#27;[0;39m &amp#27;[32mDEBUG&amp#27;[0;39m &amp#27;[35m48496&amp#27;[0;39m &amp#27;[2m---&amp#27;[0;39m &amp#27;[2m[           main]&amp#27;[0;39m &amp#27;[2m&amp#27;[0;39m&amp#27;[36mo.s.data.mongodb.core.MongoTemplate     &amp#27;[0;39m &amp#27;[2m:&amp#27;[0;39m Inserting Document containing fields: [index, message, timestamp, level, _class] in collection: logs
Appended: Stress Log #49
&amp#27;[2m2025-04-11T23:33:58.417+05:30&amp#27;[0;39m &amp#27;[32mDEBUG&amp#27;[0;39m &amp#27;[35m48496&amp#27;[0;39m &amp#27;[2m---&amp#27;[0;39m &amp#27;[2m[           main]&amp#27;[0;39m &amp#27;[2m&amp#27;[0;39m&amp#27;[36mo.s.data.mongodb.core.MongoTemplate     &amp#27;[0;39m &amp#27;[2m:&amp#27;[0;39m Inserting Document containing fields: [index, message, timestamp, level, _class] in collection: logs
Appended: Stress Log #50
&amp#27;[2m2025-04-11T23:33:58.487+05:30&amp#27;[0;39m &amp#27;[32mDEBUG&amp#27;[0;39m &amp#27;[35m48496&amp#27;[0;39m &amp#27;[2m---&amp#27;[0;39m &amp#27;[2m[           main]&amp#27;[0;39m &amp#27;[2m&amp#27;[0;39m&amp#27;[36mo.s.data.mongodb.core.MongoTemplate     &amp#27;[0;39m &amp#27;[2m:&amp#27;[0;39m Inserting Document containing fields: [index, message, timestamp, level, _class] in collection: logs
Appended: Stress Log #51
&amp#27;[2m2025-04-11T23:33:58.554+05:30&amp#27;[0;39m &amp#27;[32mDEBUG&amp#27;[0;39m &amp#27;[35m48496&amp#27;[0;39m &amp#27;[2m---&amp#27;[0;39m &amp#27;[2m[           main]&amp#27;[0;39m &amp#27;[2m&amp#27;[0;39m&amp#27;[36mo.s.data.mongodb.core.MongoTemplate     &amp#27;[0;39m &amp#27;[2m:&amp#27;[0;39m Inserting Document containing fields: [index, message, timestamp, level, _class] in collection: logs
Appended: Stress Log #52
&amp#27;[2m2025-04-11T23:33:58.623+05:30&amp#27;[0;39m &amp#27;[32mDEBUG&amp#27;[0;39m &amp#27;[35m48496&amp#27;[0;39m &amp#27;[2m---&amp#27;[0;39m &amp#27;[2m[           main]&amp#27;[0;39m &amp#27;[2m&amp#27;[0;39m&amp#27;[36mo.s.data.mongodb.core.MongoTemplate     &amp#27;[0;39m &amp#27;[2m:&amp#27;[0;39m Inserting Document containing fields: [index, message, timestamp, level, _class] in collection: logs
Appended: Stress Log #53
&amp#27;[2m2025-04-11T23:33:58.702+05:30&amp#27;[0;39m &amp#27;[32mDEBUG&amp#27;[0;39m &amp#27;[35m48496&amp#27;[0;39m &amp#27;[2m---&amp#27;[0;39m &amp#27;[2m[           main]&amp#27;[0;39m &amp#27;[2m&amp#27;[0;39m&amp#27;[36mo.s.data.mongodb.core.MongoTemplate     &amp#27;[0;39m &amp#27;[2m:&amp#27;[0;39m Inserting Document containing fields: [index, message, timestamp, level, _class] in collection: logs
Appended: Stress Log #54
&amp#27;[2m2025-04-11T23:33:58.797+05:30&amp#27;[0;39m &amp#27;[32mDEBUG&amp#27;[0;39m &amp#27;[35m48496&amp#27;[0;39m &amp#27;[2m---&amp#27;[0;39m &amp#27;[2m[           main]&amp#27;[0;39m &amp#27;[2m&amp#27;[0;39m&amp#27;[36mo.s.data.mongodb.core.MongoTemplate     &amp#27;[0;39m &amp#27;[2m:&amp#27;[0;39m Inserting Document containing fields: [index, message, timestamp, level, _class] in collection: logs
Appended: Stress Log #55
&amp#27;[2m2025-04-11T23:33:58.877+05:30&amp#27;[0;39m &amp#27;[32mDEBUG&amp#27;[0;39m &amp#27;[35m48496&amp#27;[0;39m &amp#27;[2m---&amp#27;[0;39m &amp#27;[2m[           main]&amp#27;[0;39m &amp#27;[2m&amp#27;[0;39m&amp#27;[36mo.s.data.mongodb.core.MongoTemplate     &amp#27;[0;39m &amp#27;[2m:&amp#27;[0;39m Inserting Document containing fields: [index, message, timestamp, level, _class] in collection: logs
Appended: Stress Log #56
&amp#27;[2m2025-04-11T23:33:58.950+05:30&amp#27;[0;39m &amp#27;[32mDEBUG&amp#27;[0;39m &amp#27;[35m48496&amp#27;[0;39m &amp#27;[2m---&amp#27;[0;39m &amp#27;[2m[           main]&amp#27;[0;39m &amp#27;[2m&amp#27;[0;39m&amp#27;[36mo.s.data.mongodb.core.MongoTemplate     &amp#27;[0;39m &amp#27;[2m:&amp#27;[0;39m Inserting Document containing fields: [index, message, timestamp, level, _class] in collection: logs
Appended: Stress Log #57
&amp#27;[2m2025-04-11T23:33:59.025+05:30&amp#27;[0;39m &amp#27;[32mDEBUG&amp#27;[0;39m &amp#27;[35m48496&amp#27;[0;39m &amp#27;[2m---&amp#27;[0;39m &amp#27;[2m[           main]&amp#27;[0;39m &amp#27;[2m&amp#27;[0;39m&amp#27;[36mo.s.data.mongodb.core.MongoTemplate     &amp#27;[0;39m &amp#27;[2m:&amp#27;[0;39m Inserting Document containing fields: [index, message, timestamp, level, _class] in collection: logs
Appended: Stress Log #58
&amp#27;[2m2025-04-11T23:33:59.092+05:30&amp#27;[0;39m &amp#27;[32mDEBUG&amp#27;[0;39m &amp#27;[35m48496&amp#27;[0;39m &amp#27;[2m---&amp#27;[0;39m &amp#27;[2m[           main]&amp#27;[0;39m &amp#27;[2m&amp#27;[0;39m&amp#27;[36mo.s.data.mongodb.core.MongoTemplate     &amp#27;[0;39m &amp#27;[2m:&amp#27;[0;39m Inserting Document containing fields: [index, message, timestamp, level, _class] in collection: logs
Appended: Stress Log #59
&amp#27;[2m2025-04-11T23:33:59.158+05:30&amp#27;[0;39m &amp#27;[32mDEBUG&amp#27;[0;39m &amp#27;[35m48496&amp#27;[0;39m &amp#27;[2m---&amp#27;[0;39m &amp#27;[2m[           main]&amp#27;[0;39m &amp#27;[2m&amp#27;[0;39m&amp#27;[36mo.s.data.mongodb.core.MongoTemplate     &amp#27;[0;39m &amp#27;[2m:&amp#27;[0;39m Inserting Document containing fields: [index, message, timestamp, level, _class] in collection: logs
Appended: Stress Log #60
&amp#27;[2m2025-04-11T23:33:59.222+05:30&amp#27;[0;39m &amp#27;[32mDEBUG&amp#27;[0;39m &amp#27;[35m48496&amp#27;[0;39m &amp#27;[2m---&amp#27;[0;39m &amp#27;[2m[           main]&amp#27;[0;39m &amp#27;[2m&amp#27;[0;39m&amp#27;[36mo.s.data.mongodb.core.MongoTemplate     &amp#27;[0;39m &amp#27;[2m:&amp#27;[0;39m Inserting Document containing fields: [index, message, timestamp, level, _class] in collection: logs
Appended: Stress Log #61
&amp#27;[2m2025-04-11T23:33:59.289+05:30&amp#27;[0;39m &amp#27;[32mDEBUG&amp#27;[0;39m &amp#27;[35m48496&amp#27;[0;39m &amp#27;[2m---&amp#27;[0;39m &amp#27;[2m[           main]&amp#27;[0;39m &amp#27;[2m&amp#27;[0;39m&amp#27;[36mo.s.data.mongodb.core.MongoTemplate     &amp#27;[0;39m &amp#27;[2m:&amp#27;[0;39m Inserting Document containing fields: [index, message, timestamp, level, _class] in collection: logs
Appended: Stress Log #62
&amp#27;[2m2025-04-11T23:33:59.355+05:30&amp#27;[0;39m &amp#27;[32mDEBUG&amp#27;[0;39m &amp#27;[35m48496&amp#27;[0;39m &amp#27;[2m---&amp#27;[0;39m &amp#27;[2m[           main]&amp#27;[0;39m &amp#27;[2m&amp#27;[0;39m&amp#27;[36mo.s.data.mongodb.core.MongoTemplate     &amp#27;[0;39m &amp#27;[2m:&amp#27;[0;39m Inserting Document containing fields: [index, message, timestamp, level, _class] in collection: logs
Appended: Stress Log #63
&amp#27;[2m2025-04-11T23:33:59.424+05:30&amp#27;[0;39m &amp#27;[32mDEBUG&amp#27;[0;39m &amp#27;[35m48496&amp#27;[0;39m &amp#27;[2m---&amp#27;[0;39m &amp#27;[2m[           main]&amp#27;[0;39m &amp#27;[2m&amp#27;[0;39m&amp#27;[36mo.s.data.mongodb.core.MongoTemplate     &amp#27;[0;39m &amp#27;[2m:&amp#27;[0;39m Inserting Document containing fields: [index, message, timestamp, level, _class] in collection: logs
Appended: Stress Log #64
&amp#27;[2m2025-04-11T23:33:59.494+05:30&amp#27;[0;39m &amp#27;[32mDEBUG&amp#27;[0;39m &amp#27;[35m48496&amp#27;[0;39m &amp#27;[2m---&amp#27;[0;39m &amp#27;[2m[           main]&amp#27;[0;39m &amp#27;[2m&amp#27;[0;39m&amp#27;[36mo.s.data.mongodb.core.MongoTemplate     &amp#27;[0;39m &amp#27;[2m:&amp#27;[0;39m Inserting Document containing fields: [index, message, timestamp, level, _class] in collection: logs
Appended: Stress Log #65
&amp#27;[2m2025-04-11T23:33:59.561+05:30&amp#27;[0;39m &amp#27;[32mDEBUG&amp#27;[0;39m &amp#27;[35m48496&amp#27;[0;39m &amp#27;[2m---&amp#27;[0;39m &amp#27;[2m[           main]&amp#27;[0;39m &amp#27;[2m&amp#27;[0;39m&amp#27;[36mo.s.data.mongodb.core.MongoTemplate     &amp#27;[0;39m &amp#27;[2m:&amp#27;[0;39m Inserting Document containing fields: [index, message, timestamp, level, _class] in collection: logs
Appended: Stress Log #66
&amp#27;[2m2025-04-11T23:33:59.631+05:30&amp#27;[0;39m &amp#27;[32mDEBUG&amp#27;[0;39m &amp#27;[35m48496&amp#27;[0;39m &amp#27;[2m---&amp#27;[0;39m &amp#27;[2m[           main]&amp#27;[0;39m &amp#27;[2m&amp#27;[0;39m&amp#27;[36mo.s.data.mongodb.core.MongoTemplate     &amp#27;[0;39m &amp#27;[2m:&amp#27;[0;39m Inserting Document containing fields: [index, message, timestamp, level, _class] in collection: logs
Appended: Stress Log #67
&amp#27;[2m2025-04-11T23:33:59.699+05:30&amp#27;[0;39m &amp#27;[32mDEBUG&amp#27;[0;39m &amp#27;[35m48496&amp#27;[0;39m &amp#27;[2m---&amp#27;[0;39m &amp#27;[2m[           main]&amp#27;[0;39m &amp#27;[2m&amp#27;[0;39m&amp#27;[36mo.s.data.mongodb.core.MongoTemplate     &amp#27;[0;39m &amp#27;[2m:&amp#27;[0;39m Inserting Document containing fields: [index, message, timestamp, level, _class] in collection: logs
Appended: Stress Log #68
&amp#27;[2m2025-04-11T23:33:59.770+05:30&amp#27;[0;39m &amp#27;[32mDEBUG&amp#27;[0;39m &amp#27;[35m48496&amp#27;[0;39m &amp#27;[2m---&amp#27;[0;39m &amp#27;[2m[           main]&amp#27;[0;39m &amp#27;[2m&amp#27;[0;39m&amp#27;[36mo.s.data.mongodb.core.MongoTemplate     &amp#27;[0;39m &amp#27;[2m:&amp#27;[0;39m Inserting Document containing fields: [index, message, timestamp, level, _class] in collection: logs
Appended: Stress Log #69
&amp#27;[2m2025-04-11T23:33:59.837+05:30&amp#27;[0;39m &amp#27;[32mDEBUG&amp#27;[0;39m &amp#27;[35m48496&amp#27;[0;39m &amp#27;[2m---&amp#27;[0;39m &amp#27;[2m[           main]&amp#27;[0;39m &amp#27;[2m&amp#27;[0;39m&amp#27;[36mo.s.data.mongodb.core.MongoTemplate     &amp#27;[0;39m &amp#27;[2m:&amp#27;[0;39m Inserting Document containing fields: [index, message, timestamp, level, _class] in collection: logs
Appended: Stress Log #70
&amp#27;[2m2025-04-11T23:33:59.903+05:30&amp#27;[0;39m &amp#27;[32mDEBUG&amp#27;[0;39m &amp#27;[35m48496&amp#27;[0;39m &amp#27;[2m---&amp#27;[0;39m &amp#27;[2m[           main]&amp#27;[0;39m &amp#27;[2m&amp#27;[0;39m&amp#27;[36mo.s.data.mongodb.core.MongoTemplate     &amp#27;[0;39m &amp#27;[2m:&amp#27;[0;39m Inserting Document containing fields: [index, message, timestamp, level, _class] in collection: logs
Appended: Stress Log #71
&amp#27;[2m2025-04-11T23:33:59.968+05:30&amp#27;[0;39m &amp#27;[32mDEBUG&amp#27;[0;39m &amp#27;[35m48496&amp#27;[0;39m &amp#27;[2m---&amp#27;[0;39m &amp#27;[2m[           main]&amp#27;[0;39m &amp#27;[2m&amp#27;[0;39m&amp#27;[36mo.s.data.mongodb.core.MongoTemplate     &amp#27;[0;39m &amp#27;[2m:&amp#27;[0;39m Inserting Document containing fields: [index, message, timestamp, level, _class] in collection: logs
Appended: Stress Log #72
&amp#27;[2m2025-04-11T23:34:00.036+05:30&amp#27;[0;39m &amp#27;[32mDEBUG&amp#27;[0;39m &amp#27;[35m48496&amp#27;[0;39m &amp#27;[2m---&amp#27;[0;39m &amp#27;[2m[           main]&amp#27;[0;39m &amp#27;[2m&amp#27;[0;39m&amp#27;[36mo.s.data.mongodb.core.MongoTemplate     &amp#27;[0;39m &amp#27;[2m:&amp#27;[0;39m Inserting Document containing fields: [index, message, timestamp, level, _class] in collection: logs
Appended: Stress Log #73
&amp#27;[2m2025-04-11T23:34:00.100+05:30&amp#27;[0;39m &amp#27;[32mDEBUG&amp#27;[0;39m &amp#27;[35m48496&amp#27;[0;39m &amp#27;[2m---&amp#27;[0;39m &amp#27;[2m[           main]&amp#27;[0;39m &amp#27;[2m&amp#27;[0;39m&amp#27;[36mo.s.data.mongodb.core.MongoTemplate     &amp#27;[0;39m &amp#27;[2m:&amp#27;[0;39m Inserting Document containing fields: [index, message, timestamp, level, _class] in collection: logs
Appended: Stress Log #74
&amp#27;[2m2025-04-11T23:34:00.175+05:30&amp#27;[0;39m &amp#27;[32mDEBUG&amp#27;[0;39m &amp#27;[35m48496&amp#27;[0;39m &amp#27;[2m---&amp#27;[0;39m &amp#27;[2m[           main]&amp#27;[0;39m &amp#27;[2m&amp#27;[0;39m&amp#27;[36mo.s.data.mongodb.core.MongoTemplate     &amp#27;[0;39m &amp#27;[2m:&amp#27;[0;39m Inserting Document containing fields: [index, message, timestamp, level, _class] in collection: logs
Appended: Stress Log #75
&amp#27;[2m2025-04-11T23:34:00.241+05:30&amp#27;[0;39m &amp#27;[32mDEBUG&amp#27;[0;39m &amp#27;[35m48496&amp#27;[0;39m &amp#27;[2m---&amp#27;[0;39m &amp#27;[2m[           main]&amp#27;[0;39m &amp#27;[2m&amp#27;[0;39m&amp#27;[36mo.s.data.mongodb.core.MongoTemplate     &amp#27;[0;39m &amp#27;[2m:&amp#27;[0;39m Inserting Document containing fields: [index, message, timestamp, level, _class] in collection: logs
Appended: Stress Log #76
&amp#27;[2m2025-04-11T23:34:00.304+05:30&amp#27;[0;39m &amp#27;[32mDEBUG&amp#27;[0;39m &amp#27;[35m48496&amp#27;[0;39m &amp#27;[2m---&amp#27;[0;39m &amp#27;[2m[           main]&amp#27;[0;39m &amp#27;[2m&amp#27;[0;39m&amp#27;[36mo.s.data.mongodb.core.MongoTemplate     &amp#27;[0;39m &amp#27;[2m:&amp#27;[0;39m Inserting Document containing fields: [index, message, timestamp, level, _class] in collection: logs
Appended: Stress Log #77
&amp#27;[2m2025-04-11T23:34:00.371+05:30&amp#27;[0;39m &amp#27;[32mDEBUG&amp#27;[0;39m &amp#27;[35m48496&amp#27;[0;39m &amp#27;[2m---&amp#27;[0;39m &amp#27;[2m[           main]&amp#27;[0;39m &amp#27;[2m&amp#27;[0;39m&amp#27;[36mo.s.data.mongodb.core.MongoTemplate     &amp#27;[0;39m &amp#27;[2m:&amp#27;[0;39m Inserting Document containing fields: [index, message, timestamp, level, _class] in collection: logs
Appended: Stress Log #78
&amp#27;[2m2025-04-11T23:34:00.437+05:30&amp#27;[0;39m &amp#27;[32mDEBUG&amp#27;[0;39m &amp#27;[35m48496&amp#27;[0;39m &amp#27;[2m---&amp#27;[0;39m &amp#27;[2m[           main]&amp#27;[0;39m &amp#27;[2m&amp#27;[0;39m&amp#27;[36mo.s.data.mongodb.core.MongoTemplate     &amp#27;[0;39m &amp#27;[2m:&amp#27;[0;39m Inserting Document containing fields: [index, message, timestamp, level, _class] in collection: logs
Appended: Stress Log #79
&amp#27;[2m2025-04-11T23:34:00.498+05:30&amp#27;[0;39m &amp#27;[32mDEBUG&amp#27;[0;39m &amp#27;[35m48496&amp#27;[0;39m &amp#27;[2m---&amp#27;[0;39m &amp#27;[2m[           main]&amp#27;[0;39m &amp#27;[2m&amp#27;[0;39m&amp#27;[36mo.s.data.mongodb.core.MongoTemplate     &amp#27;[0;39m &amp#27;[2m:&amp#27;[0;39m Inserting Document containing fields: [index, message, timestamp, level, _class] in collection: logs
Appended: Stress Log #80
&amp#27;[2m2025-04-11T23:34:00.565+05:30&amp#27;[0;39m &amp#27;[32mDEBUG&amp#27;[0;39m &amp#27;[35m48496&amp#27;[0;39m &amp#27;[2m---&amp#27;[0;39m &amp#27;[2m[           main]&amp#27;[0;39m &amp#27;[2m&amp#27;[0;39m&amp#27;[36mo.s.data.mongodb.core.MongoTemplate     &amp#27;[0;39m &amp#27;[2m:&amp#27;[0;39m Inserting Document containing fields: [index, message, timestamp, level, _class] in collection: logs
Appended: Stress Log #81
&amp#27;[2m2025-04-11T23:34:00.631+05:30&amp#27;[0;39m &amp#27;[32mDEBUG&amp#27;[0;39m &amp#27;[35m48496&amp#27;[0;39m &amp#27;[2m---&amp#27;[0;39m &amp#27;[2m[           main]&amp#27;[0;39m &amp#27;[2m&amp#27;[0;39m&amp#27;[36mo.s.data.mongodb.core.MongoTemplate     &amp#27;[0;39m &amp#27;[2m:&amp#27;[0;39m Inserting Document containing fields: [index, message, timestamp, level, _class] in collection: logs
Appended: Stress Log #82
&amp#27;[2m2025-04-11T23:34:00.699+05:30&amp#27;[0;39m &amp#27;[32mDEBUG&amp#27;[0;39m &amp#27;[35m48496&amp#27;[0;39m &amp#27;[2m---&amp#27;[0;39m &amp#27;[2m[           main]&amp#27;[0;39m &amp#27;[2m&amp#27;[0;39m&amp#27;[36mo.s.data.mongodb.core.MongoTemplate     &amp#27;[0;39m &amp#27;[2m:&amp#27;[0;39m Inserting Document containing fields: [index, message, timestamp, level, _class] in collection: logs
Appended: Stress Log #83
&amp#27;[2m2025-04-11T23:34:00.764+05:30&amp#27;[0;39m &amp#27;[32mDEBUG&amp#27;[0;39m &amp#27;[35m48496&amp#27;[0;39m &amp#27;[2m---&amp#27;[0;39m &amp#27;[2m[           main]&amp#27;[0;39m &amp#27;[2m&amp#27;[0;39m&amp#27;[36mo.s.data.mongodb.core.MongoTemplate     &amp#27;[0;39m &amp#27;[2m:&amp#27;[0;39m Inserting Document containing fields: [index, message, timestamp, level, _class] in collection: logs
Appended: Stress Log #84
&amp#27;[2m2025-04-11T23:34:00.837+05:30&amp#27;[0;39m &amp#27;[32mDEBUG&amp#27;[0;39m &amp#27;[35m48496&amp#27;[0;39m &amp#27;[2m---&amp#27;[0;39m &amp#27;[2m[           main]&amp#27;[0;39m &amp#27;[2m&amp#27;[0;39m&amp#27;[36mo.s.data.mongodb.core.MongoTemplate     &amp#27;[0;39m &amp#27;[2m:&amp#27;[0;39m Inserting Document containing fields: [index, message, timestamp, level, _class] in collection: logs
Appended: Stress Log #85
&amp#27;[2m2025-04-11T23:34:00.900+05:30&amp#27;[0;39m &amp#27;[32mDEBUG&amp#27;[0;39m &amp#27;[35m48496&amp#27;[0;39m &amp#27;[2m---&amp#27;[0;39m &amp#27;[2m[           main]&amp#27;[0;39m &amp#27;[2m&amp#27;[0;39m&amp#27;[36mo.s.data.mongodb.core.MongoTemplate     &amp#27;[0;39m &amp#27;[2m:&amp#27;[0;39m Inserting Document containing fields: [index, message, timestamp, level, _class] in collection: logs
Appended: Stress Log #86
&amp#27;[2m2025-04-11T23:34:00.968+05:30&amp#27;[0;39m &amp#27;[32mDEBUG&amp#27;[0;39m &amp#27;[35m48496&amp#27;[0;39m &amp#27;[2m---&amp#27;[0;39m &amp#27;[2m[           main]&amp#27;[0;39m &amp#27;[2m&amp#27;[0;39m&amp#27;[36mo.s.data.mongodb.core.MongoTemplate     &amp#27;[0;39m &amp#27;[2m:&amp#27;[0;39m Inserting Document containing fields: [index, message, timestamp, level, _class] in collection: logs
Appended: Stress Log #87
&amp#27;[2m2025-04-11T23:34:01.029+05:30&amp#27;[0;39m &amp#27;[32mDEBUG&amp#27;[0;39m &amp#27;[35m48496&amp#27;[0;39m &amp#27;[2m---&amp#27;[0;39m &amp#27;[2m[           main]&amp#27;[0;39m &amp#27;[2m&amp#27;[0;39m&amp#27;[36mo.s.data.mongodb.core.MongoTemplate     &amp#27;[0;39m &amp#27;[2m:&amp#27;[0;39m Inserting Document containing fields: [index, message, timestamp, level, _class] in collection: logs
Appended: Stress Log #88
&amp#27;[2m2025-04-11T23:34:01.093+05:30&amp#27;[0;39m &amp#27;[32mDEBUG&amp#27;[0;39m &amp#27;[35m48496&amp#27;[0;39m &amp#27;[2m---&amp#27;[0;39m &amp#27;[2m[           main]&amp#27;[0;39m &amp#27;[2m&amp#27;[0;39m&amp#27;[36mo.s.data.mongodb.core.MongoTemplate     &amp#27;[0;39m &amp#27;[2m:&amp#27;[0;39m Inserting Document containing fields: [index, message, timestamp, level, _class] in collection: logs
Appended: Stress Log #89
&amp#27;[2m2025-04-11T23:34:01.159+05:30&amp#27;[0;39m &amp#27;[32mDEBUG&amp#27;[0;39m &amp#27;[35m48496&amp#27;[0;39m &amp#27;[2m---&amp#27;[0;39m &amp#27;[2m[           main]&amp#27;[0;39m &amp#27;[2m&amp#27;[0;39m&amp#27;[36mo.s.data.mongodb.core.MongoTemplate     &amp#27;[0;39m &amp#27;[2m:&amp#27;[0;39m Inserting Document containing fields: [index, message, timestamp, level, _class] in collection: logs
Appended: Stress Log #90
&amp#27;[2m2025-04-11T23:34:01.220+05:30&amp#27;[0;39m &amp#27;[32mDEBUG&amp#27;[0;39m &amp#27;[35m48496&amp#27;[0;39m &amp#27;[2m---&amp#27;[0;39m &amp#27;[2m[           main]&amp#27;[0;39m &amp#27;[2m&amp#27;[0;39m&amp#27;[36mo.s.data.mongodb.core.MongoTemplate     &amp#27;[0;39m &amp#27;[2m:&amp#27;[0;39m Inserting Document containing fields: [index, message, timestamp, level, _class] in collection: logs
Appended: Stress Log #91
&amp#27;[2m2025-04-11T23:34:01.287+05:30&amp#27;[0;39m &amp#27;[32mDEBUG&amp#27;[0;39m &amp#27;[35m48496&amp#27;[0;39m &amp#27;[2m---&amp#27;[0;39m &amp#27;[2m[           main]&amp#27;[0;39m &amp#27;[2m&amp#27;[0;39m&amp#27;[36mo.s.data.mongodb.core.MongoTemplate     &amp#27;[0;39m &amp#27;[2m:&amp#27;[0;39m Inserting Document containing fields: [index, message, timestamp, level, _class] in collection: logs
Appended: Stress Log #92
&amp#27;[2m2025-04-11T23:34:01.354+05:30&amp#27;[0;39m &amp#27;[32mDEBUG&amp#27;[0;39m &amp#27;[35m48496&amp#27;[0;39m &amp#27;[2m---&amp#27;[0;39m &amp#27;[2m[           main]&amp#27;[0;39m &amp#27;[2m&amp#27;[0;39m&amp#27;[36mo.s.data.mongodb.core.MongoTemplate     &amp#27;[0;39m &amp#27;[2m:&amp#27;[0;39m Inserting Document containing fields: [index, message, timestamp, level, _class] in collection: logs
Appended: Stress Log #93
&amp#27;[2m2025-04-11T23:34:01.422+05:30&amp#27;[0;39m &amp#27;[32mDEBUG&amp#27;[0;39m &amp#27;[35m48496&amp#27;[0;39m &amp#27;[2m---&amp#27;[0;39m &amp#27;[2m[           main]&amp#27;[0;39m &amp#27;[2m&amp#27;[0;39m&amp#27;[36mo.s.data.mongodb.core.MongoTemplate     &amp#27;[0;39m &amp#27;[2m:&amp#27;[0;39m Inserting Document containing fields: [index, message, timestamp, level, _class] in collection: logs
Appended: Stress Log #94
&amp#27;[2m2025-04-11T23:34:01.499+05:30&amp#27;[0;39m &amp#27;[32mDEBUG&amp#27;[0;39m &amp#27;[35m48496&amp#27;[0;39m &amp#27;[2m---&amp#27;[0;39m &amp#27;[2m[           main]&amp#27;[0;39m &amp#27;[2m&amp#27;[0;39m&amp#27;[36mo.s.data.mongodb.core.MongoTemplate     &amp#27;[0;39m &amp#27;[2m:&amp#27;[0;39m Inserting Document containing fields: [index, message, timestamp, level, _class] in collection: logs
Appended: Stress Log #95
&amp#27;[2m2025-04-11T23:34:01.563+05:30&amp#27;[0;39m &amp#27;[32mDEBUG&amp#27;[0;39m &amp#27;[35m48496&amp#27;[0;39m &amp#27;[2m---&amp#27;[0;39m &amp#27;[2m[           main]&amp#27;[0;39m &amp#27;[2m&amp#27;[0;39m&amp#27;[36mo.s.data.mongodb.core.MongoTemplate     &amp#27;[0;39m &amp#27;[2m:&amp#27;[0;39m Inserting Document containing fields: [index, message, timestamp, level, _class] in collection: logs
Appended: Stress Log #96
&amp#27;[2m2025-04-11T23:34:01.628+05:30&amp#27;[0;39m &amp#27;[32mDEBUG&amp#27;[0;39m &amp#27;[35m48496&amp#27;[0;39m &amp#27;[2m---&amp#27;[0;39m &amp#27;[2m[           main]&amp#27;[0;39m &amp#27;[2m&amp#27;[0;39m&amp#27;[36mo.s.data.mongodb.core.MongoTemplate     &amp#27;[0;39m &amp#27;[2m:&amp#27;[0;39m Inserting Document containing fields: [index, message, timestamp, level, _class] in collection: logs
Appended: Stress Log #97
&amp#27;[2m2025-04-11T23:34:01.694+05:30&amp#27;[0;39m &amp#27;[32mDEBUG&amp#27;[0;39m &amp#27;[35m48496&amp#27;[0;39m &amp#27;[2m---&amp#27;[0;39m &amp#27;[2m[           main]&amp#27;[0;39m &amp#27;[2m&amp#27;[0;39m&amp#27;[36mo.s.data.mongodb.core.MongoTemplate     &amp#27;[0;39m &amp#27;[2m:&amp#27;[0;39m Inserting Document containing fields: [index, message, timestamp, level, _class] in collection: logs
Appended: Stress Log #98
&amp#27;[2m2025-04-11T23:34:01.755+05:30&amp#27;[0;39m &amp#27;[32mDEBUG&amp#27;[0;39m &amp#27;[35m48496&amp#27;[0;39m &amp#27;[2m---&amp#27;[0;39m &amp#27;[2m[           main]&amp#27;[0;39m &amp#27;[2m&amp#27;[0;39m&amp#27;[36mo.s.data.mongodb.core.MongoTemplate     &amp#27;[0;39m &amp#27;[2m:&amp#27;[0;39m Inserting Document containing fields: [index, message, timestamp, level, _class] in collection: logs
Appended: Stress Log #99
&amp#27;[2m2025-04-11T23:34:01.821+05:30&amp#27;[0;39m &amp#27;[32mDEBUG&amp#27;[0;39m &amp#27;[35m48496&amp#27;[0;39m &amp#27;[2m---&amp#27;[0;39m &amp#27;[2m[           main]&amp#27;[0;39m &amp#27;[2m&amp#27;[0;39m&amp#27;[36mo.s.data.mongodb.core.MongoTemplate     &amp#27;[0;39m &amp#27;[2m:&amp#27;[0;39m Inserting Document containing fields: [index, message, timestamp, level, _class] in collection: logs
Appended: Stress Log #100
Raft stress test completed.
]]></system-out>
    <system-err><![CDATA[WARNING: A Java agent has been loaded dynamically (/Users/kanchan/.m2/repository/net/bytebuddy/byte-buddy-agent/1.14.12/byte-buddy-agent-1.14.12.jar)
WARNING: If a serviceability tool is in use, please run with -XX:+EnableDynamicAgentLoading to hide this warning
WARNING: If a serviceability tool is not in use, please run with -Djdk.instrument.traceUsage for more information
WARNING: Dynamic loading of agents will be disallowed by default in a future release
]]></system-err>
  </testcase>
</testsuite>